#
# A fatal error has been detected by the Java Runtime Environment:
#
#  EXCEPTION_ACCESS_VIOLATION (0xc0000005) at pc=0x00007ffe079dd569, pid=10464, tid=4464
#
# JRE version: Java(TM) SE Runtime Environment (12.0.2+10) (build 12.0.2+10)
# Java VM: Java HotSpot(TM) 64-Bit Server VM (12.0.2+10, mixed mode, sharing, tiered, compressed oops, g1 gc, windows-amd64)
# Problematic frame:
# V  [jvm.dll+0x6cd569]
#
# No core dump will be written. Minidumps are not enabled by default on client versions of Windows
#
# If you would like to submit a bug report, please visit:
#   http://bugreport.java.com/bugreport/crash.jsp
#

---------------  S U M M A R Y ------------

Command Line: -Dcom.sun.management.jmxremote -Dcom.sun.management.jmxremote.port=61802 -Dcom.sun.management.jmxremote.authenticate=false -Dcom.sun.management.jmxremote.ssl=false -Djava.rmi.server.hostname=localhost -Dspring.jmx.enabled=true -Dspring.application.admin.enabled=true -Xverify:none -XX:TieredStopAtLevel=1 -Dfile.encoding=UTF-8 com.mauriciopd.cursomc.CursomcApplication --spring.output.ansi.enabled=always

Host: Intel(R) Core(TM) i5-4460  CPU @ 3.20GHz, 4 cores, 7G,  Windows 10 , 64 bit Build 17763 (10.0.17763.475)
Time: Mon Oct  7 10:25:37 2019 Hora oficial do Brasil elapsed time: 0 seconds (0d 0h 0m 0s)

---------------  T H R E A D  ---------------

Current thread (0x00000234225aa800):  WatcherThread [stack: 0x000000c307200000,0x000000c307300000] [id=4464]

Stack: [0x000000c307200000,0x000000c307300000],  sp=0x000000c3072ff7f0,  free space=1021k
Native frames: (J=compiled Java code, j=interpreted, Vv=VM code, C=native code)
V  [jvm.dll+0x6cd569]
V  [jvm.dll+0x71ccdd]
V  [jvm.dll+0x751449]
V  [jvm.dll+0x74a2c8]
V  [jvm.dll+0x639b16]
C  [ucrtbase.dll+0x21ffa]
C  [KERNEL32.DLL+0x17974]
C  [ntdll.dll+0x6a271]


siginfo: EXCEPTION_ACCESS_VIOLATION (0xc0000005), reading address 0x0000000c0000000b


Register to memory mapping:

RIP=0x00007ffe079dd569 jvm.dll
RAX=0x000002342252bab0 points into unknown readable memory: 0b 00 00 00 0c 00 00 00
RBX=0x0 is NULL
RCX=0x0000000c0000000b is an unknown value
RDX=0x0000000000000032 is an unknown value
RSP=0x000000c3072ff7f0 points into unknown readable memory: 00 a8 5a 22 34 02 00 00
RBP=0x0000000000000002 is an unknown value
RSI=0x000002342252ba50 points into unknown readable memory: d0 f4 59 22 34 02 00 00
RDI=0x0 is NULL
R8 =0x0 is NULL
R9 =0x000002340ade0b80 is at begin+0 in a stub
StubRoutines::atomic_cmpxchg_long [0x000002340ade0b80, 0x000002340ade0b89[ (9 bytes)
R10=0x0000000000000001 is an unknown value
R11=0x000000aadc59ec50 is an unknown value
R12=0x0 is NULL
R13=0x00000234225aa800 points into unknown readable memory: 90 3a c0 07 fe 7f 00 00
R14=0x0000000000000032 is an unknown value
R15=0x000002342255b4f0 points into unknown readable memory: 00 00 00 00 00 00 00 00


Registers:
RAX=0x000002342252bab0, RBX=0x0000000000000000, RCX=0x0000000c0000000b, RDX=0x0000000000000032
RSP=0x000000c3072ff7f0, RBP=0x0000000000000002, RSI=0x000002342252ba50, RDI=0x0000000000000000
R8 =0x0000000000000000, R9 =0x000002340ade0b80, R10=0x0000000000000001, R11=0x000000aadc59ec50
R12=0x0000000000000000, R13=0x00000234225aa800, R14=0x0000000000000032, R15=0x000002342255b4f0
RIP=0x00007ffe079dd569, EFLAGS=0x0000000000010202

Top of Stack: (sp=0x000000c3072ff7f0)
0x000000c3072ff7f0:   00000234225aa800 00000234225aa800
0x000000c3072ff800:   00008134b0e38990 00007ffe0791ed19
0x000000c3072ff810:   00007ffe07dd1b28 00007ffe07a2ccdd
0x000000c3072ff820:   0000000000000001 00000234029f05e0
0x000000c3072ff830:   00000234029f05e0 431bde82d7b634db
0x000000c3072ff840:   000002342255b4f0 00008134b0e38990
0x000000c3072ff850:   00000234029f05e0 00007ffe07a61449
0x000000c3072ff860:   0000000000000001 0000000000000032
0x000000c3072ff870:   0000000000000032 0000000000000002
0x000000c3072ff880:   0000000000000000 0000000000000000
0x000000c3072ff890:   0000000000000000 00007ffe076e05fe
0x000000c3072ff8a0:   0000000000000000 0000000000000000
0x000000c3072ff8b0:   0000000000000000 0000000000000000
0x000000c3072ff8c0:   00000234225aa800 0000000000000000
0x000000c3072ff8d0:   0000000000100000 000000c3072ffb20
0x000000c3072ff8e0:   000000c307200000 00007ffe07a5a2c8 

Instructions: (pc=0x00007ffe079dd569)
0x00007ffe079dd469:   00 00 74 6c 48 83 3d 53 24 3e 00 00 75 62 48 89
0x00007ffe079dd479:   5c 24 20 e8 2f fb ff ff e8 8a 81 f9 ff 45 33 c0
0x00007ffe079dd489:   48 89 05 40 24 3e 00 41 8d 50 07 8d 4a 09 e8 64
0x00007ffe079dd499:   f5 9e ff 48 8b d8 48 85 c0 74 1b 48 63 15 15 6a
0x00007ffe079dd4a9:   34 00 48 8b c8 e8 7d f5 04 00 48 8d 05 be 1d 22
0x00007ffe079dd4b9:   00 48 89 03 eb 02 33 db 48 8b cb 48 89 1d fd 23
0x00007ffe079dd4c9:   3e 00 48 8b 5c 24 20 48 83 c4 28 e9 d7 f6 04 00
0x00007ffe079dd4d9:   48 83 c4 28 c3 cc cc 48 89 5c 24 10 56 48 83 ec
0x00007ffe079dd4e9:   20 48 8b 01 33 db 48 8b f1 39 18 7e 2a 48 89 7c
0x00007ffe079dd4f9:   24 30 8b fb 0f 1f 00 48 8b 40 18 48 8b 0c 07 48
0x00007ffe079dd509:   8b 01 ff 50 08 48 8b 06 48 8d 7f 08 ff c3 3b 18
0x00007ffe079dd519:   7c e5 48 8b 7c 24 30 48 8b 5c 24 38 48 83 c4 20
0x00007ffe079dd529:   5e c3 cc cc cc cc cc e9 bb 74 f6 ff cc cc cc cc
0x00007ffe079dd539:   cc cc cc cc cc cc cc 48 89 5c 24 10 56 48 83 ec
0x00007ffe079dd549:   20 48 8b 35 7f 23 3e 00 33 db 48 8b 06 39 18 7e
0x00007ffe079dd559:   27 48 89 7c 24 30 8b fb 48 8b 40 18 48 8b 0c 07
0x00007ffe079dd569:   48 8b 01 ff 50 08 48 8b 06 48 8d 7f 08 ff c3 3b
0x00007ffe079dd579:   18 7c e5 48 8b 7c 24 30 48 8b 5c 24 38 48 83 c4
0x00007ffe079dd589:   20 5e c3 cc cc cc cc 48 89 11 48 8b c1 4c 89 41
0x00007ffe079dd599:   08 c3 cc cc cc cc cc 40 53 48 81 ec b0 00 00 00
0x00007ffe079dd5a9:   48 8b d9 48 8d 4c 24 20 e8 0a 02 00 00 48 8d 54
0x00007ffe079dd5b9:   24 20 48 8b cb e8 dd 0d 00 00 48 81 c4 b0 00 00
0x00007ffe079dd5c9:   00 5b c3 cc cc cc cc 48 83 ec 28 e8 47 5b ad ff
0x00007ffe079dd5d9:   48 83 c4 28 e9 fe 0f 00 00 cc cc cc cc cc cc cc
0x00007ffe079dd5e9:   cc cc cc cc cc cc cc 40 53 48 83 ec 20 0f b6 d9
0x00007ffe079dd5f9:   e8 b2 00 00 00 0f b6 cb 48 83 c4 20 5b e9 f5 10
0x00007ffe079dd609:   00 00 cc cc cc cc cc 40 53 48 83 ec 20 48 8b d9
0x00007ffe079dd619:   e8 22 1f 00 00 48 8b d3 48 8b c8 4c 8b 00 41 ff
0x00007ffe079dd629:   90 a0 00 00 00 48 8b cb 48 83 c4 20 5b e9 75 e5
0x00007ffe079dd639:   f6 ff cc cc cc cc cc 48 83 ec 28 e8 f7 1e 00 00
0x00007ffe079dd649:   48 8b c8 48 8b 10 48 83 c4 28 48 ff a2 c0 00 00
0x00007ffe079dd659:   00 cc cc cc cc cc cc 48 89 5c 24 08 57 48 83 ec 


Stack slot to memory mapping:
stack at sp + 0 slots: 0x00000234225aa800 points into unknown readable memory: 90 3a c0 07 fe 7f 00 00
stack at sp + 1 slots: 0x00000234225aa800 points into unknown readable memory: 90 3a c0 07 fe 7f 00 00
stack at sp + 2 slots: 0x00008134b0e38990 is an unknown value
stack at sp + 3 slots: 0x00007ffe0791ed19 jvm.dll
stack at sp + 4 slots: 0x00007ffe07dd1b28 jvm.dll
stack at sp + 5 slots: 0x00007ffe07a2ccdd jvm.dll
stack at sp + 6 slots: 0x0000000000000001 is an unknown value
stack at sp + 7 slots: 0x00000234029f05e0 points into unknown readable memory: 01 00 00 00 00 00 00 00


---------------  P R O C E S S  ---------------

Threads class SMR info:
_java_thread_list=0x000002342259e270, length=12, elements={
0x00000234029f1000, 0x0000023420dfa000, 0x0000023420dfb800, 0x0000023420e15800,
0x0000023420e17800, 0x0000023420e1a000, 0x0000023420e42000, 0x00000234218d0000,
0x0000023421907800, 0x0000023422501800, 0x000002342255a800, 0x000002342256e000
}

Java Threads: ( => current thread )
  0x00000234029f1000 JavaThread "main" [_thread_in_native, id=13208, stack(0x000000c305e00000,0x000000c305f00000)]
  0x0000023420dfa000 JavaThread "Reference Handler" daemon [_thread_blocked, id=15308, stack(0x000000c306500000,0x000000c306600000)]
  0x0000023420dfb800 JavaThread "Finalizer" daemon [_thread_blocked, id=2796, stack(0x000000c306600000,0x000000c306700000)]
  0x0000023420e15800 JavaThread "Signal Dispatcher" daemon [_thread_blocked, id=10988, stack(0x000000c306700000,0x000000c306800000)]
  0x0000023420e17800 JavaThread "Attach Listener" daemon [_thread_blocked, id=7020, stack(0x000000c306800000,0x000000c306900000)]
  0x0000023420e1a000 JavaThread "C1 CompilerThread0" daemon [_thread_blocked, id=10132, stack(0x000000c306900000,0x000000c306a00000)]
  0x0000023420e42000 JavaThread "Sweeper thread" daemon [_thread_blocked, id=9604, stack(0x000000c306a00000,0x000000c306b00000)]
  0x00000234218d0000 JavaThread "Common-Cleaner" daemon [_thread_blocked, id=12272, stack(0x000000c306b00000,0x000000c306c00000)]
  0x0000023421907800 JavaThread "Service Thread" daemon [_thread_blocked, id=12244, stack(0x000000c306c00000,0x000000c306d00000)]
  0x0000023422501800 JavaThread "RMI TCP Accept-0" daemon [_thread_in_native, id=5800, stack(0x000000c306f00000,0x000000c307000000)]
  0x000002342255a800 JavaThread "RMI TCP Accept-61802" daemon [_thread_in_native, id=12160, stack(0x000000c307000000,0x000000c307100000)]
  0x000002342256e000 JavaThread "RMI TCP Accept-0" daemon [_thread_in_native, id=6360, stack(0x000000c307100000,0x000000c307200000)]

Other Threads:
  0x0000023420df6800 VMThread "VM Thread" [stack: 0x000000c306400000,0x000000c306500000] [id=5600]
=>0x00000234225aa800 WatcherThread [stack: 0x000000c307200000,0x000000c307300000] [id=4464]
  0x0000023402a2e000 GCTaskThread "GC Thread#0" [stack: 0x000000c305f00000,0x000000c306000000] [id=10448]
  0x0000023422255800 GCTaskThread "GC Thread#1" [stack: 0x000000c306d00000,0x000000c306e00000] [id=11500]
  0x0000023422256000 GCTaskThread "GC Thread#2" [stack: 0x000000c306e00000,0x000000c306f00000] [id=2996]
  0x0000023402a3d800 ConcurrentGCThread "G1 Main Marker" [stack: 0x000000c306000000,0x000000c306100000] [id=9108]
  0x0000023402a3f000 ConcurrentGCThread "G1 Conc#0" [stack: 0x000000c306100000,0x000000c306200000] [id=11472]
  0x0000023402aad800 ConcurrentGCThread "G1 Refine#0" [stack: 0x000000c306200000,0x000000c306300000] [id=11828]
  0x0000023402aae800 ConcurrentGCThread "G1 Young RemSet Sampling" [stack: 0x000000c306300000,0x000000c306400000] [id=14768]

Threads with active compile tasks:

VM state:not at safepoint (normal execution)

VM Mutex/Monitor currently owned by a thread:  ([mutex/lock_event])
[0x00000234029f05e0] PeriodicTask_lock - owner thread: 0x00000234225aa800

Heap address: 0x0000000081800000, size: 2024 MB, Compressed Oops mode: 32-bit
Narrow klass base: 0x0000000800000000, Narrow klass shift: 3
Compressed class space size: 1073741824 Address: 0x0000000801190000

Heap:
 garbage-first heap   total 131072K, used 23203K [0x0000000081800000, 0x0000000100000000)
  region size 1024K, 9 young (9216K), 1 survivors (1024K)
 Metaspace       used 5542K, capacity 6042K, committed 6272K, reserved 1056768K
  class space    used 689K, capacity 791K, committed 896K, reserved 1048576K
Heap Regions: E=young(eden), S=young(survivor), O=old, HS=humongous(starts), HC=humongous(continues), CS=collection set, F=free, A=archive, TAMS=top-at-mark-start (previous, next)
|   0|0x0000000081800000, 0x0000000081900000, 0x0000000081900000|100%|HS|  |TAMS 0x0000000081800000, 0x0000000081800000| Complete 
|   1|0x0000000081900000, 0x0000000081a00000, 0x0000000081a00000|100%| O|  |TAMS 0x0000000081900000, 0x0000000081900000| Untracked 
|   2|0x0000000081a00000, 0x0000000081b00000, 0x0000000081b00000|100%| O|  |TAMS 0x0000000081a00000, 0x0000000081a00000| Untracked 
|   3|0x0000000081b00000, 0x0000000081c00000, 0x0000000081c00000|100%| O|  |TAMS 0x0000000081b00000, 0x0000000081b00000| Untracked 
|   4|0x0000000081c00000, 0x0000000081d00000, 0x0000000081d00000|100%| O|  |TAMS 0x0000000081c00000, 0x0000000081c00000| Untracked 
|   5|0x0000000081d00000, 0x0000000081e00000, 0x0000000081e00000|100%| O|  |TAMS 0x0000000081d00000, 0x0000000081d00000| Untracked 
|   6|0x0000000081e00000, 0x0000000081f00000, 0x0000000081f00000|100%| O|  |TAMS 0x0000000081e00000, 0x0000000081e00000| Untracked 
|   7|0x0000000081f00000, 0x0000000082000000, 0x0000000082000000|100%| O|  |TAMS 0x0000000081f00000, 0x0000000081f00000| Untracked 
|   8|0x0000000082000000, 0x0000000082100000, 0x0000000082100000|100%| O|  |TAMS 0x0000000082000000, 0x0000000082000000| Untracked 
|   9|0x0000000082100000, 0x0000000082200000, 0x0000000082200000|100%| O|  |TAMS 0x0000000082100000, 0x0000000082100000| Untracked 
|  10|0x0000000082200000, 0x0000000082300000, 0x0000000082300000|100%| O|  |TAMS 0x0000000082200000, 0x0000000082200000| Untracked 
|  11|0x0000000082300000, 0x0000000082400000, 0x0000000082400000|100%| O|  |TAMS 0x0000000082300000, 0x0000000082300000| Untracked 
|  12|0x0000000082400000, 0x0000000082500000, 0x0000000082500000|100%| O|  |TAMS 0x0000000082400000, 0x0000000082400000| Untracked 
|  13|0x0000000082500000, 0x0000000082600000, 0x0000000082600000|100%| O|  |TAMS 0x0000000082500000, 0x0000000082500000| Untracked 
|  14|0x0000000082600000, 0x00000000826a8e00, 0x0000000082700000| 65%| O|  |TAMS 0x0000000082600000, 0x0000000082600000| Untracked 
|  15|0x0000000082700000, 0x0000000082700000, 0x0000000082800000|  0%| F|  |TAMS 0x0000000082700000, 0x0000000082700000| Untracked 
|  16|0x0000000082800000, 0x0000000082800000, 0x0000000082900000|  0%| F|  |TAMS 0x0000000082800000, 0x0000000082800000| Untracked 
|  17|0x0000000082900000, 0x0000000082900000, 0x0000000082a00000|  0%| F|  |TAMS 0x0000000082900000, 0x0000000082900000| Untracked 
|  18|0x0000000082a00000, 0x0000000082a00000, 0x0000000082b00000|  0%| F|  |TAMS 0x0000000082a00000, 0x0000000082a00000| Untracked 
|  19|0x0000000082b00000, 0x0000000082b00000, 0x0000000082c00000|  0%| F|  |TAMS 0x0000000082b00000, 0x0000000082b00000| Untracked 
|  20|0x0000000082c00000, 0x0000000082c00000, 0x0000000082d00000|  0%| F|  |TAMS 0x0000000082c00000, 0x0000000082c00000| Untracked 
|  21|0x0000000082d00000, 0x0000000082d00000, 0x0000000082e00000|  0%| F|  |TAMS 0x0000000082d00000, 0x0000000082d00000| Untracked 
|  22|0x0000000082e00000, 0x0000000082e00000, 0x0000000082f00000|  0%| F|  |TAMS 0x0000000082e00000, 0x0000000082e00000| Untracked 
|  23|0x0000000082f00000, 0x0000000082f00000, 0x0000000083000000|  0%| F|  |TAMS 0x0000000082f00000, 0x0000000082f00000| Untracked 
|  24|0x0000000083000000, 0x0000000083000000, 0x0000000083100000|  0%| F|  |TAMS 0x0000000083000000, 0x0000000083000000| Untracked 
|  25|0x0000000083100000, 0x0000000083100000, 0x0000000083200000|  0%| F|  |TAMS 0x0000000083100000, 0x0000000083100000| Untracked 
|  26|0x0000000083200000, 0x0000000083200000, 0x0000000083300000|  0%| F|  |TAMS 0x0000000083200000, 0x0000000083200000| Untracked 
|  27|0x0000000083300000, 0x0000000083300000, 0x0000000083400000|  0%| F|  |TAMS 0x0000000083300000, 0x0000000083300000| Untracked 
|  28|0x0000000083400000, 0x0000000083400000, 0x0000000083500000|  0%| F|  |TAMS 0x0000000083400000, 0x0000000083400000| Untracked 
|  29|0x0000000083500000, 0x0000000083500000, 0x0000000083600000|  0%| F|  |TAMS 0x0000000083500000, 0x0000000083500000| Untracked 
|  30|0x0000000083600000, 0x0000000083600000, 0x0000000083700000|  0%| F|  |TAMS 0x0000000083600000, 0x0000000083600000| Untracked 
|  31|0x0000000083700000, 0x0000000083700000, 0x0000000083800000|  0%| F|  |TAMS 0x0000000083700000, 0x0000000083700000| Untracked 
|  32|0x0000000083800000, 0x0000000083800000, 0x0000000083900000|  0%| F|  |TAMS 0x0000000083800000, 0x0000000083800000| Untracked 
|  33|0x0000000083900000, 0x0000000083900000, 0x0000000083a00000|  0%| F|  |TAMS 0x0000000083900000, 0x0000000083900000| Untracked 
|  34|0x0000000083a00000, 0x0000000083a00000, 0x0000000083b00000|  0%| F|  |TAMS 0x0000000083a00000, 0x0000000083a00000| Untracked 
|  35|0x0000000083b00000, 0x0000000083b00000, 0x0000000083c00000|  0%| F|  |TAMS 0x0000000083b00000, 0x0000000083b00000| Untracked 
|  36|0x0000000083c00000, 0x0000000083c00000, 0x0000000083d00000|  0%| F|  |TAMS 0x0000000083c00000, 0x0000000083c00000| Untracked 
|  37|0x0000000083d00000, 0x0000000083d00000, 0x0000000083e00000|  0%| F|  |TAMS 0x0000000083d00000, 0x0000000083d00000| Untracked 
|  38|0x0000000083e00000, 0x0000000083e00000, 0x0000000083f00000|  0%| F|  |TAMS 0x0000000083e00000, 0x0000000083e00000| Untracked 
|  39|0x0000000083f00000, 0x0000000083f00000, 0x0000000084000000|  0%| F|  |TAMS 0x0000000083f00000, 0x0000000083f00000| Untracked 
|  40|0x0000000084000000, 0x0000000084000000, 0x0000000084100000|  0%| F|  |TAMS 0x0000000084000000, 0x0000000084000000| Untracked 
|  41|0x0000000084100000, 0x0000000084100000, 0x0000000084200000|  0%| F|  |TAMS 0x0000000084100000, 0x0000000084100000| Untracked 
|  42|0x0000000084200000, 0x0000000084200000, 0x0000000084300000|  0%| F|  |TAMS 0x0000000084200000, 0x0000000084200000| Untracked 
|  43|0x0000000084300000, 0x0000000084300000, 0x0000000084400000|  0%| F|  |TAMS 0x0000000084300000, 0x0000000084300000| Untracked 
|  44|0x0000000084400000, 0x0000000084400000, 0x0000000084500000|  0%| F|  |TAMS 0x0000000084400000, 0x0000000084400000| Untracked 
|  45|0x0000000084500000, 0x0000000084500000, 0x0000000084600000|  0%| F|  |TAMS 0x0000000084500000, 0x0000000084500000| Untracked 
|  46|0x0000000084600000, 0x0000000084600000, 0x0000000084700000|  0%| F|  |TAMS 0x0000000084600000, 0x0000000084600000| Untracked 
|  47|0x0000000084700000, 0x0000000084700000, 0x0000000084800000|  0%| F|  |TAMS 0x0000000084700000, 0x0000000084700000| Untracked 
|  48|0x0000000084800000, 0x0000000084800000, 0x0000000084900000|  0%| F|  |TAMS 0x0000000084800000, 0x0000000084800000| Untracked 
|  49|0x0000000084900000, 0x0000000084900000, 0x0000000084a00000|  0%| F|  |TAMS 0x0000000084900000, 0x0000000084900000| Untracked 
|  50|0x0000000084a00000, 0x0000000084a00000, 0x0000000084b00000|  0%| F|  |TAMS 0x0000000084a00000, 0x0000000084a00000| Untracked 
|  51|0x0000000084b00000, 0x0000000084b00000, 0x0000000084c00000|  0%| F|  |TAMS 0x0000000084b00000, 0x0000000084b00000| Untracked 
|  52|0x0000000084c00000, 0x0000000084c00000, 0x0000000084d00000|  0%| F|  |TAMS 0x0000000084c00000, 0x0000000084c00000| Untracked 
|  53|0x0000000084d00000, 0x0000000084d00000, 0x0000000084e00000|  0%| F|  |TAMS 0x0000000084d00000, 0x0000000084d00000| Untracked 
|  54|0x0000000084e00000, 0x0000000084e00000, 0x0000000084f00000|  0%| F|  |TAMS 0x0000000084e00000, 0x0000000084e00000| Untracked 
|  55|0x0000000084f00000, 0x0000000084f00000, 0x0000000085000000|  0%| F|  |TAMS 0x0000000084f00000, 0x0000000084f00000| Untracked 
|  56|0x0000000085000000, 0x0000000085000000, 0x0000000085100000|  0%| F|  |TAMS 0x0000000085000000, 0x0000000085000000| Untracked 
|  57|0x0000000085100000, 0x0000000085100000, 0x0000000085200000|  0%| F|  |TAMS 0x0000000085100000, 0x0000000085100000| Untracked 
|  58|0x0000000085200000, 0x0000000085200000, 0x0000000085300000|  0%| F|  |TAMS 0x0000000085200000, 0x0000000085200000| Untracked 
|  59|0x0000000085300000, 0x0000000085300000, 0x0000000085400000|  0%| F|  |TAMS 0x0000000085300000, 0x0000000085300000| Untracked 
|  60|0x0000000085400000, 0x0000000085400000, 0x0000000085500000|  0%| F|  |TAMS 0x0000000085400000, 0x0000000085400000| Untracked 
|  61|0x0000000085500000, 0x0000000085500000, 0x0000000085600000|  0%| F|  |TAMS 0x0000000085500000, 0x0000000085500000| Untracked 
|  62|0x0000000085600000, 0x0000000085600000, 0x0000000085700000|  0%| F|  |TAMS 0x0000000085600000, 0x0000000085600000| Untracked 
|  63|0x0000000085700000, 0x0000000085700000, 0x0000000085800000|  0%| F|  |TAMS 0x0000000085700000, 0x0000000085700000| Untracked 
|  64|0x0000000085800000, 0x0000000085800000, 0x0000000085900000|  0%| F|  |TAMS 0x0000000085800000, 0x0000000085800000| Untracked 
|  65|0x0000000085900000, 0x0000000085900000, 0x0000000085a00000|  0%| F|  |TAMS 0x0000000085900000, 0x0000000085900000| Untracked 
|  66|0x0000000085a00000, 0x0000000085a00000, 0x0000000085b00000|  0%| F|  |TAMS 0x0000000085a00000, 0x0000000085a00000| Untracked 
|  67|0x0000000085b00000, 0x0000000085b00000, 0x0000000085c00000|  0%| F|  |TAMS 0x0000000085b00000, 0x0000000085b00000| Untracked 
|  68|0x0000000085c00000, 0x0000000085c00000, 0x0000000085d00000|  0%| F|  |TAMS 0x0000000085c00000, 0x0000000085c00000| Untracked 
|  69|0x0000000085d00000, 0x0000000085d00000, 0x0000000085e00000|  0%| F|  |TAMS 0x0000000085d00000, 0x0000000085d00000| Untracked 
|  70|0x0000000085e00000, 0x0000000085e00000, 0x0000000085f00000|  0%| F|  |TAMS 0x0000000085e00000, 0x0000000085e00000| Untracked 
|  71|0x0000000085f00000, 0x0000000085f00000, 0x0000000086000000|  0%| F|  |TAMS 0x0000000085f00000, 0x0000000085f00000| Untracked 
|  72|0x0000000086000000, 0x0000000086000000, 0x0000000086100000|  0%| F|  |TAMS 0x0000000086000000, 0x0000000086000000| Untracked 
|  73|0x0000000086100000, 0x0000000086100000, 0x0000000086200000|  0%| F|  |TAMS 0x0000000086100000, 0x0000000086100000| Untracked 
|  74|0x0000000086200000, 0x0000000086200000, 0x0000000086300000|  0%| F|  |TAMS 0x0000000086200000, 0x0000000086200000| Untracked 
|  75|0x0000000086300000, 0x0000000086300000, 0x0000000086400000|  0%| F|  |TAMS 0x0000000086300000, 0x0000000086300000| Untracked 
|  76|0x0000000086400000, 0x0000000086400000, 0x0000000086500000|  0%| F|  |TAMS 0x0000000086400000, 0x0000000086400000| Untracked 
|  77|0x0000000086500000, 0x0000000086500000, 0x0000000086600000|  0%| F|  |TAMS 0x0000000086500000, 0x0000000086500000| Untracked 
|  78|0x0000000086600000, 0x0000000086600000, 0x0000000086700000|  0%| F|  |TAMS 0x0000000086600000, 0x0000000086600000| Untracked 
|  79|0x0000000086700000, 0x0000000086700000, 0x0000000086800000|  0%| F|  |TAMS 0x0000000086700000, 0x0000000086700000| Untracked 
|  80|0x0000000086800000, 0x0000000086800000, 0x0000000086900000|  0%| F|  |TAMS 0x0000000086800000, 0x0000000086800000| Untracked 
|  81|0x0000000086900000, 0x0000000086900000, 0x0000000086a00000|  0%| F|  |TAMS 0x0000000086900000, 0x0000000086900000| Untracked 
|  82|0x0000000086a00000, 0x0000000086a00000, 0x0000000086b00000|  0%| F|  |TAMS 0x0000000086a00000, 0x0000000086a00000| Untracked 
|  83|0x0000000086b00000, 0x0000000086b00000, 0x0000000086c00000|  0%| F|  |TAMS 0x0000000086b00000, 0x0000000086b00000| Untracked 
|  84|0x0000000086c00000, 0x0000000086c00000, 0x0000000086d00000|  0%| F|  |TAMS 0x0000000086c00000, 0x0000000086c00000| Untracked 
|  85|0x0000000086d00000, 0x0000000086d00000, 0x0000000086e00000|  0%| F|  |TAMS 0x0000000086d00000, 0x0000000086d00000| Untracked 
|  86|0x0000000086e00000, 0x0000000086e00000, 0x0000000086f00000|  0%| F|  |TAMS 0x0000000086e00000, 0x0000000086e00000| Untracked 
|  87|0x0000000086f00000, 0x0000000086f00000, 0x0000000087000000|  0%| F|  |TAMS 0x0000000086f00000, 0x0000000086f00000| Untracked 
|  88|0x0000000087000000, 0x0000000087000000, 0x0000000087100000|  0%| F|  |TAMS 0x0000000087000000, 0x0000000087000000| Untracked 
|  89|0x0000000087100000, 0x0000000087100000, 0x0000000087200000|  0%| F|  |TAMS 0x0000000087100000, 0x0000000087100000| Untracked 
|  90|0x0000000087200000, 0x0000000087200000, 0x0000000087300000|  0%| F|  |TAMS 0x0000000087200000, 0x0000000087200000| Untracked 
|  91|0x0000000087300000, 0x0000000087300000, 0x0000000087400000|  0%| F|  |TAMS 0x0000000087300000, 0x0000000087300000| Untracked 
|  92|0x0000000087400000, 0x0000000087400000, 0x0000000087500000|  0%| F|  |TAMS 0x0000000087400000, 0x0000000087400000| Untracked 
|  93|0x0000000087500000, 0x0000000087500000, 0x0000000087600000|  0%| F|  |TAMS 0x0000000087500000, 0x0000000087500000| Untracked 
|  94|0x0000000087600000, 0x0000000087600000, 0x0000000087700000|  0%| F|  |TAMS 0x0000000087600000, 0x0000000087600000| Untracked 
|  95|0x0000000087700000, 0x0000000087700000, 0x0000000087800000|  0%| F|  |TAMS 0x0000000087700000, 0x0000000087700000| Untracked 
|  96|0x0000000087800000, 0x0000000087800000, 0x0000000087900000|  0%| F|  |TAMS 0x0000000087800000, 0x0000000087800000| Untracked 
|  97|0x0000000087900000, 0x0000000087900000, 0x0000000087a00000|  0%| F|  |TAMS 0x0000000087900000, 0x0000000087900000| Untracked 
|  98|0x0000000087a00000, 0x0000000087a00000, 0x0000000087b00000|  0%| F|  |TAMS 0x0000000087a00000, 0x0000000087a00000| Untracked 
|  99|0x0000000087b00000, 0x0000000087b00000, 0x0000000087c00000|  0%| F|  |TAMS 0x0000000087b00000, 0x0000000087b00000| Untracked 
| 100|0x0000000087c00000, 0x0000000087c00000, 0x0000000087d00000|  0%| F|  |TAMS 0x0000000087c00000, 0x0000000087c00000| Untracked 
| 101|0x0000000087d00000, 0x0000000087d00000, 0x0000000087e00000|  0%| F|  |TAMS 0x0000000087d00000, 0x0000000087d00000| Untracked 
| 102|0x0000000087e00000, 0x0000000087e00000, 0x0000000087f00000|  0%| F|  |TAMS 0x0000000087e00000, 0x0000000087e00000| Untracked 
| 103|0x0000000087f00000, 0x0000000087f00000, 0x0000000088000000|  0%| F|  |TAMS 0x0000000087f00000, 0x0000000087f00000| Untracked 
| 104|0x0000000088000000, 0x0000000088000000, 0x0000000088100000|  0%| F|  |TAMS 0x0000000088000000, 0x0000000088000000| Untracked 
| 105|0x0000000088100000, 0x0000000088100000, 0x0000000088200000|  0%| F|  |TAMS 0x0000000088100000, 0x0000000088100000| Untracked 
| 106|0x0000000088200000, 0x0000000088200000, 0x0000000088300000|  0%| F|  |TAMS 0x0000000088200000, 0x0000000088200000| Untracked 
| 107|0x0000000088300000, 0x0000000088300000, 0x0000000088400000|  0%| F|  |TAMS 0x0000000088300000, 0x0000000088300000| Untracked 
| 108|0x0000000088400000, 0x0000000088400000, 0x0000000088500000|  0%| F|  |TAMS 0x0000000088400000, 0x0000000088400000| Untracked 
| 109|0x0000000088500000, 0x0000000088500000, 0x0000000088600000|  0%| F|  |TAMS 0x0000000088500000, 0x0000000088500000| Untracked 
| 110|0x0000000088600000, 0x0000000088600000, 0x0000000088700000|  0%| F|  |TAMS 0x0000000088600000, 0x0000000088600000| Untracked 
| 111|0x0000000088700000, 0x0000000088700000, 0x0000000088800000|  0%| F|  |TAMS 0x0000000088700000, 0x0000000088700000| Untracked 
| 112|0x0000000088800000, 0x0000000088800000, 0x0000000088900000|  0%| F|  |TAMS 0x0000000088800000, 0x0000000088800000| Untracked 
| 113|0x0000000088900000, 0x0000000088900000, 0x0000000088a00000|  0%| F|  |TAMS 0x0000000088900000, 0x0000000088900000| Untracked 
| 114|0x0000000088a00000, 0x0000000088a00000, 0x0000000088b00000|  0%| F|  |TAMS 0x0000000088a00000, 0x0000000088a00000| Untracked 
| 115|0x0000000088b00000, 0x0000000088b00000, 0x0000000088c00000|  0%| F|  |TAMS 0x0000000088b00000, 0x0000000088b00000| Untracked 
| 116|0x0000000088c00000, 0x0000000088c00000, 0x0000000088d00000|  0%| F|  |TAMS 0x0000000088c00000, 0x0000000088c00000| Untracked 
| 117|0x0000000088d00000, 0x0000000088d00000, 0x0000000088e00000|  0%| F|  |TAMS 0x0000000088d00000, 0x0000000088d00000| Untracked 
| 118|0x0000000088e00000, 0x0000000088e00000, 0x0000000088f00000|  0%| F|  |TAMS 0x0000000088e00000, 0x0000000088e00000| Untracked 
| 119|0x0000000088f00000, 0x0000000089000000, 0x0000000089000000|100%| E|  |TAMS 0x0000000088f00000, 0x0000000088f00000| Complete 
| 120|0x0000000089000000, 0x0000000089100000, 0x0000000089100000|100%| E|CS|TAMS 0x0000000089000000, 0x0000000089000000| Complete 
| 121|0x0000000089100000, 0x0000000089200000, 0x0000000089200000|100%| S|CS|TAMS 0x0000000089100000, 0x0000000089100000| Complete 
| 122|0x0000000089200000, 0x0000000089300000, 0x0000000089300000|100%| E|CS|TAMS 0x0000000089200000, 0x0000000089200000| Complete 
| 123|0x0000000089300000, 0x0000000089400000, 0x0000000089400000|100%| E|CS|TAMS 0x0000000089300000, 0x0000000089300000| Complete 
| 124|0x0000000089400000, 0x0000000089500000, 0x0000000089500000|100%| E|CS|TAMS 0x0000000089400000, 0x0000000089400000| Complete 
| 125|0x0000000089500000, 0x0000000089600000, 0x0000000089600000|100%| E|CS|TAMS 0x0000000089500000, 0x0000000089500000| Complete 
| 126|0x0000000089600000, 0x0000000089700000, 0x0000000089700000|100%| E|CS|TAMS 0x0000000089600000, 0x0000000089600000| Complete 
| 127|0x0000000089700000, 0x0000000089800000, 0x0000000089800000|100%| E|CS|TAMS 0x0000000089700000, 0x0000000089700000| Complete 

Card table byte_map: [0x000002341a1e0000,0x000002341a5e0000] _byte_map_base: 0x0000023419dd4000

Marking Bits (Prev, Next): (CMBitMap*) 0x0000023402a30fa8, (CMBitMap*) 0x0000023402a30fe8
 Prev Bits: [0x000002341a9e0000, 0x000002341c980000)
 Next Bits: [0x000002341c980000, 0x000002341e920000)

Polling page: 0x00000234007b0000

Metaspace:

Usage:
  Non-class:      5.13 MB capacity,     4.75 MB ( 92%) used,   375.68 KB (  7%) free+waste,    20.00 KB ( <1%) overhead. 
      Class:    795.00 KB capacity,   693.50 KB ( 87%) used,    89.88 KB ( 11%) free+waste,    11.63 KB (  1%) overhead. 
       Both:      5.91 MB capacity,     5.42 MB ( 92%) used,   465.55 KB (  8%) free+waste,    31.63 KB ( <1%) overhead. 

Virtual space:
  Non-class space:        8.00 MB reserved,       5.25 MB ( 66%) committed 
      Class space:        1.00 GB reserved,     896.00 KB ( <1%) committed 
             Both:        1.01 GB reserved,       6.13 MB ( <1%) committed 

Chunk freelists:
   Non-Class:  7.13 KB
       Class:  640 bytes
        Both:  7.75 KB

CodeHeap 'non-profiled nmethods': size=238912Kb used=1817Kb max_used=1817Kb free=237094Kb
 bounds [0x000002340b490000, 0x000002340b700000, 0x0000023419de0000]
CodeHeap 'non-nmethods': size=6848Kb used=1134Kb max_used=1134Kb free=5713Kb
 bounds [0x000002340ade0000, 0x000002340b050000, 0x000002340b490000]
 total_blobs=1659 nmethods=1201 adapters=368
 compilation: enabled
              stopped_count=0, restarted_count=0
 full_count=0

Compilation events (10 events):
Event: 0.805 Thread 0x0000023420e1a000 nmethod 1079 0x000002340b613a90 code [0x000002340b613ca0, 0x000002340b614310]
Event: 0.805 Thread 0x0000023420e1a000 1075       1       java.lang.ref.SoftReference::<init> (14 bytes)
Event: 0.806 Thread 0x0000023420e1a000 nmethod 1075 0x000002340b614790 code [0x000002340b614940, 0x000002340b614b58]
Event: 0.806 Thread 0x0000023420e1a000 1076       1       sun.util.locale.LocaleObjectCache$CacheEntry::<init> (12 bytes)
Event: 0.806 Thread 0x0000023420e1a000 nmethod 1076 0x000002340b614c10 code [0x000002340b614de0, 0x000002340b615058]
Event: 0.806 Thread 0x0000023420e1a000 1077       1       sun.util.locale.LocaleObjectCache::get (126 bytes)
Event: 0.806 Thread 0x0000023420e1a000 nmethod 1077 0x000002340b615110 code [0x000002340b615360, 0x000002340b615c30]
Event: 0.806 Thread 0x0000023420e1a000 1088       1       sun.util.locale.BaseLocale$Key::hashCode (178 bytes)
Event: 0.808 Thread 0x0000023420e1a000 nmethod 1088 0x000002340b615f90 code [0x000002340b616200, 0x000002340b616b60]
Event: 0.808 Thread 0x0000023420e1a000 1091       1       sun.util.locale.StringTokenIterator::nextDelimiter (116 bytes)

GC Heap History (4 events):
Event: 0.331 GC heap before
{Heap before GC invocations=0 (full 0):
 garbage-first heap   total 131072K, used 14336K [0x0000000081800000, 0x0000000100000000)
  region size 1024K, 14 young (14336K), 0 survivors (0K)
 Metaspace       used 506K, capacity 4518K, committed 4864K, reserved 1056768K
  class space    used 46K, capacity 399K, committed 512K, reserved 1048576K
}
Event: 0.336 GC heap after
{Heap after GC invocations=1 (full 0):
 garbage-first heap   total 131072K, used 12404K [0x0000000081800000, 0x0000000100000000)
  region size 1024K, 2 young (2048K), 2 survivors (2048K)
 Metaspace       used 506K, capacity 4518K, committed 4864K, reserved 1056768K
  class space    used 46K, capacity 399K, committed 512K, reserved 1048576K
}
Event: 0.706 GC heap before
{Heap before GC invocations=1 (full 0):
 garbage-first heap   total 131072K, used 17524K [0x0000000081800000, 0x0000000100000000)
  region size 1024K, 8 young (8192K), 2 survivors (2048K)
 Metaspace       used 3305K, capacity 4801K, committed 4864K, reserved 1056768K
  class space    used 420K, capacity 499K, committed 512K, reserved 1048576K
}
Event: 0.710 GC heap after
{Heap after GC invocations=2 (full 0):
 garbage-first heap   total 131072K, used 16035K [0x0000000081800000, 0x0000000100000000)
  region size 1024K, 1 young (1024K), 1 survivors (1024K)
 Metaspace       used 3305K, capacity 4801K, committed 4864K, reserved 1056768K
  class space    used 420K, capacity 499K, committed 512K, reserved 1048576K
}

Deoptimization events (0 events):
No events

Classes redefined (0 events):
No events

Internal exceptions (10 events):
Event: 0.372 Thread 0x00000234029f1000 Exception <a 'java/lang/NoSuchMethodError'{0x000000008942b918}: java.lang.invoke.DirectMethodHandle$Holder.invokeStaticInit(Ljava/lang/Object;Ljava/lang/Object;Ljava/lang/Object;)Ljava/lang/Object;> (0x000000008942b918) thrown at [t:/workspace/open/src/ho
Event: 0.378 Thread 0x00000234029f1000 Exception <a 'java/lang/NoSuchMethodError'{0x0000000089444cc0}: java.lang.invoke.DirectMethodHandle$Holder.invokeInterface(Ljava/lang/Object;Ljava/lang/Object;)I> (0x0000000089444cc0) thrown at [t:/workspace/open/src/hotspot/share/interpreter/linkResolver
Event: 0.378 Thread 0x00000234029f1000 Exception <a 'java/lang/IncompatibleClassChangeError'{0x00000000894477c8}: Found class java.lang.Object, but interface was expected> (0x00000000894477c8) thrown at [t:/workspace/open/src/hotspot/share/interpreter/linkResolver.cpp, line 843]
Event: 0.481 Thread 0x00000234029f1000 Exception <a 'java/lang/NoSuchMethodError'{0x0000000089267078}: java.lang.invoke.DirectMethodHandle$Holder.invokeSpecialIFC(Ljava/lang/Object;Ljava/lang/Object;Ljava/lang/Object;)I> (0x0000000089267078) thrown at [t:/workspace/open/src/hotspot/share/inter
Event: 0.497 Thread 0x00000234029f1000 Exception <a 'java/lang/NoSuchMethodError'{0x00000000892c9e20}: java.lang.invoke.DirectMethodHandle$Holder.invokeStaticInit(Ljava/lang/Object;IIII)Ljava/lang/Object;> (0x00000000892c9e20) thrown at [t:/workspace/open/src/hotspot/share/interpreter/linkReso
Event: 0.713 Thread 0x00000234029f1000 Exception <a 'java/lang/NoSuchMethodError'{0x0000000089727bb8}: java.lang.invoke.DirectMethodHandle$Holder.invokeStaticInit(Ljava/lang/Object;Ljava/lang/Object;IIII)Ljava/lang/Object;> (0x0000000089727bb8) thrown at [t:/workspace/open/src/hotspot/share/in
Event: 0.720 Thread 0x00000234029f1000 Exception <a 'java/lang/ClassNotFoundException'{0x0000000089742fe8}: javax/management/remote/rmi/RMIServerImpl_Skel> (0x0000000089742fe8) thrown at [t:/workspace/open/src/hotspot/share/classfile/systemDictionary.cpp, line 235]
Event: 0.748 Thread 0x00000234029f1000 Exception <a 'java/lang/ClassNotFoundException'{0x0000000089647538}: jdk/internal/agent/resources/spi/agentProvider> (0x0000000089647538) thrown at [t:/workspace/open/src/hotspot/share/classfile/systemDictionary.cpp, line 235]
Event: 0.784 Thread 0x00000234029f1000 Exception <a 'java/lang/ClassNotFoundException'{0x000000008942a4c8}: javax/smartcardio/CardPermission> (0x000000008942a4c8) thrown at [t:/workspace/open/src/hotspot/share/classfile/systemDictionary.cpp, line 235]
Event: 0.786 Thread 0x00000234029f1000 Exception <a 'java/io/FileNotFoundException'{0x00000000894389a0}> (0x00000000894389a0) thrown at [t:/workspace/open/src/hotspot/share/prims/jni.cpp, line 615]

Events (10 events):
Event: 0.797 loading class ch/qos/logback/core/util/CachingDateFormatter
Event: 0.797 loading class ch/qos/logback/core/util/CachingDateFormatter done
Event: 0.801 loading class sun/util/calendar/ZoneInfoFile$Checksum
Event: 0.801 loading class java/util/zip/CRC32
Event: 0.801 loading class java/util/zip/Checksum
Event: 0.801 loading class java/util/zip/Checksum done
Event: 0.801 loading class java/util/zip/CRC32 done
Event: 0.801 loading class sun/util/calendar/ZoneInfoFile$Checksum done
Event: 0.801 loading class java/util/zip/Checksum$1
Event: 0.801 loading class java/util/zip/Checksum$1 done


Dynamic libraries:
0x00007ff727cc0000 - 0x00007ff727ccf000 	C:\Program Files\Java\jdk-12.0.2\bin\javaw.exe
0x00007ffe5c2c0000 - 0x00007ffe5c4ad000 	C:\WINDOWS\SYSTEM32\ntdll.dll
0x00007ffe597e0000 - 0x00007ffe59893000 	C:\WINDOWS\System32\KERNEL32.DLL
0x00007ffe59000000 - 0x00007ffe59293000 	C:\WINDOWS\System32\KERNELBASE.dll
0x00007ffe58c80000 - 0x00007ffe58d7a000 	C:\WINDOWS\System32\ucrtbase.dll
0x00007ffe413f0000 - 0x00007ffe41406000 	C:\Program Files\Java\jdk-12.0.2\bin\VCRUNTIME140.dll
0x00007ffe40870000 - 0x00007ffe40888000 	C:\Program Files\Java\jdk-12.0.2\bin\jli.dll
0x00007ffe59ac0000 - 0x00007ffe59b63000 	C:\WINDOWS\System32\ADVAPI32.dll
0x00007ffe599c0000 - 0x00007ffe59a5e000 	C:\WINDOWS\System32\msvcrt.dll
0x00007ffe59920000 - 0x00007ffe599be000 	C:\WINDOWS\System32\sechost.dll
0x00007ffe596b0000 - 0x00007ffe597d2000 	C:\WINDOWS\System32\RPCRT4.dll
0x00007ffe5a1b0000 - 0x00007ffe5a347000 	C:\WINDOWS\System32\USER32.dll
0x00007ffe4c5e0000 - 0x00007ffe4c859000 	C:\WINDOWS\WinSxS\amd64_microsoft.windows.common-controls_6595b64144ccf1df_6.0.17763.737_none_05b6437c071e554b\COMCTL32.dll
0x00007ffe58400000 - 0x00007ffe58420000 	C:\WINDOWS\System32\win32u.dll
0x00007ffe59b70000 - 0x00007ffe59e9c000 	C:\WINDOWS\System32\combase.dll
0x00007ffe5a370000 - 0x00007ffe5a399000 	C:\WINDOWS\System32\GDI32.dll
0x00007ffe58380000 - 0x00007ffe583fe000 	C:\WINDOWS\System32\bcryptPrimitives.dll
0x00007ffe59340000 - 0x00007ffe594d9000 	C:\WINDOWS\System32\gdi32full.dll
0x00007ffe592a0000 - 0x00007ffe59340000 	C:\WINDOWS\System32\msvcp_win.dll
0x00007ffe53a40000 - 0x00007ffe53a4a000 	C:\WINDOWS\SYSTEM32\VERSION.dll
0x00007ffe5a180000 - 0x00007ffe5a1ae000 	C:\WINDOWS\System32\IMM32.DLL
0x00007ffe24d10000 - 0x00007ffe24dba000 	C:\Program Files\Java\jdk-12.0.2\bin\msvcp140.dll
0x00007ffe07310000 - 0x00007ffe07e87000 	C:\Program Files\Java\jdk-12.0.2\bin\server\jvm.dll
0x00007ffe5c150000 - 0x00007ffe5c158000 	C:\WINDOWS\System32\PSAPI.DLL
0x00007ffe55060000 - 0x00007ffe55084000 	C:\WINDOWS\SYSTEM32\WINMM.dll
0x00007ffe46cb0000 - 0x00007ffe46cb9000 	C:\WINDOWS\SYSTEM32\WSOCK32.dll
0x00007ffe55000000 - 0x00007ffe5502d000 	C:\WINDOWS\SYSTEM32\WINMMBASE.dll
0x00007ffe5b8a0000 - 0x00007ffe5b90d000 	C:\WINDOWS\System32\WS2_32.dll
0x00007ffe58d80000 - 0x00007ffe58dca000 	C:\WINDOWS\System32\cfgmgr32.dll
0x00007ffe582b0000 - 0x00007ffe582c1000 	C:\WINDOWS\System32\kernel.appcore.dll
0x00007ffe4dfe0000 - 0x00007ffe4dff1000 	C:\Program Files\Java\jdk-12.0.2\bin\verify.dll
0x00007ffe45e00000 - 0x00007ffe45fed000 	C:\WINDOWS\SYSTEM32\DBGHELP.DLL
0x00007ffe46ce0000 - 0x00007ffe46d0a000 	C:\WINDOWS\SYSTEM32\dbgcore.DLL
0x00007ffe4dd10000 - 0x00007ffe4dd36000 	C:\Program Files\Java\jdk-12.0.2\bin\java.dll
0x00007ffe4dcf0000 - 0x00007ffe4dd07000 	C:\Program Files\Java\jdk-12.0.2\bin\zip.dll
0x00007ffe55d80000 - 0x00007ffe55d8a000 	C:\Program Files\Java\jdk-12.0.2\bin\jimage.dll
0x00007ffe5a3a0000 - 0x00007ffe5b892000 	C:\WINDOWS\System32\SHELL32.dll
0x00007ffe5c160000 - 0x00007ffe5c208000 	C:\WINDOWS\System32\shcore.dll
0x00007ffe58530000 - 0x00007ffe58c7a000 	C:\WINDOWS\System32\windows.storage.dll
0x00007ffe58350000 - 0x00007ffe58374000 	C:\WINDOWS\System32\profapi.dll
0x00007ffe582d0000 - 0x00007ffe5832d000 	C:\WINDOWS\System32\powrprof.dll
0x00007ffe5a050000 - 0x00007ffe5a0a2000 	C:\WINDOWS\System32\shlwapi.dll
0x00007ffe58e00000 - 0x00007ffe58e17000 	C:\WINDOWS\System32\cryptsp.dll
0x00007ffe4cfb0000 - 0x00007ffe4cfc9000 	C:\Program Files\Java\jdk-12.0.2\bin\net.dll
0x00007ffe4bef0000 - 0x00007ffe4c0c7000 	C:\WINDOWS\SYSTEM32\urlmon.dll
0x00007ffe52ae0000 - 0x00007ffe52bd2000 	C:\WINDOWS\SYSTEM32\WINHTTP.dll
0x00007ffe4a630000 - 0x00007ffe4a8d8000 	C:\WINDOWS\SYSTEM32\iertutil.dll
0x00007ffe57c50000 - 0x00007ffe57c5c000 	C:\WINDOWS\SYSTEM32\CRYPTBASE.DLL
0x00007ffe57ad0000 - 0x00007ffe57b37000 	C:\WINDOWS\system32\mswsock.dll
0x00007ffe4cf90000 - 0x00007ffe4cfa3000 	C:\Program Files\Java\jdk-12.0.2\bin\nio.dll
0x00007ffe4c8c0000 - 0x00007ffe4c8c9000 	C:\Program Files\Java\jdk-12.0.2\bin\management.dll
0x00007ffe48630000 - 0x00007ffe4863c000 	C:\Program Files\Java\jdk-12.0.2\bin\management_ext.dll
0x00007ffe439f0000 - 0x00007ffe43a06000 	C:\WINDOWS\system32\napinsp.dll
0x00007ffe414b0000 - 0x00007ffe414ca000 	C:\WINDOWS\system32\pnrpnsp.dll
0x00007ffe54b10000 - 0x00007ffe54b2b000 	C:\WINDOWS\system32\NLAapi.dll
0x00007ffe57800000 - 0x00007ffe5783d000 	C:\WINDOWS\SYSTEM32\IPHLPAPI.DLL
0x00007ffe57840000 - 0x00007ffe57906000 	C:\WINDOWS\SYSTEM32\DNSAPI.dll
0x00007ffe5bcc0000 - 0x00007ffe5bcc8000 	C:\WINDOWS\System32\NSI.dll
0x00007ffe4e190000 - 0x00007ffe4e19e000 	C:\WINDOWS\System32\winrnr.dll
0x00007ffe36900000 - 0x00007ffe36915000 	C:\WINDOWS\system32\wshbth.dll
0x0000000057a40000 - 0x0000000057a66000 	C:\Program Files\Bonjour\mdnsNSP.dll
0x00007ffe4db50000 - 0x00007ffe4db5a000 	C:\Windows\System32\rasadhlp.dll
0x00007ffe4e970000 - 0x00007ffe4e9e9000 	C:\WINDOWS\System32\fwpuclnt.dll
0x00007ffe58dd0000 - 0x00007ffe58df6000 	C:\WINDOWS\System32\bcrypt.dll
0x00007ffe57660000 - 0x00007ffe57693000 	C:\WINDOWS\system32\rsaenh.dll
0x00007ffe581e0000 - 0x00007ffe58208000 	C:\WINDOWS\SYSTEM32\USERENV.dll
0x00007ffe4f360000 - 0x00007ffe4f376000 	C:\WINDOWS\SYSTEM32\dhcpcsvc6.DLL
0x00007ffe4f080000 - 0x00007ffe4f09c000 	C:\WINDOWS\SYSTEM32\dhcpcsvc.DLL

dbghelp: loaded successfully - version: 4.0.5 - missing functions: none
symbol engine: initialized successfully - sym options: 0x614 - pdb path: .;C:\Program Files\Java\jdk-12.0.2\bin;C:\WINDOWS\SYSTEM32;C:\WINDOWS\WinSxS\amd64_microsoft.windows.common-controls_6595b64144ccf1df_6.0.17763.737_none_05b6437c071e554b;C:\Program Files\Java\jdk-12.0.2\bin\server;C:\Program Files\Bonjour

VM Arguments:
jvm_args: -Dcom.sun.management.jmxremote -Dcom.sun.management.jmxremote.port=61802 -Dcom.sun.management.jmxremote.authenticate=false -Dcom.sun.management.jmxremote.ssl=false -Djava.rmi.server.hostname=localhost -Dspring.jmx.enabled=true -Dspring.application.admin.enabled=true -Xverify:none -XX:TieredStopAtLevel=1 -Dfile.encoding=UTF-8 
java_command: com.mauriciopd.cursomc.CursomcApplication --spring.output.ansi.enabled=always
java_class_path (initial): C:\Users\mauri\Documents\ws\cursomc\target\classes;C:\Users\mauri\.m2\repository\org\springframework\boot\spring-boot-starter-web\2.1.9.RELEASE\spring-boot-starter-web-2.1.9.RELEASE.jar;C:\Users\mauri\.m2\repository\org\springframework\boot\spring-boot-starter\2.1.9.RELEASE\spring-boot-starter-2.1.9.RELEASE.jar;C:\Users\mauri\.m2\repository\org\springframework\boot\spring-boot-starter-logging\2.1.9.RELEASE\spring-boot-starter-logging-2.1.9.RELEASE.jar;C:\Users\mauri\.m2\repository\ch\qos\logback\logback-classic\1.2.3\logback-classic-1.2.3.jar;C:\Users\mauri\.m2\repository\ch\qos\logback\logback-core\1.2.3\logback-core-1.2.3.jar;C:\Users\mauri\.m2\repository\org\apache\logging\log4j\log4j-to-slf4j\2.11.2\log4j-to-slf4j-2.11.2.jar;C:\Users\mauri\.m2\repository\org\apache\logging\log4j\log4j-api\2.11.2\log4j-api-2.11.2.jar;C:\Users\mauri\.m2\repository\org\slf4j\jul-to-slf4j\1.7.28\jul-to-slf4j-1.7.28.jar;C:\Users\mauri\.m2\repository\javax\annotation\javax.annotation-api\1.3.2\javax.annotation-api-1.3.2.jar;C:\Users\mauri\.m2\repository\org\yaml\snakeyaml\1.23\snakeyaml-1.23.jar;C:\Users\mauri\.m2\repository\org\springframework\boot\spring-boot-starter-json\2.1.9.RELEASE\spring-boot-starter-json-2.1.9.RELEASE.jar;C:\Users\mauri\.m2\repository\com\fasterxml\jackson\datatype\jackson-datatype-jdk8\2.9.9\jackson-datatype-jdk8-2.9.9.jar;C:\Users\mauri\.m2\repository\com\fasterxml\jackson\datatype\jackson-datatype-jsr310\2.9.9\jackson-datatype-jsr310-2.9.9.jar;C:\Users\mauri\.m2\repository\com\fasterxml\jackson\module\jackson-module-parameter-names\2.9.9\jackson-module-parameter-names-2.9.9.jar;C:\Users\mauri\.m2\repository\org\springframework\boot\spring-boot-starter-tomcat\2.1.9.RELEASE\spring-boot-starter-tomcat-2.1.9.RELEASE.jar;C:\Users\mauri\.m2\repository\org\apache\tomcat\embed\tomcat-embed-core\9.0.26\tomcat-embed-core-9.0.26.jar;C:\Users\mauri\.m2\repository\org\apache\tomcat\embed\tomcat-embed-el\9.0.26\tomcat-embed-el-9.0.26.jar;C:\U
Launcher Type: SUN_STANDARD

[Global flags]
     bool BytecodeVerificationLocal                = false                                     {product} {command line}
     bool BytecodeVerificationRemote               = false                                     {product} {command line}
     intx CICompilerCount                          = 3                                         {product} {ergonomic}
     uint ConcGCThreads                            = 1                                         {product} {ergonomic}
     uint G1ConcRefinementThreads                  = 4                                         {product} {ergonomic}
   size_t G1HeapRegionSize                         = 1048576                                   {product} {ergonomic}
    uintx GCDrainStackTargetSize                   = 64                                        {product} {ergonomic}
   size_t InitialHeapSize                          = 134217728                                 {product} {ergonomic}
     bool ManagementServer                         = true                                      {product} {command line}
   size_t MarkStackSize                            = 4194304                                   {product} {ergonomic}
   size_t MaxHeapSize                              = 2122317824                                {product} {ergonomic}
   size_t MaxNewSize                               = 1272971264                                {product} {ergonomic}
   size_t MinHeapDeltaBytes                        = 1048576                                   {product} {ergonomic}
    uintx NonNMethodCodeHeapSize                   = 6973028                                {pd product} {ergonomic}
    uintx NonProfiledCodeHeapSize                  = 244685212                              {pd product} {ergonomic}
    uintx ProfiledCodeHeapSize                     = 0                                      {pd product} {ergonomic}
    uintx ReservedCodeCacheSize                    = 251658240                              {pd product} {ergonomic}
     bool SegmentedCodeCache                       = true                                      {product} {ergonomic}
     intx TieredStopAtLevel                        = 1                                         {product} {command line}
     bool UseCompressedClassPointers               = true                                 {lp64_product} {ergonomic}
     bool UseCompressedOops                        = true                                 {lp64_product} {ergonomic}
     bool UseG1GC                                  = true                                      {product} {ergonomic}
     bool UseLargePagesIndividualAllocation        = false                                  {pd product} {ergonomic}

Logging:
Log output configuration:
 #0: stdout all=warning uptime,level,tags
 #1: stderr all=off uptime,level,tags

Environment Variables:
JAVA_HOME=C:\Program Files\Java\jdk-12.0.2
PATH=C:/Program Files/Java/jdk-12.0.2/bin/server;C:/Program Files/Java/jdk-12.0.2/bin;C:\xampp\mysql\bin;C:\Python27\;C:\Python27\Scripts;C:\WINDOWS\system32;C:\WINDOWS;C:\WINDOWS\System32\Wbem;C:\WINDOWS\System32\WindowsPowerShell\v1.0\;C:\WINDOWS\System32\OpenSSH\;C:\Program Files\NVIDIA Corporation\NVIDIA NvDLISR;C:\Program Files (x86)\NVIDIA Corporation\PhysX\Common;C:\Users\mauri\Documents\Dev\apache-maven-3.6.0\bin;C:\ProgramData\chocolatey\bin;C:\Program Files\Git\cmd;C:\Program Files\nodejs\;C:\Program Files\Java\jdk-12.0.2\bin;C:\Users\mauri\AppData\Local\Programs\Microsoft VS Code\bin;C:\Users\mauri\AppData\Local\atom\bin;C:\apache-tomcat-9.0.20\bin;C:\apache-maven-3.6.2\bin;C:\Program Files\Java\jdk-12.0.2\bin;C:\Users\mauri\AppData\Roaming\npm;C:\Program Files\heroku\bin;C:\sts-4.3.2.RELEASE;
USERNAME=mauri
OS=Windows_NT
PROCESSOR_IDENTIFIER=Intel64 Family 6 Model 60 Stepping 3, GenuineIntel



---------------  S Y S T E M  ---------------

OS: Windows 10 , 64 bit Build 17763 (10.0.17763.475)

CPU:total 4 (initial active 4) (4 cores per cpu, 1 threads per core) family 6 model 60 stepping 3, cmov, cx8, fxsr, mmx, sse, sse2, sse3, ssse3, sse4.1, sse4.2, popcnt, avx, avx2, aes, clmul, erms, lzcnt, tsc, tscinvbit, bmi1, bmi2, fma

Memory: 4k page, system-wide physical 8092M (2275M free)
TotalPageFile size 19356M (AvailPageFile size 10928M)
current process WorkingSet (physical memory assigned to process): 78M, peak: 78M
current process commit charge ("private bytes"): 214M, peak: 214M

vm_info: Java HotSpot(TM) 64-Bit Server VM (12.0.2+10) for windows-amd64 JRE (12.0.2+10), built on Jul 16 2019 01:56:17 by "mach5one" with MS VC++ 15.5 (VS2017)

END.
