#
# A fatal error has been detected by the Java Runtime Environment:
#
#  EXCEPTION_ACCESS_VIOLATION (0xc0000005) at pc=0x00007ffcb3ccd569, pid=15384, tid=11172
#
# JRE version: Java(TM) SE Runtime Environment (12.0.2+10) (build 12.0.2+10)
# Java VM: Java HotSpot(TM) 64-Bit Server VM (12.0.2+10, mixed mode, sharing, tiered, compressed oops, g1 gc, windows-amd64)
# Problematic frame:
# V  [jvm.dll+0x6cd569]
#
# No core dump will be written. Minidumps are not enabled by default on client versions of Windows
#
# If you would like to submit a bug report, please visit:
#   http://bugreport.java.com/bugreport/crash.jsp
#

---------------  S U M M A R Y ------------

Command Line: -Dcom.sun.management.jmxremote -Dcom.sun.management.jmxremote.port=60317 -Dcom.sun.management.jmxremote.authenticate=false -Dcom.sun.management.jmxremote.ssl=false -Djava.rmi.server.hostname=localhost -Dspring.jmx.enabled=true -Dspring.application.admin.enabled=true -Xverify:none -XX:TieredStopAtLevel=1 -Dfile.encoding=UTF-8 com.mauriciopd.cursomc.CursomcApplication --spring.output.ansi.enabled=always

Host: Intel(R) Core(TM) i5-4460  CPU @ 3.20GHz, 4 cores, 7G,  Windows 10 , 64 bit Build 17763 (10.0.17763.475)
Time: Sun Oct 13 12:58:37 2019 Hora oficial do Brasil elapsed time: 0 seconds (0d 0h 0m 0s)

---------------  T H R E A D  ---------------

Current thread (0x00000231822b3800):  WatcherThread [stack: 0x000000bf76c00000,0x000000bf76d00000] [id=11172]

Stack: [0x000000bf76c00000,0x000000bf76d00000],  sp=0x000000bf76cff7f0,  free space=1021k
Native frames: (J=compiled Java code, j=interpreted, Vv=VM code, C=native code)
V  [jvm.dll+0x6cd569]
V  [jvm.dll+0x71ccdd]
V  [jvm.dll+0x751449]
V  [jvm.dll+0x74a2c8]
V  [RPCRT4.dll+0x639b16]
C  [ucrtbase.dll+0x21ffa]
C  [KERNEL32.DLL+0x17974]
C  [RPCRT4.dll+0x6a271]


siginfo: EXCEPTION_ACCESS_VIOLATION (0xc0000005), reading address 0x0000000c0000000b


Register to memory mapping:

RIP=0x00007ffcb3ccd569 jvm.dll
RAX=0x0000023182274580 points into unknown readable memory: 0b 00 00 00 0c 00 00 00
RBX=0x0 is NULL
RCX=0x0000000c0000000b is an unknown value
RDX=0x0000000000000032 is an unknown value
RSP=0x000000bf76cff7f0 points into unknown readable memory: 00 38 2b 82 31 02 00 00
RBP=0x0000000000000002 is an unknown value
RSI=0x0000023182274630 points into unknown readable memory: 40 86 24 82 31 02 00 00
RDI=0x0 is NULL
R8 =0x0 is NULL
R9 =0x00000231ea570b80 is at begin+0 in a stub
StubRoutines::atomic_cmpxchg_long [0x00000231ea570b80, 0x00000231ea570b89[ (9 bytes)
R10=0x0000000000000001 is an unknown value
R11=0x00000116b7f0d0ef is an unknown value
R12=0x0 is NULL
R13=0x00000231822b3800 points into unknown readable memory: 90 3a ef b3 fc 7f 00 00
R14=0x0000000000000032 is an unknown value
R15=0x00000231822afe80 points into unknown readable memory: 00 00 00 00 00 00 00 00


Registers:
RAX=0x0000023182274580, RBX=0x0000000000000000, RCX=0x0000000c0000000b, RDX=0x0000000000000032
RSP=0x000000bf76cff7f0, RBP=0x0000000000000002, RSI=0x0000023182274630, RDI=0x0000000000000000
R8 =0x0000000000000000, R9 =0x00000231ea570b80, R10=0x0000000000000001, R11=0x00000116b7f0d0ef
R12=0x0000000000000000, R13=0x00000231822b3800, R14=0x0000000000000032, R15=0x00000231822afe80
RIP=0x00007ffcb3ccd569, EFLAGS=0x0000000000010202

Top of Stack: (sp=0x000000bf76cff7f0)
0x000000bf76cff7f0:   00000231822b3800 00000231822b3800
0x000000bf76cff800:   0000f8d827cfca1c 00007ffcb3c0ed19
0x000000bf76cff810:   00007ffcb40c1b28 00007ffcb3d1ccdd
0x000000bf76cff820:   0000000000000001 00000231e2185b10
0x000000bf76cff830:   00000231e2185b10 431bde82d7b634db
0x000000bf76cff840:   00000231822afe80 0000f8d827cfca1c
0x000000bf76cff850:   00000231e2185b10 00007ffcb3d51449
0x000000bf76cff860:   0000000000000001 0000000000000032
0x000000bf76cff870:   0000000000000032 0000000000000002
0x000000bf76cff880:   0000000000000000 0000000000000000
0x000000bf76cff890:   0000000000000000 00007ffcb39d05fe
0x000000bf76cff8a0:   0000000000000000 0000000000000000
0x000000bf76cff8b0:   0000000000000000 0000000000000000
0x000000bf76cff8c0:   00000231822b3800 0000000000000000
0x000000bf76cff8d0:   0000000000100000 000000bf76cffb20
0x000000bf76cff8e0:   000000bf76c00000 00007ffcb3d4a2c8 

Instructions: (pc=0x00007ffcb3ccd569)
0x00007ffcb3ccd469:   00 00 74 6c 48 83 3d 53 24 3e 00 00 75 62 48 89
0x00007ffcb3ccd479:   5c 24 20 e8 2f fb ff ff e8 8a 81 f9 ff 45 33 c0
0x00007ffcb3ccd489:   48 89 05 40 24 3e 00 41 8d 50 07 8d 4a 09 e8 64
0x00007ffcb3ccd499:   f5 9e ff 48 8b d8 48 85 c0 74 1b 48 63 15 15 6a
0x00007ffcb3ccd4a9:   34 00 48 8b c8 e8 7d f5 04 00 48 8d 05 be 1d 22
0x00007ffcb3ccd4b9:   00 48 89 03 eb 02 33 db 48 8b cb 48 89 1d fd 23
0x00007ffcb3ccd4c9:   3e 00 48 8b 5c 24 20 48 83 c4 28 e9 d7 f6 04 00
0x00007ffcb3ccd4d9:   48 83 c4 28 c3 cc cc 48 89 5c 24 10 56 48 83 ec
0x00007ffcb3ccd4e9:   20 48 8b 01 33 db 48 8b f1 39 18 7e 2a 48 89 7c
0x00007ffcb3ccd4f9:   24 30 8b fb 0f 1f 00 48 8b 40 18 48 8b 0c 07 48
0x00007ffcb3ccd509:   8b 01 ff 50 08 48 8b 06 48 8d 7f 08 ff c3 3b 18
0x00007ffcb3ccd519:   7c e5 48 8b 7c 24 30 48 8b 5c 24 38 48 83 c4 20
0x00007ffcb3ccd529:   5e c3 cc cc cc cc cc e9 bb 74 f6 ff cc cc cc cc
0x00007ffcb3ccd539:   cc cc cc cc cc cc cc 48 89 5c 24 10 56 48 83 ec
0x00007ffcb3ccd549:   20 48 8b 35 7f 23 3e 00 33 db 48 8b 06 39 18 7e
0x00007ffcb3ccd559:   27 48 89 7c 24 30 8b fb 48 8b 40 18 48 8b 0c 07
0x00007ffcb3ccd569:   48 8b 01 ff 50 08 48 8b 06 48 8d 7f 08 ff c3 3b
0x00007ffcb3ccd579:   18 7c e5 48 8b 7c 24 30 48 8b 5c 24 38 48 83 c4
0x00007ffcb3ccd589:   20 5e c3 cc cc cc cc 48 89 11 48 8b c1 4c 89 41
0x00007ffcb3ccd599:   08 c3 cc cc cc cc cc 40 53 48 81 ec b0 00 00 00
0x00007ffcb3ccd5a9:   48 8b d9 48 8d 4c 24 20 e8 0a 02 00 00 48 8d 54
0x00007ffcb3ccd5b9:   24 20 48 8b cb e8 dd 0d 00 00 48 81 c4 b0 00 00
0x00007ffcb3ccd5c9:   00 5b c3 cc cc cc cc 48 83 ec 28 e8 47 5b ad ff
0x00007ffcb3ccd5d9:   48 83 c4 28 e9 fe 0f 00 00 cc cc cc cc cc cc cc
0x00007ffcb3ccd5e9:   cc cc cc cc cc cc cc 40 53 48 83 ec 20 0f b6 d9
0x00007ffcb3ccd5f9:   e8 b2 00 00 00 0f b6 cb 48 83 c4 20 5b e9 f5 10
0x00007ffcb3ccd609:   00 00 cc cc cc cc cc 40 53 48 83 ec 20 48 8b d9
0x00007ffcb3ccd619:   e8 22 1f 00 00 48 8b d3 48 8b c8 4c 8b 00 41 ff
0x00007ffcb3ccd629:   90 a0 00 00 00 48 8b cb 48 83 c4 20 5b e9 75 e5
0x00007ffcb3ccd639:   f6 ff cc cc cc cc cc 48 83 ec 28 e8 f7 1e 00 00
0x00007ffcb3ccd649:   48 8b c8 48 8b 10 48 83 c4 28 48 ff a2 c0 00 00
0x00007ffcb3ccd659:   00 cc cc cc cc cc cc 48 89 5c 24 08 57 48 83 ec 


Stack slot to memory mapping:
stack at sp + 0 slots: 0x00000231822b3800 points into unknown readable memory: 90 3a ef b3 fc 7f 00 00
stack at sp + 1 slots: 0x00000231822b3800 points into unknown readable memory: 90 3a ef b3 fc 7f 00 00
stack at sp + 2 slots: 0x0000f8d827cfca1c is an unknown value
stack at sp + 3 slots: 0x00007ffcb3c0ed19 jvm.dll
stack at sp + 4 slots: 0x00007ffcb40c1b28 jvm.dll
stack at sp + 5 slots: 0x00007ffcb3d1ccdd jvm.dll
stack at sp + 6 slots: 0x0000000000000001 is an unknown value
stack at sp + 7 slots: 0x00000231e2185b10 points into unknown readable memory: 01 00 00 00 00 00 00 00


---------------  P R O C E S S  ---------------

Threads class SMR info:
_java_thread_list=0x0000023182247e00, length=12, elements={
0x00000231e2186000, 0x00000231fe58d000, 0x00000231fe597000, 0x00000231fe5a5800,
0x00000231fe5a8000, 0x00000231fe5aa800, 0x00000231fe5b5800, 0x00000231ff05f000,
0x00000231ff096800, 0x0000023182285800, 0x000002318221d000, 0x00000231ff9e4000
}

Java Threads: ( => current thread )
  0x00000231e2186000 JavaThread "main" [_thread_in_vm, id=9304, stack(0x000000bf75800000,0x000000bf75900000)]
  0x00000231fe58d000 JavaThread "Reference Handler" daemon [_thread_blocked, id=11620, stack(0x000000bf75f00000,0x000000bf76000000)]
  0x00000231fe597000 JavaThread "Finalizer" daemon [_thread_blocked, id=10032, stack(0x000000bf76000000,0x000000bf76100000)]
  0x00000231fe5a5800 JavaThread "Signal Dispatcher" daemon [_thread_blocked, id=2576, stack(0x000000bf76100000,0x000000bf76200000)]
  0x00000231fe5a8000 JavaThread "Attach Listener" daemon [_thread_blocked, id=9436, stack(0x000000bf76200000,0x000000bf76300000)]
  0x00000231fe5aa800 JavaThread "C1 CompilerThread0" daemon [_thread_blocked, id=7276, stack(0x000000bf76300000,0x000000bf76400000)]
  0x00000231fe5b5800 JavaThread "Sweeper thread" daemon [_thread_blocked, id=14376, stack(0x000000bf76400000,0x000000bf76500000)]
  0x00000231ff05f000 JavaThread "Common-Cleaner" daemon [_thread_blocked, id=15284, stack(0x000000bf76500000,0x000000bf76600000)]
  0x00000231ff096800 JavaThread "Service Thread" daemon [_thread_blocked, id=12744, stack(0x000000bf76600000,0x000000bf76700000)]
  0x0000023182285800 JavaThread "RMI TCP Accept-0" daemon [_thread_in_native, id=13648, stack(0x000000bf76900000,0x000000bf76a00000)]
  0x000002318221d000 JavaThread "RMI TCP Accept-60317" daemon [_thread_in_native, id=5524, stack(0x000000bf76a00000,0x000000bf76b00000)]
  0x00000231ff9e4000 JavaThread "RMI TCP Accept-0" daemon [_thread_in_native, id=10548, stack(0x000000bf76b00000,0x000000bf76c00000)]

Other Threads:
  0x00000231fe589000 VMThread "VM Thread" [stack: 0x000000bf75e00000,0x000000bf75f00000] [id=14276]
=>0x00000231822b3800 WatcherThread [stack: 0x000000bf76c00000,0x000000bf76d00000] [id=11172]
  0x00000231e21c4000 GCTaskThread "GC Thread#0" [stack: 0x000000bf75900000,0x000000bf75a00000] [id=11956]
  0x00000231ff065000 GCTaskThread "GC Thread#1" [stack: 0x000000bf76700000,0x000000bf76800000] [id=5068]
  0x00000231ff065800 GCTaskThread "GC Thread#2" [stack: 0x000000bf76800000,0x000000bf76900000] [id=15196]
  0x00000231e21d2800 ConcurrentGCThread "G1 Main Marker" [stack: 0x000000bf75a00000,0x000000bf75b00000] [id=14204]
  0x00000231e21d5000 ConcurrentGCThread "G1 Conc#0" [stack: 0x000000bf75b00000,0x000000bf75c00000] [id=12768]
  0x00000231e223e000 ConcurrentGCThread "G1 Refine#0" [stack: 0x000000bf75c00000,0x000000bf75d00000] [id=1344]
  0x00000231fe407000 ConcurrentGCThread "G1 Young RemSet Sampling" [stack: 0x000000bf75d00000,0x000000bf75e00000] [id=10528]

Threads with active compile tasks:

VM state:not at safepoint (normal execution)

VM Mutex/Monitor currently owned by a thread:  ([mutex/lock_event])
[0x00000231e2185b10] PeriodicTask_lock - owner thread: 0x00000231822b3800

Heap address: 0x0000000081800000, size: 2024 MB, Compressed Oops mode: 32-bit
Narrow klass base: 0x0000000800000000, Narrow klass shift: 3
Compressed class space size: 1073741824 Address: 0x0000000801190000

Heap:
 garbage-first heap   total 131072K, used 23047K [0x0000000081800000, 0x0000000100000000)
  region size 1024K, 10 young (10240K), 2 survivors (2048K)
 Metaspace       used 5618K, capacity 6114K, committed 6272K, reserved 1056768K
  class space    used 703K, capacity 795K, committed 896K, reserved 1048576K
Heap Regions: E=young(eden), S=young(survivor), O=old, HS=humongous(starts), HC=humongous(continues), CS=collection set, F=free, A=archive, TAMS=top-at-mark-start (previous, next)
|   0|0x0000000081800000, 0x0000000081900000, 0x0000000081900000|100%|HS|  |TAMS 0x0000000081800000, 0x0000000081800000| Complete 
|   1|0x0000000081900000, 0x0000000081a00000, 0x0000000081a00000|100%| O|  |TAMS 0x0000000081900000, 0x0000000081900000| Untracked 
|   2|0x0000000081a00000, 0x0000000081b00000, 0x0000000081b00000|100%| O|  |TAMS 0x0000000081a00000, 0x0000000081a00000| Untracked 
|   3|0x0000000081b00000, 0x0000000081c00000, 0x0000000081c00000|100%| O|  |TAMS 0x0000000081b00000, 0x0000000081b00000| Untracked 
|   4|0x0000000081c00000, 0x0000000081d00000, 0x0000000081d00000|100%| O|  |TAMS 0x0000000081c00000, 0x0000000081c00000| Untracked 
|   5|0x0000000081d00000, 0x0000000081e00000, 0x0000000081e00000|100%| O|  |TAMS 0x0000000081d00000, 0x0000000081d00000| Untracked 
|   6|0x0000000081e00000, 0x0000000081f00000, 0x0000000081f00000|100%| O|  |TAMS 0x0000000081e00000, 0x0000000081e00000| Untracked 
|   7|0x0000000081f00000, 0x0000000082000000, 0x0000000082000000|100%| O|  |TAMS 0x0000000081f00000, 0x0000000081f00000| Untracked 
|   8|0x0000000082000000, 0x0000000082100000, 0x0000000082100000|100%| O|  |TAMS 0x0000000082000000, 0x0000000082000000| Untracked 
|   9|0x0000000082100000, 0x0000000082200000, 0x0000000082200000|100%| O|  |TAMS 0x0000000082100000, 0x0000000082100000| Untracked 
|  10|0x0000000082200000, 0x0000000082300000, 0x0000000082300000|100%| O|  |TAMS 0x0000000082200000, 0x0000000082200000| Untracked 
|  11|0x0000000082300000, 0x0000000082400000, 0x0000000082400000|100%| O|  |TAMS 0x0000000082300000, 0x0000000082300000| Untracked 
|  12|0x0000000082400000, 0x0000000082500000, 0x0000000082500000|100%| O|  |TAMS 0x0000000082400000, 0x0000000082400000| Untracked 
|  13|0x0000000082500000, 0x0000000082600000, 0x0000000082600000|100%| O|  |TAMS 0x0000000082500000, 0x0000000082500000| Untracked 
|  14|0x0000000082600000, 0x0000000082681c00, 0x0000000082700000| 50%| O|  |TAMS 0x0000000082600000, 0x0000000082600000| Untracked 
|  15|0x0000000082700000, 0x0000000082700000, 0x0000000082800000|  0%| F|  |TAMS 0x0000000082700000, 0x0000000082700000| Untracked 
|  16|0x0000000082800000, 0x0000000082800000, 0x0000000082900000|  0%| F|  |TAMS 0x0000000082800000, 0x0000000082800000| Untracked 
|  17|0x0000000082900000, 0x0000000082900000, 0x0000000082a00000|  0%| F|  |TAMS 0x0000000082900000, 0x0000000082900000| Untracked 
|  18|0x0000000082a00000, 0x0000000082a00000, 0x0000000082b00000|  0%| F|  |TAMS 0x0000000082a00000, 0x0000000082a00000| Untracked 
|  19|0x0000000082b00000, 0x0000000082b00000, 0x0000000082c00000|  0%| F|  |TAMS 0x0000000082b00000, 0x0000000082b00000| Untracked 
|  20|0x0000000082c00000, 0x0000000082c00000, 0x0000000082d00000|  0%| F|  |TAMS 0x0000000082c00000, 0x0000000082c00000| Untracked 
|  21|0x0000000082d00000, 0x0000000082d00000, 0x0000000082e00000|  0%| F|  |TAMS 0x0000000082d00000, 0x0000000082d00000| Untracked 
|  22|0x0000000082e00000, 0x0000000082e00000, 0x0000000082f00000|  0%| F|  |TAMS 0x0000000082e00000, 0x0000000082e00000| Untracked 
|  23|0x0000000082f00000, 0x0000000082f00000, 0x0000000083000000|  0%| F|  |TAMS 0x0000000082f00000, 0x0000000082f00000| Untracked 
|  24|0x0000000083000000, 0x0000000083000000, 0x0000000083100000|  0%| F|  |TAMS 0x0000000083000000, 0x0000000083000000| Untracked 
|  25|0x0000000083100000, 0x0000000083100000, 0x0000000083200000|  0%| F|  |TAMS 0x0000000083100000, 0x0000000083100000| Untracked 
|  26|0x0000000083200000, 0x0000000083200000, 0x0000000083300000|  0%| F|  |TAMS 0x0000000083200000, 0x0000000083200000| Untracked 
|  27|0x0000000083300000, 0x0000000083300000, 0x0000000083400000|  0%| F|  |TAMS 0x0000000083300000, 0x0000000083300000| Untracked 
|  28|0x0000000083400000, 0x0000000083400000, 0x0000000083500000|  0%| F|  |TAMS 0x0000000083400000, 0x0000000083400000| Untracked 
|  29|0x0000000083500000, 0x0000000083500000, 0x0000000083600000|  0%| F|  |TAMS 0x0000000083500000, 0x0000000083500000| Untracked 
|  30|0x0000000083600000, 0x0000000083600000, 0x0000000083700000|  0%| F|  |TAMS 0x0000000083600000, 0x0000000083600000| Untracked 
|  31|0x0000000083700000, 0x0000000083700000, 0x0000000083800000|  0%| F|  |TAMS 0x0000000083700000, 0x0000000083700000| Untracked 
|  32|0x0000000083800000, 0x0000000083800000, 0x0000000083900000|  0%| F|  |TAMS 0x0000000083800000, 0x0000000083800000| Untracked 
|  33|0x0000000083900000, 0x0000000083900000, 0x0000000083a00000|  0%| F|  |TAMS 0x0000000083900000, 0x0000000083900000| Untracked 
|  34|0x0000000083a00000, 0x0000000083a00000, 0x0000000083b00000|  0%| F|  |TAMS 0x0000000083a00000, 0x0000000083a00000| Untracked 
|  35|0x0000000083b00000, 0x0000000083b00000, 0x0000000083c00000|  0%| F|  |TAMS 0x0000000083b00000, 0x0000000083b00000| Untracked 
|  36|0x0000000083c00000, 0x0000000083c00000, 0x0000000083d00000|  0%| F|  |TAMS 0x0000000083c00000, 0x0000000083c00000| Untracked 
|  37|0x0000000083d00000, 0x0000000083d00000, 0x0000000083e00000|  0%| F|  |TAMS 0x0000000083d00000, 0x0000000083d00000| Untracked 
|  38|0x0000000083e00000, 0x0000000083e00000, 0x0000000083f00000|  0%| F|  |TAMS 0x0000000083e00000, 0x0000000083e00000| Untracked 
|  39|0x0000000083f00000, 0x0000000083f00000, 0x0000000084000000|  0%| F|  |TAMS 0x0000000083f00000, 0x0000000083f00000| Untracked 
|  40|0x0000000084000000, 0x0000000084000000, 0x0000000084100000|  0%| F|  |TAMS 0x0000000084000000, 0x0000000084000000| Untracked 
|  41|0x0000000084100000, 0x0000000084100000, 0x0000000084200000|  0%| F|  |TAMS 0x0000000084100000, 0x0000000084100000| Untracked 
|  42|0x0000000084200000, 0x0000000084200000, 0x0000000084300000|  0%| F|  |TAMS 0x0000000084200000, 0x0000000084200000| Untracked 
|  43|0x0000000084300000, 0x0000000084300000, 0x0000000084400000|  0%| F|  |TAMS 0x0000000084300000, 0x0000000084300000| Untracked 
|  44|0x0000000084400000, 0x0000000084400000, 0x0000000084500000|  0%| F|  |TAMS 0x0000000084400000, 0x0000000084400000| Untracked 
|  45|0x0000000084500000, 0x0000000084500000, 0x0000000084600000|  0%| F|  |TAMS 0x0000000084500000, 0x0000000084500000| Untracked 
|  46|0x0000000084600000, 0x0000000084600000, 0x0000000084700000|  0%| F|  |TAMS 0x0000000084600000, 0x0000000084600000| Untracked 
|  47|0x0000000084700000, 0x0000000084700000, 0x0000000084800000|  0%| F|  |TAMS 0x0000000084700000, 0x0000000084700000| Untracked 
|  48|0x0000000084800000, 0x0000000084800000, 0x0000000084900000|  0%| F|  |TAMS 0x0000000084800000, 0x0000000084800000| Untracked 
|  49|0x0000000084900000, 0x0000000084900000, 0x0000000084a00000|  0%| F|  |TAMS 0x0000000084900000, 0x0000000084900000| Untracked 
|  50|0x0000000084a00000, 0x0000000084a00000, 0x0000000084b00000|  0%| F|  |TAMS 0x0000000084a00000, 0x0000000084a00000| Untracked 
|  51|0x0000000084b00000, 0x0000000084b00000, 0x0000000084c00000|  0%| F|  |TAMS 0x0000000084b00000, 0x0000000084b00000| Untracked 
|  52|0x0000000084c00000, 0x0000000084c00000, 0x0000000084d00000|  0%| F|  |TAMS 0x0000000084c00000, 0x0000000084c00000| Untracked 
|  53|0x0000000084d00000, 0x0000000084d00000, 0x0000000084e00000|  0%| F|  |TAMS 0x0000000084d00000, 0x0000000084d00000| Untracked 
|  54|0x0000000084e00000, 0x0000000084e00000, 0x0000000084f00000|  0%| F|  |TAMS 0x0000000084e00000, 0x0000000084e00000| Untracked 
|  55|0x0000000084f00000, 0x0000000084f00000, 0x0000000085000000|  0%| F|  |TAMS 0x0000000084f00000, 0x0000000084f00000| Untracked 
|  56|0x0000000085000000, 0x0000000085000000, 0x0000000085100000|  0%| F|  |TAMS 0x0000000085000000, 0x0000000085000000| Untracked 
|  57|0x0000000085100000, 0x0000000085100000, 0x0000000085200000|  0%| F|  |TAMS 0x0000000085100000, 0x0000000085100000| Untracked 
|  58|0x0000000085200000, 0x0000000085200000, 0x0000000085300000|  0%| F|  |TAMS 0x0000000085200000, 0x0000000085200000| Untracked 
|  59|0x0000000085300000, 0x0000000085300000, 0x0000000085400000|  0%| F|  |TAMS 0x0000000085300000, 0x0000000085300000| Untracked 
|  60|0x0000000085400000, 0x0000000085400000, 0x0000000085500000|  0%| F|  |TAMS 0x0000000085400000, 0x0000000085400000| Untracked 
|  61|0x0000000085500000, 0x0000000085500000, 0x0000000085600000|  0%| F|  |TAMS 0x0000000085500000, 0x0000000085500000| Untracked 
|  62|0x0000000085600000, 0x0000000085600000, 0x0000000085700000|  0%| F|  |TAMS 0x0000000085600000, 0x0000000085600000| Untracked 
|  63|0x0000000085700000, 0x0000000085700000, 0x0000000085800000|  0%| F|  |TAMS 0x0000000085700000, 0x0000000085700000| Untracked 
|  64|0x0000000085800000, 0x0000000085800000, 0x0000000085900000|  0%| F|  |TAMS 0x0000000085800000, 0x0000000085800000| Untracked 
|  65|0x0000000085900000, 0x0000000085900000, 0x0000000085a00000|  0%| F|  |TAMS 0x0000000085900000, 0x0000000085900000| Untracked 
|  66|0x0000000085a00000, 0x0000000085a00000, 0x0000000085b00000|  0%| F|  |TAMS 0x0000000085a00000, 0x0000000085a00000| Untracked 
|  67|0x0000000085b00000, 0x0000000085b00000, 0x0000000085c00000|  0%| F|  |TAMS 0x0000000085b00000, 0x0000000085b00000| Untracked 
|  68|0x0000000085c00000, 0x0000000085c00000, 0x0000000085d00000|  0%| F|  |TAMS 0x0000000085c00000, 0x0000000085c00000| Untracked 
|  69|0x0000000085d00000, 0x0000000085d00000, 0x0000000085e00000|  0%| F|  |TAMS 0x0000000085d00000, 0x0000000085d00000| Untracked 
|  70|0x0000000085e00000, 0x0000000085e00000, 0x0000000085f00000|  0%| F|  |TAMS 0x0000000085e00000, 0x0000000085e00000| Untracked 
|  71|0x0000000085f00000, 0x0000000085f00000, 0x0000000086000000|  0%| F|  |TAMS 0x0000000085f00000, 0x0000000085f00000| Untracked 
|  72|0x0000000086000000, 0x0000000086000000, 0x0000000086100000|  0%| F|  |TAMS 0x0000000086000000, 0x0000000086000000| Untracked 
|  73|0x0000000086100000, 0x0000000086100000, 0x0000000086200000|  0%| F|  |TAMS 0x0000000086100000, 0x0000000086100000| Untracked 
|  74|0x0000000086200000, 0x0000000086200000, 0x0000000086300000|  0%| F|  |TAMS 0x0000000086200000, 0x0000000086200000| Untracked 
|  75|0x0000000086300000, 0x0000000086300000, 0x0000000086400000|  0%| F|  |TAMS 0x0000000086300000, 0x0000000086300000| Untracked 
|  76|0x0000000086400000, 0x0000000086400000, 0x0000000086500000|  0%| F|  |TAMS 0x0000000086400000, 0x0000000086400000| Untracked 
|  77|0x0000000086500000, 0x0000000086500000, 0x0000000086600000|  0%| F|  |TAMS 0x0000000086500000, 0x0000000086500000| Untracked 
|  78|0x0000000086600000, 0x0000000086600000, 0x0000000086700000|  0%| F|  |TAMS 0x0000000086600000, 0x0000000086600000| Untracked 
|  79|0x0000000086700000, 0x0000000086700000, 0x0000000086800000|  0%| F|  |TAMS 0x0000000086700000, 0x0000000086700000| Untracked 
|  80|0x0000000086800000, 0x0000000086800000, 0x0000000086900000|  0%| F|  |TAMS 0x0000000086800000, 0x0000000086800000| Untracked 
|  81|0x0000000086900000, 0x0000000086900000, 0x0000000086a00000|  0%| F|  |TAMS 0x0000000086900000, 0x0000000086900000| Untracked 
|  82|0x0000000086a00000, 0x0000000086a00000, 0x0000000086b00000|  0%| F|  |TAMS 0x0000000086a00000, 0x0000000086a00000| Untracked 
|  83|0x0000000086b00000, 0x0000000086b00000, 0x0000000086c00000|  0%| F|  |TAMS 0x0000000086b00000, 0x0000000086b00000| Untracked 
|  84|0x0000000086c00000, 0x0000000086c00000, 0x0000000086d00000|  0%| F|  |TAMS 0x0000000086c00000, 0x0000000086c00000| Untracked 
|  85|0x0000000086d00000, 0x0000000086d00000, 0x0000000086e00000|  0%| F|  |TAMS 0x0000000086d00000, 0x0000000086d00000| Untracked 
|  86|0x0000000086e00000, 0x0000000086e00000, 0x0000000086f00000|  0%| F|  |TAMS 0x0000000086e00000, 0x0000000086e00000| Untracked 
|  87|0x0000000086f00000, 0x0000000086f00000, 0x0000000087000000|  0%| F|  |TAMS 0x0000000086f00000, 0x0000000086f00000| Untracked 
|  88|0x0000000087000000, 0x0000000087000000, 0x0000000087100000|  0%| F|  |TAMS 0x0000000087000000, 0x0000000087000000| Untracked 
|  89|0x0000000087100000, 0x0000000087100000, 0x0000000087200000|  0%| F|  |TAMS 0x0000000087100000, 0x0000000087100000| Untracked 
|  90|0x0000000087200000, 0x0000000087200000, 0x0000000087300000|  0%| F|  |TAMS 0x0000000087200000, 0x0000000087200000| Untracked 
|  91|0x0000000087300000, 0x0000000087300000, 0x0000000087400000|  0%| F|  |TAMS 0x0000000087300000, 0x0000000087300000| Untracked 
|  92|0x0000000087400000, 0x0000000087400000, 0x0000000087500000|  0%| F|  |TAMS 0x0000000087400000, 0x0000000087400000| Untracked 
|  93|0x0000000087500000, 0x0000000087500000, 0x0000000087600000|  0%| F|  |TAMS 0x0000000087500000, 0x0000000087500000| Untracked 
|  94|0x0000000087600000, 0x0000000087600000, 0x0000000087700000|  0%| F|  |TAMS 0x0000000087600000, 0x0000000087600000| Untracked 
|  95|0x0000000087700000, 0x0000000087700000, 0x0000000087800000|  0%| F|  |TAMS 0x0000000087700000, 0x0000000087700000| Untracked 
|  96|0x0000000087800000, 0x0000000087800000, 0x0000000087900000|  0%| F|  |TAMS 0x0000000087800000, 0x0000000087800000| Untracked 
|  97|0x0000000087900000, 0x0000000087900000, 0x0000000087a00000|  0%| F|  |TAMS 0x0000000087900000, 0x0000000087900000| Untracked 
|  98|0x0000000087a00000, 0x0000000087a00000, 0x0000000087b00000|  0%| F|  |TAMS 0x0000000087a00000, 0x0000000087a00000| Untracked 
|  99|0x0000000087b00000, 0x0000000087b00000, 0x0000000087c00000|  0%| F|  |TAMS 0x0000000087b00000, 0x0000000087b00000| Untracked 
| 100|0x0000000087c00000, 0x0000000087c00000, 0x0000000087d00000|  0%| F|  |TAMS 0x0000000087c00000, 0x0000000087c00000| Untracked 
| 101|0x0000000087d00000, 0x0000000087d00000, 0x0000000087e00000|  0%| F|  |TAMS 0x0000000087d00000, 0x0000000087d00000| Untracked 
| 102|0x0000000087e00000, 0x0000000087e00000, 0x0000000087f00000|  0%| F|  |TAMS 0x0000000087e00000, 0x0000000087e00000| Untracked 
| 103|0x0000000087f00000, 0x0000000087f00000, 0x0000000088000000|  0%| F|  |TAMS 0x0000000087f00000, 0x0000000087f00000| Untracked 
| 104|0x0000000088000000, 0x0000000088000000, 0x0000000088100000|  0%| F|  |TAMS 0x0000000088000000, 0x0000000088000000| Untracked 
| 105|0x0000000088100000, 0x0000000088100000, 0x0000000088200000|  0%| F|  |TAMS 0x0000000088100000, 0x0000000088100000| Untracked 
| 106|0x0000000088200000, 0x0000000088200000, 0x0000000088300000|  0%| F|  |TAMS 0x0000000088200000, 0x0000000088200000| Untracked 
| 107|0x0000000088300000, 0x0000000088300000, 0x0000000088400000|  0%| F|  |TAMS 0x0000000088300000, 0x0000000088300000| Untracked 
| 108|0x0000000088400000, 0x0000000088400000, 0x0000000088500000|  0%| F|  |TAMS 0x0000000088400000, 0x0000000088400000| Untracked 
| 109|0x0000000088500000, 0x0000000088500000, 0x0000000088600000|  0%| F|  |TAMS 0x0000000088500000, 0x0000000088500000| Untracked 
| 110|0x0000000088600000, 0x0000000088600000, 0x0000000088700000|  0%| F|  |TAMS 0x0000000088600000, 0x0000000088600000| Untracked 
| 111|0x0000000088700000, 0x0000000088700000, 0x0000000088800000|  0%| F|  |TAMS 0x0000000088700000, 0x0000000088700000| Untracked 
| 112|0x0000000088800000, 0x0000000088800000, 0x0000000088900000|  0%| F|  |TAMS 0x0000000088800000, 0x0000000088800000| Untracked 
| 113|0x0000000088900000, 0x0000000088900000, 0x0000000088a00000|  0%| F|  |TAMS 0x0000000088900000, 0x0000000088900000| Untracked 
| 114|0x0000000088a00000, 0x0000000088a00000, 0x0000000088b00000|  0%| F|  |TAMS 0x0000000088a00000, 0x0000000088a00000| Untracked 
| 115|0x0000000088b00000, 0x0000000088b00000, 0x0000000088c00000|  0%| F|  |TAMS 0x0000000088b00000, 0x0000000088b00000| Untracked 
| 116|0x0000000088c00000, 0x0000000088c00000, 0x0000000088d00000|  0%| F|  |TAMS 0x0000000088c00000, 0x0000000088c00000| Untracked 
| 117|0x0000000088d00000, 0x0000000088d56650, 0x0000000088e00000| 33%| E|  |TAMS 0x0000000088d00000, 0x0000000088d00000| Complete 
| 118|0x0000000088e00000, 0x0000000088f00000, 0x0000000088f00000|100%| E|CS|TAMS 0x0000000088e00000, 0x0000000088e00000| Complete 
| 119|0x0000000088f00000, 0x0000000089000000, 0x0000000089000000|100%| S|CS|TAMS 0x0000000088f00000, 0x0000000088f00000| Complete 
| 120|0x0000000089000000, 0x0000000089100000, 0x0000000089100000|100%| S|CS|TAMS 0x0000000089000000, 0x0000000089000000| Complete 
| 121|0x0000000089100000, 0x0000000089200000, 0x0000000089200000|100%| E|CS|TAMS 0x0000000089100000, 0x0000000089100000| Complete 
| 122|0x0000000089200000, 0x0000000089300000, 0x0000000089300000|100%| E|CS|TAMS 0x0000000089200000, 0x0000000089200000| Complete 
| 123|0x0000000089300000, 0x0000000089400000, 0x0000000089400000|100%| E|CS|TAMS 0x0000000089300000, 0x0000000089300000| Complete 
| 124|0x0000000089400000, 0x0000000089500000, 0x0000000089500000|100%| E|CS|TAMS 0x0000000089400000, 0x0000000089400000| Complete 
| 125|0x0000000089500000, 0x0000000089600000, 0x0000000089600000|100%| E|CS|TAMS 0x0000000089500000, 0x0000000089500000| Complete 
| 126|0x0000000089600000, 0x0000000089700000, 0x0000000089700000|100%| E|CS|TAMS 0x0000000089600000, 0x0000000089600000| Complete 
| 127|0x0000000089700000, 0x0000000089800000, 0x0000000089800000|100%| E|  |TAMS 0x0000000089700000, 0x0000000089700000| Complete 

Card table byte_map: [0x00000231f9970000,0x00000231f9d70000] _byte_map_base: 0x00000231f9564000

Marking Bits (Prev, Next): (CMBitMap*) 0x00000231e21c5e78, (CMBitMap*) 0x00000231e21c5eb8
 Prev Bits: [0x00000231fa170000, 0x00000231fc110000)
 Next Bits: [0x00000231fc110000, 0x00000231fe0b0000)

Polling page: 0x00000231dff60000

Metaspace:

Usage:
  Non-class:      5.26 MB capacity,     4.85 MB ( 92%) used,   397.14 KB (  7%) free+waste,    20.25 KB ( <1%) overhead. 
      Class:    796.00 KB capacity,   706.81 KB ( 89%) used,    77.50 KB ( 10%) free+waste,    11.69 KB (  1%) overhead. 
       Both:      6.04 MB capacity,     5.54 MB ( 92%) used,   474.64 KB (  8%) free+waste,    31.94 KB ( <1%) overhead. 

Virtual space:
  Non-class space:        8.00 MB reserved,       5.50 MB ( 69%) committed 
      Class space:        1.00 GB reserved,     896.00 KB ( <1%) committed 
             Both:        1.01 GB reserved,       6.38 MB ( <1%) committed 

Chunk freelists:
   Non-Class:  6.88 KB
       Class:  512 bytes
        Both:  7.38 KB

CodeHeap 'non-profiled nmethods': size=238912Kb used=1816Kb max_used=1816Kb free=237095Kb
 bounds [0x00000231eac20000, 0x00000231eae90000, 0x00000231f9570000]
CodeHeap 'non-nmethods': size=6848Kb used=1134Kb max_used=1134Kb free=5713Kb
 bounds [0x00000231ea570000, 0x00000231ea7e0000, 0x00000231eac20000]
 total_blobs=1657 nmethods=1199 adapters=368
 compilation: enabled
              stopped_count=0, restarted_count=0
 full_count=0

Compilation events (10 events):
Event: 0.888 Thread 0x00000231fe5aa800 nmethod 1094 0x00000231eadaee10 code [0x00000231eadaf000, 0x00000231eadaf250]
Event: 0.888 Thread 0x00000231fe5aa800 1095       1       sun.util.locale.BaseLocale::getInstance (76 bytes)
Event: 0.888 Thread 0x00000231fe5aa800 nmethod 1095 0x00000231eadaf390 code [0x00000231eadaf5a0, 0x00000231eadaf8d0]
Event: 0.888 Thread 0x00000231fe5aa800 1075       1       sun.util.locale.LanguageTag::getLanguage (5 bytes)
Event: 0.888 Thread 0x00000231fe5aa800 nmethod 1075 0x00000231eadafa10 code [0x00000231eadafbc0, 0x00000231eadafcf8]
Event: 0.888 Thread 0x00000231fe5aa800 1076       1       sun.util.locale.LanguageTag::getScript (5 bytes)
Event: 0.889 Thread 0x00000231fe5aa800 nmethod 1076 0x00000231eadafd90 code [0x00000231eadaff40, 0x00000231eadb0078]
Event: 0.889 Thread 0x00000231fe5aa800 1077       1       sun.util.locale.LanguageTag::getRegion (5 bytes)
Event: 0.889 Thread 0x00000231fe5aa800 nmethod 1077 0x00000231eadb0110 code [0x00000231eadb02c0, 0x00000231eadb03f8]
Event: 0.889 Thread 0x00000231fe5aa800 1078       1       sun.util.locale.LanguageTag::getPrivateuse (5 bytes)

GC Heap History (4 events):
Event: 0.390 GC heap before
{Heap before GC invocations=0 (full 0):
 garbage-first heap   total 131072K, used 14336K [0x0000000081800000, 0x0000000100000000)
  region size 1024K, 14 young (14336K), 0 survivors (0K)
 Metaspace       used 503K, capacity 4518K, committed 4864K, reserved 1056768K
  class space    used 46K, capacity 399K, committed 512K, reserved 1048576K
}
Event: 0.396 GC heap after
{Heap after GC invocations=1 (full 0):
 garbage-first heap   total 131072K, used 12622K [0x0000000081800000, 0x0000000100000000)
  region size 1024K, 2 young (2048K), 2 survivors (2048K)
 Metaspace       used 503K, capacity 4518K, committed 4864K, reserved 1056768K
  class space    used 46K, capacity 399K, committed 512K, reserved 1048576K
}
Event: 0.817 GC heap before
{Heap before GC invocations=1 (full 0):
 garbage-first heap   total 131072K, used 19790K [0x0000000081800000, 0x0000000100000000)
  region size 1024K, 9 young (9216K), 2 survivors (2048K)
 Metaspace       used 4091K, capacity 4963K, committed 5248K, reserved 1056768K
  class space    used 521K, capacity 599K, committed 640K, reserved 1048576K
}
Event: 0.821 GC heap after
{Heap after GC invocations=2 (full 0):
 garbage-first heap   total 131072K, used 16903K [0x0000000081800000, 0x0000000100000000)
  region size 1024K, 2 young (2048K), 2 survivors (2048K)
 Metaspace       used 4091K, capacity 4963K, committed 5248K, reserved 1056768K
  class space    used 521K, capacity 599K, committed 640K, reserved 1048576K
}

Deoptimization events (0 events):
No events

Classes redefined (0 events):
No events

Internal exceptions (10 events):
Event: 0.471 Thread 0x00000231e2186000 Exception <a 'java/lang/NoSuchMethodError'{0x0000000089486fe8}: java.lang.invoke.DirectMethodHandle$Holder.invokeStaticInit(Ljava/lang/Object;Ljava/lang/Object;Ljava/lang/Object;)Ljava/lang/Object;> (0x0000000089486fe8) thrown at [t:/workspace/open/src/ho
Event: 0.474 Thread 0x00000231e2186000 Exception <a 'java/lang/NoSuchMethodError'{0x00000000894a0390}: java.lang.invoke.DirectMethodHandle$Holder.invokeInterface(Ljava/lang/Object;Ljava/lang/Object;)I> (0x00000000894a0390) thrown at [t:/workspace/open/src/hotspot/share/interpreter/linkResolver
Event: 0.475 Thread 0x00000231e2186000 Exception <a 'java/lang/IncompatibleClassChangeError'{0x00000000894a2e98}: Found class java.lang.Object, but interface was expected> (0x00000000894a2e98) thrown at [t:/workspace/open/src/hotspot/share/interpreter/linkResolver.cpp, line 843]
Event: 0.570 Thread 0x00000231e2186000 Exception <a 'java/lang/NoSuchMethodError'{0x00000000892c3260}: java.lang.invoke.DirectMethodHandle$Holder.invokeSpecialIFC(Ljava/lang/Object;Ljava/lang/Object;Ljava/lang/Object;)I> (0x00000000892c3260) thrown at [t:/workspace/open/src/hotspot/share/inter
Event: 0.586 Thread 0x00000231e2186000 Exception <a 'java/lang/NoSuchMethodError'{0x00000000891271c0}: java.lang.invoke.DirectMethodHandle$Holder.invokeStaticInit(Ljava/lang/Object;IIII)Ljava/lang/Object;> (0x00000000891271c0) thrown at [t:/workspace/open/src/hotspot/share/interpreter/linkReso
Event: 0.793 Thread 0x00000231e2186000 Exception <a 'java/lang/NoSuchMethodError'{0x00000000891749f8}: java.lang.invoke.DirectMethodHandle$Holder.invokeStaticInit(Ljava/lang/Object;Ljava/lang/Object;IIII)Ljava/lang/Object;> (0x00000000891749f8) thrown at [t:/workspace/open/src/hotspot/share/in
Event: 0.800 Thread 0x00000231e2186000 Exception <a 'java/lang/ClassNotFoundException'{0x000000008918ffa8}: javax/management/remote/rmi/RMIServerImpl_Skel> (0x000000008918ffa8) thrown at [t:/workspace/open/src/hotspot/share/classfile/systemDictionary.cpp, line 235]
Event: 0.828 Thread 0x00000231e2186000 Exception <a 'java/lang/ClassNotFoundException'{0x0000000089738ce8}: jdk/internal/agent/resources/spi/agentProvider> (0x0000000089738ce8) thrown at [t:/workspace/open/src/hotspot/share/classfile/systemDictionary.cpp, line 235]
Event: 0.862 Thread 0x00000231e2186000 Exception <a 'java/lang/ClassNotFoundException'{0x00000000895b0430}: javax/smartcardio/CardPermission> (0x00000000895b0430) thrown at [t:/workspace/open/src/hotspot/share/classfile/systemDictionary.cpp, line 235]
Event: 0.864 Thread 0x00000231e2186000 Exception <a 'java/io/FileNotFoundException'{0x00000000895be908}> (0x00000000895be908) thrown at [t:/workspace/open/src/hotspot/share/prims/jni.cpp, line 615]

Events (10 events):
Event: 0.878 loading class sun/util/calendar/ZoneInfoFile$Checksum
Event: 0.878 loading class java/util/zip/CRC32
Event: 0.878 loading class java/util/zip/Checksum
Event: 0.878 loading class java/util/zip/Checksum done
Event: 0.878 loading class java/util/zip/CRC32 done
Event: 0.878 loading class sun/util/calendar/ZoneInfoFile$Checksum done
Event: 0.878 loading class java/util/zip/Checksum$1
Event: 0.878 loading class java/util/zip/Checksum$1 done
Event: 0.888 loading class sun/util/resources/cldr/CalendarData
Event: 0.888 loading class sun/util/resources/cldr/CalendarData done


Dynamic libraries:
0x00007ff6bd740000 - 0x00007ff6bd74f000 	C:\Program Files\Java\jdk-12.0.2\bin\javaw.exe
0x00007ffd04b80000 - 0x00007ffd04d6d000 	C:\WINDOWS\SYSTEM32\ntdll.dll
0x00007ffd04590000 - 0x00007ffd04643000 	C:\WINDOWS\System32\KERNEL32.DLL
0x00007ffd010a0000 - 0x00007ffd01333000 	C:\WINDOWS\System32\KERNELBASE.dll
0x00007ffd00eb0000 - 0x00007ffd00faa000 	C:\WINDOWS\System32\ucrtbase.dll
0x00007ffcd9460000 - 0x00007ffcd9478000 	C:\Program Files\Java\jdk-12.0.2\bin\jli.dll
0x00007ffcd8500000 - 0x00007ffcd8516000 	C:\Program Files\Java\jdk-12.0.2\bin\VCRUNTIME140.dll
0x00007ffd04990000 - 0x00007ffd04a33000 	C:\WINDOWS\System32\ADVAPI32.dll
0x00007ffd02480000 - 0x00007ffd0251e000 	C:\WINDOWS\System32\msvcrt.dll
0x00007ffd03f30000 - 0x00007ffd03fce000 	C:\WINDOWS\System32\sechost.dll
0x00007ffd01da0000 - 0x00007ffd01ec2000 	C:\WINDOWS\System32\RPCRT4.dll
0x00007ffd040c0000 - 0x00007ffd04257000 	C:\WINDOWS\System32\USER32.dll
0x00007ffd01cb0000 - 0x00007ffd01cd0000 	C:\WINDOWS\System32\win32u.dll
0x00007ffcf2180000 - 0x00007ffcf23f9000 	C:\WINDOWS\WinSxS\amd64_microsoft.windows.common-controls_6595b64144ccf1df_6.0.17763.802_none_05b1445c0722d2cc\COMCTL32.dll
0x00007ffd046d0000 - 0x00007ffd046f9000 	C:\WINDOWS\System32\GDI32.dll
0x00007ffd01b10000 - 0x00007ffd01ca9000 	C:\WINDOWS\System32\gdi32full.dll
0x00007ffd01000000 - 0x00007ffd010a0000 	C:\WINDOWS\System32\msvcp_win.dll
0x00007ffd04260000 - 0x00007ffd0458c000 	C:\WINDOWS\System32\combase.dll
0x00007ffd01340000 - 0x00007ffd013be000 	C:\WINDOWS\System32\bcryptPrimitives.dll
0x00007ffcfcf60000 - 0x00007ffcfcf6a000 	C:\WINDOWS\SYSTEM32\VERSION.dll
0x00007ffd02380000 - 0x00007ffd023ae000 	C:\WINDOWS\System32\IMM32.DLL
0x00007ffccf8b0000 - 0x00007ffccf95a000 	C:\Program Files\Java\jdk-12.0.2\bin\msvcp140.dll
0x00007ffcb3600000 - 0x00007ffcb4177000 	C:\Program Files\Java\jdk-12.0.2\bin\server\jvm.dll
0x00007ffd046c0000 - 0x00007ffd046c8000 	C:\WINDOWS\System32\PSAPI.DLL
0x00007ffcf2480000 - 0x00007ffcf2489000 	C:\WINDOWS\SYSTEM32\WSOCK32.dll
0x00007ffd03fd0000 - 0x00007ffd0403d000 	C:\WINDOWS\System32\WS2_32.dll
0x00007ffcf65d0000 - 0x00007ffcf65f4000 	C:\WINDOWS\SYSTEM32\WINMM.dll
0x00007ffcf4df0000 - 0x00007ffcf4e1d000 	C:\WINDOWS\SYSTEM32\WINMMBASE.dll
0x00007ffd00fb0000 - 0x00007ffd00ffa000 	C:\WINDOWS\System32\cfgmgr32.dll
0x00007ffd00c20000 - 0x00007ffd00c31000 	C:\WINDOWS\System32\kernel.appcore.dll
0x00007ffcd5f70000 - 0x00007ffcd5f81000 	C:\Program Files\Java\jdk-12.0.2\bin\verify.dll
0x00007ffcfa7d0000 - 0x00007ffcfa9bd000 	C:\WINDOWS\SYSTEM32\DBGHELP.DLL
0x00007ffcfaa40000 - 0x00007ffcfaa6a000 	C:\WINDOWS\SYSTEM32\dbgcore.DLL
0x00007ffcd1180000 - 0x00007ffcd11a6000 	C:\Program Files\Java\jdk-12.0.2\bin\java.dll
0x00007ffcd5e10000 - 0x00007ffcd5e27000 	C:\Program Files\Java\jdk-12.0.2\bin\zip.dll
0x00007ffcfa160000 - 0x00007ffcfa16a000 	C:\Program Files\Java\jdk-12.0.2\bin\jimage.dll
0x00007ffd026f0000 - 0x00007ffd03be4000 	C:\WINDOWS\System32\SHELL32.dll
0x00007ffd04aa0000 - 0x00007ffd04b48000 	C:\WINDOWS\System32\shcore.dll
0x00007ffd013c0000 - 0x00007ffd01b0d000 	C:\WINDOWS\System32\windows.storage.dll
0x00007ffd00bf0000 - 0x00007ffd00c14000 	C:\WINDOWS\System32\profapi.dll
0x00007ffd00b70000 - 0x00007ffd00bcd000 	C:\WINDOWS\System32\powrprof.dll
0x00007ffd02690000 - 0x00007ffd026e2000 	C:\WINDOWS\System32\shlwapi.dll
0x00007ffd01d80000 - 0x00007ffd01d97000 	C:\WINDOWS\System32\cryptsp.dll
0x00007ffcd5dd0000 - 0x00007ffcd5de9000 	C:\Program Files\Java\jdk-12.0.2\bin\net.dll
0x00007ffcf8f60000 - 0x00007ffcf9137000 	C:\WINDOWS\SYSTEM32\urlmon.dll
0x00007ffcfd2c0000 - 0x00007ffcfd3b2000 	C:\WINDOWS\SYSTEM32\WINHTTP.dll
0x00007ffcf3d50000 - 0x00007ffcf3ff8000 	C:\WINDOWS\SYSTEM32\iertutil.dll
0x00007ffd00510000 - 0x00007ffd0051c000 	C:\WINDOWS\SYSTEM32\CRYPTBASE.DLL
0x00007ffd00390000 - 0x00007ffd003f7000 	C:\WINDOWS\system32\mswsock.dll
0x00007ffcd0d30000 - 0x00007ffcd0d43000 	C:\Program Files\Java\jdk-12.0.2\bin\nio.dll
0x00007ffce8280000 - 0x00007ffce8289000 	C:\Program Files\Java\jdk-12.0.2\bin\management.dll
0x00007ffce51b0000 - 0x00007ffce51bc000 	C:\Program Files\Java\jdk-12.0.2\bin\management_ext.dll
0x00007ffcd57e0000 - 0x00007ffcd57f6000 	C:\WINDOWS\system32\napinsp.dll
0x00007ffcd57c0000 - 0x00007ffcd57da000 	C:\WINDOWS\system32\pnrpnsp.dll
0x00007ffcfca10000 - 0x00007ffcfca2b000 	C:\WINDOWS\system32\NLAapi.dll
0x00007ffd000c0000 - 0x00007ffd000fd000 	C:\WINDOWS\SYSTEM32\IPHLPAPI.DLL
0x00007ffd00100000 - 0x00007ffd001c6000 	C:\WINDOWS\SYSTEM32\DNSAPI.dll
0x00007ffd046b0000 - 0x00007ffd046b8000 	C:\WINDOWS\System32\NSI.dll
0x00007ffcd57b0000 - 0x00007ffcd57be000 	C:\WINDOWS\System32\winrnr.dll
0x00007ffcd5f90000 - 0x00007ffcd5fa5000 	C:\WINDOWS\system32\wshbth.dll
0x000000005b420000 - 0x000000005b446000 	C:\Program Files\Bonjour\mdnsNSP.dll
0x00007ffcfa530000 - 0x00007ffcfa53a000 	C:\Windows\System32\rasadhlp.dll
0x00007ffcfb780000 - 0x00007ffcfb7f9000 	C:\WINDOWS\System32\fwpuclnt.dll
0x00007ffd00e80000 - 0x00007ffd00ea6000 	C:\WINDOWS\System32\bcrypt.dll
0x00007ffcfff20000 - 0x00007ffcfff53000 	C:\WINDOWS\system32\rsaenh.dll
0x00007ffd00a70000 - 0x00007ffd00a98000 	C:\WINDOWS\SYSTEM32\USERENV.dll
0x00007ffcfc440000 - 0x00007ffcfc456000 	C:\WINDOWS\SYSTEM32\dhcpcsvc6.DLL
0x00007ffcfc150000 - 0x00007ffcfc16c000 	C:\WINDOWS\SYSTEM32\dhcpcsvc.DLL

dbghelp: loaded successfully - version: 4.0.5 - missing functions: none
symbol engine: initialized successfully - sym options: 0x614 - pdb path: .;C:\Program Files\Java\jdk-12.0.2\bin;C:\WINDOWS\SYSTEM32;C:\WINDOWS\WinSxS\amd64_microsoft.windows.common-controls_6595b64144ccf1df_6.0.17763.802_none_05b1445c0722d2cc;C:\Program Files\Java\jdk-12.0.2\bin\server;C:\Program Files\Bonjour

VM Arguments:
jvm_args: -Dcom.sun.management.jmxremote -Dcom.sun.management.jmxremote.port=60317 -Dcom.sun.management.jmxremote.authenticate=false -Dcom.sun.management.jmxremote.ssl=false -Djava.rmi.server.hostname=localhost -Dspring.jmx.enabled=true -Dspring.application.admin.enabled=true -Xverify:none -XX:TieredStopAtLevel=1 -Dfile.encoding=UTF-8 
java_command: com.mauriciopd.cursomc.CursomcApplication --spring.output.ansi.enabled=always
java_class_path (initial): C:\Users\mauri\Documents\ws-ferramentas\spring-boot-ionic-backend\target\classes;C:\Users\mauri\.m2\repository\org\springframework\boot\spring-boot-starter-web\2.1.9.RELEASE\spring-boot-starter-web-2.1.9.RELEASE.jar;C:\Users\mauri\.m2\repository\org\springframework\boot\spring-boot-starter\2.1.9.RELEASE\spring-boot-starter-2.1.9.RELEASE.jar;C:\Users\mauri\.m2\repository\org\springframework\boot\spring-boot-starter-logging\2.1.9.RELEASE\spring-boot-starter-logging-2.1.9.RELEASE.jar;C:\Users\mauri\.m2\repository\ch\qos\logback\logback-classic\1.2.3\logback-classic-1.2.3.jar;C:\Users\mauri\.m2\repository\ch\qos\logback\logback-core\1.2.3\logback-core-1.2.3.jar;C:\Users\mauri\.m2\repository\org\apache\logging\log4j\log4j-to-slf4j\2.11.2\log4j-to-slf4j-2.11.2.jar;C:\Users\mauri\.m2\repository\org\apache\logging\log4j\log4j-api\2.11.2\log4j-api-2.11.2.jar;C:\Users\mauri\.m2\repository\org\slf4j\jul-to-slf4j\1.7.28\jul-to-slf4j-1.7.28.jar;C:\Users\mauri\.m2\repository\javax\annotation\javax.annotation-api\1.3.2\javax.annotation-api-1.3.2.jar;C:\Users\mauri\.m2\repository\org\yaml\snakeyaml\1.23\snakeyaml-1.23.jar;C:\Users\mauri\.m2\repository\org\springframework\boot\spring-boot-starter-json\2.1.9.RELEASE\spring-boot-starter-json-2.1.9.RELEASE.jar;C:\Users\mauri\.m2\repository\com\fasterxml\jackson\datatype\jackson-datatype-jdk8\2.9.9\jackson-datatype-jdk8-2.9.9.jar;C:\Users\mauri\.m2\repository\com\fasterxml\jackson\datatype\jackson-datatype-jsr310\2.9.9\jackson-datatype-jsr310-2.9.9.jar;C:\Users\mauri\.m2\repository\com\fasterxml\jackson\module\jackson-module-parameter-names\2.9.9\jackson-module-parameter-names-2.9.9.jar;C:\Users\mauri\.m2\repository\org\springframework\boot\spring-boot-starter-tomcat\2.1.9.RELEASE\spring-boot-starter-tomcat-2.1.9.RELEASE.jar;C:\Users\mauri\.m2\repository\org\apache\tomcat\embed\tomcat-embed-core\9.0.26\tomcat-embed-core-9.0.26.jar;C:\Users\mauri\.m2\repository\org\apache\tomcat\embed\tomcat-embed-el\9.0.26\t
Launcher Type: SUN_STANDARD

[Global flags]
     bool BytecodeVerificationLocal                = false                                     {product} {command line}
     bool BytecodeVerificationRemote               = false                                     {product} {command line}
     intx CICompilerCount                          = 3                                         {product} {ergonomic}
     uint ConcGCThreads                            = 1                                         {product} {ergonomic}
     uint G1ConcRefinementThreads                  = 4                                         {product} {ergonomic}
   size_t G1HeapRegionSize                         = 1048576                                   {product} {ergonomic}
    uintx GCDrainStackTargetSize                   = 64                                        {product} {ergonomic}
   size_t InitialHeapSize                          = 134217728                                 {product} {ergonomic}
     bool ManagementServer                         = true                                      {product} {command line}
   size_t MarkStackSize                            = 4194304                                   {product} {ergonomic}
   size_t MaxHeapSize                              = 2122317824                                {product} {ergonomic}
   size_t MaxNewSize                               = 1272971264                                {product} {ergonomic}
   size_t MinHeapDeltaBytes                        = 1048576                                   {product} {ergonomic}
    uintx NonNMethodCodeHeapSize                   = 6973028                                {pd product} {ergonomic}
    uintx NonProfiledCodeHeapSize                  = 244685212                              {pd product} {ergonomic}
    uintx ProfiledCodeHeapSize                     = 0                                      {pd product} {ergonomic}
    uintx ReservedCodeCacheSize                    = 251658240                              {pd product} {ergonomic}
     bool SegmentedCodeCache                       = true                                      {product} {ergonomic}
     intx TieredStopAtLevel                        = 1                                         {product} {command line}
     bool UseCompressedClassPointers               = true                                 {lp64_product} {ergonomic}
     bool UseCompressedOops                        = true                                 {lp64_product} {ergonomic}
     bool UseG1GC                                  = true                                      {product} {ergonomic}
     bool UseLargePagesIndividualAllocation        = false                                  {pd product} {ergonomic}

Logging:
Log output configuration:
 #0: stdout all=warning uptime,level,tags
 #1: stderr all=off uptime,level,tags

Environment Variables:
JAVA_HOME=C:\Program Files\Java\jdk1.8.0_221
PATH=C:/Program Files/Java/jre1.8.0_221/bin/server;C:/Program Files/Java/jre1.8.0_221/bin;C:/Program Files/Java/jre1.8.0_221/lib/amd64;C:\Program Files (x86)\Common Files\Oracle\Java\javapath;C:\xampp\mysql\bin;C:\Python27\;C:\Python27\Scripts;C:\WINDOWS\system32;C:\WINDOWS;C:\WINDOWS\System32\Wbem;C:\WINDOWS\System32\WindowsPowerShell\v1.0\;C:\WINDOWS\System32\OpenSSH\;C:\Program Files\NVIDIA Corporation\NVIDIA NvDLISR;C:\Program Files (x86)\NVIDIA Corporation\PhysX\Common;C:\Users\mauri\Documents\Dev\apache-maven-3.6.0\bin;C:\ProgramData\chocolatey\bin;C:\Program Files\Git\cmd;C:\Program Files\nodejs\;C:\Program Files\Java\jdk1.8.0_221\bin;C:\Users\mauri\AppData\Local\Programs\Microsoft VS Code\bin;C:\Users\mauri\AppData\Local\atom\bin;C:\apache-tomcat-9.0.20\bin;C:\apache-maven-3.6.2\bin;C:\Program Files\Java\jdk1.8.0_221\bin;C:\Users\mauri\AppData\Roaming\npm;C:\Program Files\heroku\bin;C:\Android\sdk\tools;C:\Android\sdk\tools\bin;C:\Android\sdk\platform-tools;C:\Android\sdk\build-tools\28.0.3;C:\Gradle\gradle-5.6.2\bin;C:\Program Files\MongoDB\Server\4.2\bin;;C:\sts-4.3.2.RELEASE;
USERNAME=mauri
OS=Windows_NT
PROCESSOR_IDENTIFIER=Intel64 Family 6 Model 60 Stepping 3, GenuineIntel



---------------  S Y S T E M  ---------------

OS: Windows 10 , 64 bit Build 17763 (10.0.17763.475)

CPU:total 4 (initial active 4) (4 cores per cpu, 1 threads per core) family 6 model 60 stepping 3, cmov, cx8, fxsr, mmx, sse, sse2, sse3, ssse3, sse4.1, sse4.2, popcnt, avx, avx2, aes, clmul, erms, lzcnt, tsc, tscinvbit, bmi1, bmi2, fma

Memory: 4k page, system-wide physical 8092M (1795M free)
TotalPageFile size 19356M (AvailPageFile size 9305M)
current process WorkingSet (physical memory assigned to process): 79M, peak: 79M
current process commit charge ("private bytes"): 215M, peak: 215M

vm_info: Java HotSpot(TM) 64-Bit Server VM (12.0.2+10) for windows-amd64 JRE (12.0.2+10), built on Jul 16 2019 01:56:17 by "mach5one" with MS VC++ 15.5 (VS2017)

END.
