#
# A fatal error has been detected by the Java Runtime Environment:
#
#  EXCEPTION_ACCESS_VIOLATION (0xc0000005) at pc=0x00007ffe5c2d2575, pid=8528, tid=1224
#
# JRE version: Java(TM) SE Runtime Environment (12.0.2+10) (build 12.0.2+10)
# Java VM: Java HotSpot(TM) 64-Bit Server VM (12.0.2+10, mixed mode, sharing, tiered, compressed oops, g1 gc, windows-amd64)
# Problematic frame:
# C  [ntdll.dll+0x12575]
#
# No core dump will be written. Minidumps are not enabled by default on client versions of Windows
#
# If you would like to submit a bug report, please visit:
#   http://bugreport.java.com/bugreport/crash.jsp
#

---------------  S U M M A R Y ------------

Command Line: -Dcom.sun.management.jmxremote -Dcom.sun.management.jmxremote.port=57529 -Dcom.sun.management.jmxremote.authenticate=false -Dcom.sun.management.jmxremote.ssl=false -Djava.rmi.server.hostname=localhost -Dspring.jmx.enabled=true -Dspring.application.admin.enabled=true -Xverify:none -XX:TieredStopAtLevel=1 -Dfile.encoding=UTF-8 com.mauriciopd.cursomc.CursomcApplication --spring.output.ansi.enabled=always

Host: Intel(R) Core(TM) i5-4460  CPU @ 3.20GHz, 4 cores, 7G,  Windows 10 , 64 bit Build 17763 (10.0.17763.475)
Time: Sun Oct  6 20:36:55 2019 Hora oficial do Brasil elapsed time: 0 seconds (0d 0h 0m 0s)

---------------  T H R E A D  ---------------

Current thread (0x00000208c1350000):  JavaThread "main" [_thread_in_vm, id=1224, stack(0x000000970d900000,0x000000970da00000)]

Stack: [0x000000970d900000,0x000000970da00000],  sp=0x000000970d9fafb0,  free space=1003k
Native frames: (J=compiled Java code, j=interpreted, Vv=VM code, C=native code)
C  [ntdll.dll+0x12575]
C  [ucrtbase.dll+0xc7eb]
V  [jvm.dll+0x3df141]
C  [java.dll+0xb116]

Java frames: (J=compiled Java code, j=interpreted, Vv=VM code)
J 343  java.io.WinNTFileSystem.getBooleanAttributes(Ljava/io/File;)I java.base@12.0.2 (0 bytes) @ 0x00000208cb67171f [0x00000208cb6716c0+0x000000000000005f]
J 436 c1 java.io.File.exists()Z java.base@12.0.2 (43 bytes) @ 0x00000208cb698cb4 [0x00000208cb698be0+0x00000000000000d4]
j  jdk.internal.loader.URLClassPath$FileLoader.getResource(Ljava/lang/String;Z)Ljdk/internal/loader/Resource;+136 java.base@12.0.2
j  jdk.internal.loader.URLClassPath.getResource(Ljava/lang/String;Z)Ljdk/internal/loader/Resource;+53 java.base@12.0.2
j  jdk.internal.loader.BuiltinClassLoader.findClassOnClassPathOrNull(Ljava/lang/String;)Ljava/lang/Class;+26 java.base@12.0.2
j  jdk.internal.loader.BuiltinClassLoader.loadClassOrNull(Ljava/lang/String;Z)Ljava/lang/Class;+111 java.base@12.0.2
j  jdk.internal.loader.BuiltinClassLoader.loadClass(Ljava/lang/String;Z)Ljava/lang/Class;+3 java.base@12.0.2
j  jdk.internal.loader.ClassLoaders$AppClassLoader.loadClass(Ljava/lang/String;Z)Ljava/lang/Class;+36 java.base@12.0.2
j  java.lang.ClassLoader.loadClass(Ljava/lang/String;)Ljava/lang/Class;+3 java.base@12.0.2
v  ~StubRoutines::call_stub
j  java.lang.ClassLoader.defineClass1(Ljava/lang/ClassLoader;Ljava/lang/String;[BIILjava/security/ProtectionDomain;Ljava/lang/String;)Ljava/lang/Class;+0 java.base@12.0.2
j  java.lang.ClassLoader.defineClass(Ljava/lang/String;[BIILjava/security/ProtectionDomain;)Ljava/lang/Class;+27 java.base@12.0.2
j  java.security.SecureClassLoader.defineClass(Ljava/lang/String;[BIILjava/security/CodeSource;)Ljava/lang/Class;+12 java.base@12.0.2
j  jdk.internal.loader.BuiltinClassLoader.defineClass(Ljava/lang/String;Ljdk/internal/loader/Resource;)Ljava/lang/Class;+117 java.base@12.0.2
j  jdk.internal.loader.BuiltinClassLoader.findClassOnClassPathOrNull(Ljava/lang/String;)Ljava/lang/Class;+37 java.base@12.0.2
j  jdk.internal.loader.BuiltinClassLoader.loadClassOrNull(Ljava/lang/String;Z)Ljava/lang/Class;+111 java.base@12.0.2
j  jdk.internal.loader.BuiltinClassLoader.loadClass(Ljava/lang/String;Z)Ljava/lang/Class;+3 java.base@12.0.2
j  jdk.internal.loader.ClassLoaders$AppClassLoader.loadClass(Ljava/lang/String;Z)Ljava/lang/Class;+36 java.base@12.0.2
j  java.lang.ClassLoader.loadClass(Ljava/lang/String;)Ljava/lang/Class;+3 java.base@12.0.2
v  ~StubRoutines::call_stub
j  java.lang.Class.forName0(Ljava/lang/String;ZLjava/lang/ClassLoader;Ljava/lang/Class;)Ljava/lang/Class;+0 java.base@12.0.2
j  java.lang.Class.forName(Ljava/lang/String;ZLjava/lang/ClassLoader;)Ljava/lang/Class;+43 java.base@12.0.2
j  org.apache.commons.logging.LogAdapter.isPresent(Ljava/lang/String;)Z+7
j  org.apache.commons.logging.LogAdapter.<clinit>()V+2
v  ~StubRoutines::call_stub
j  org.apache.commons.logging.LogFactory.getLog(Ljava/lang/String;)Lorg/apache/commons/logging/Log;+1
j  org.apache.commons.logging.LogFactory.getLog(Ljava/lang/Class;)Lorg/apache/commons/logging/Log;+4
j  org.springframework.boot.SpringApplication.<clinit>()V+2
v  ~StubRoutines::call_stub
j  com.mauriciopd.cursomc.CursomcApplication.main([Ljava/lang/String;)V+3
v  ~StubRoutines::call_stub

siginfo: EXCEPTION_ACCESS_VIOLATION (0xc0000005), reading address 0x0000000c00000013


Register to memory mapping:

RIP=0x00007ffe5c2d2575 ntdll.dll
RAX=0x00000208e2e0a5f0 points into unknown readable memory: 0b 00 00 00 0c 00 00 00
RBX=0x00000208c1350000 is a thread
RCX=0x00000000000019c0 is an unknown value
RDX=0x0000000008be2251 is an unknown value
RSP=0x000000970d9fafb0 is pointing into the stack for thread: 0x00000208c1350000
RBP=0x00000208c1130000 points into unknown readable memory: 00 00 00 00 00 00 00 00
RSI=0x0000000c0000000b is an unknown value
RDI=0x00000208e2e0bfb0 points into unknown readable memory: 00 00 00 00 00 00 00 00
R8 =0x00000208e2e0bfc0 points into unknown readable memory: 43 00 3a 00 5c 00 55 00
R9 =0x000000000000000d is an unknown value
R10=0x00000208e2089200 points into unknown readable memory: 30 a2 08 e2 08 02 00 00
R11=0x0 is NULL
R12=0x0 is NULL
R13=0x000000970d9fb1f8 is pointing into the stack for thread: 0x00000208c1350000
R14=0x0 is NULL
R15=0x00000208e2e0bfc0 points into unknown readable memory: 43 00 3a 00 5c 00 55 00


Registers:
RAX=0x00000208e2e0a5f0, RBX=0x00000208c1350000, RCX=0x00000000000019c0, RDX=0x0000000008be2251
RSP=0x000000970d9fafb0, RBP=0x00000208c1130000, RSI=0x0000000c0000000b, RDI=0x00000208e2e0bfb0
R8 =0x00000208e2e0bfc0, R9 =0x000000000000000d, R10=0x00000208e2089200, R11=0x0000000000000000
R12=0x0000000000000000, R13=0x000000970d9fb1f8, R14=0x0000000000000000, R15=0x00000208e2e0bfc0
RIP=0x00007ffe5c2d2575, EFLAGS=0x0000000000010202

Top of Stack: (sp=0x000000970d9fafb0)
0x000000970d9fafb0:   0000000000000000 00000000894e60a0
0x000000970d9fafc0:   0000000000000002 00007ffdf674c9aa
0x000000970d9fafd0:   00000208c1350000 00007ffdf682190e
0x000000970d9fafe0:   0000000000000000 0000000000000001
0x000000970d9faff0:   0000000000000000 00007ffdf6aa431b
0x000000970d9fb000:   00000208e2e0bfc0 00007ffdf6a6ec01
0x000000970d9fb010:   00000208e16e5fa0 000000970d9fb1f8
0x000000970d9fb020:   0000000000000000 00000208e2e0bf00
0x000000970d9fb030:   00000208c1350000 00000208c1350000
0x000000970d9fb040:   00000208e2e0bfc0 00007ffe58c8c7eb
0x000000970d9fb050:   00000208c1350000 0000000000000000
0x000000970d9fb060:   00000208e2e0bfc0 00000208c1350330
0x000000970d9fb070:   00000208e2e0bf00 00007ffdf6a6f141
0x000000970d9fb080:   00000208c1350000 0000000000000000
0x000000970d9fb090:   0000000000000000 0000000000000000
0x000000970d9fb0a0:   00000208e2e0bfc0 00007ffe38deb116 

Instructions: (pc=0x00007ffe5c2d2575)
0x00007ffe5c2d2475:   44 c2 c3 cc cc cc cc cc cc cc cc 89 54 24 10 55
0x00007ffe5c2d2485:   56 41 57 48 81 ec 80 00 00 00 4d 8b f8 8b f2 48
0x00007ffe5c2d2495:   8b e9 4d 85 c0 0f 84 aa 03 00 00 4c 89 74 24 60
0x00007ffe5c2d24a5:   45 33 f6 48 85 c9 0f 84 f3 a8 09 00 81 7d 10 ee
0x00007ffe5c2d24b5:   dd ee dd 0f 84 e8 01 00 00 f6 05 a3 3b 15 00 02
0x00007ffe5c2d24c5:   0f 85 39 05 00 00 f7 45 74 00 00 00 01 48 89 9c
0x00007ffe5c2d24d5:   24 a0 00 00 00 48 89 7c 24 78 49 8b fe 0f 85 73
0x00007ffe5c2d24e5:   03 00 00 f6 45 78 01 0f 85 f1 a8 09 00 41 f6 c7
0x00007ffe5c2d24f5:   0f 0f 85 2e a9 09 00 49 8d 7f f0 0f 0d 0f 80 7f
0x00007ffe5c2d2505:   0f 05 0f 84 e9 a8 09 00 f6 47 0f 3f 0f 84 ef a8
0x00007ffe5c2d2515:   09 00 48 85 ff 0f 84 8e aa 09 00 41 80 7f ff 05
0x00007ffe5c2d2525:   0f 84 21 a9 09 00 44 38 77 0f 0f 8d 26 03 00 00
0x00007ffe5c2d2535:   8b 15 cd 3f 15 00 48 8b cf 48 c1 e9 04 33 4f 08
0x00007ffe5c2d2545:   33 ca 4c 89 64 24 70 33 cd 4c 89 6c 24 68 66 85
0x00007ffe5c2d2555:   c9 0f 85 52 ab 09 00 48 c1 e9 0c 48 8b c7 48 2b
0x00007ffe5c2d2565:   c1 48 8b 30 48 85 f6 0f 84 3c ab 09 00 0f 0d 0e
0x00007ffe5c2d2575:   4c 8b 6e 08 8b 47 0c c1 e8 08 44 0f b7 e0 48 8b
0x00007ffe5c2d2585:   06 48 8b 08 41 8b 45 18 41 33 c5 33 c2 48 8b 59
0x00007ffe5c2d2595:   18 33 c3 44 8b c0 c1 e8 10 41 0f af c4 45 0f b7
0x00007ffe5c2d25a5:   c0 49 03 c5 4c 03 c0 4c 3b c7 0f 85 27 aa 09 00
0x00007ffe5c2d25b5:   e8 c6 04 00 00 85 c0 0f 85 23 aa 09 00 b9 80 03
0x00007ffe5c2d25c5:   fe 7f 44 38 31 0f 85 31 aa 09 00 66 83 3c 25 6a
0x00007ffe5c2d25d5:   03 fe 7f 01 ba 64 00 00 00 0f 86 4c aa 09 00 45
0x00007ffe5c2d25e5:   8b c6 41 b9 00 80 00 00 8b 5e 20 8b c3 c1 e8 10
0x00007ffe5c2d25f5:   66 41 85 c1 0f 85 a5 03 00 00 8b cb 8b c3 81 c9
0x00007ffe5c2d2605:   00 00 00 80 f0 0f b1 4e 20 0f 85 90 03 00 00 c6
0x00007ffe5c2d2615:   47 0f 80 83 fb ff 0f 84 99 03 00 00 49 8b 45 28
0x00007ffe5c2d2625:   4c 0f b3 20 66 44 39 76 10 0f 85 98 03 00 00 45
0x00007ffe5c2d2635:   8b c6 41 ff c0 41 c1 e4 10 0f b7 c3 41 03 c0 4c
0x00007ffe5c2d2645:   8b 06 41 0b c4 66 3b 46 28 74 69 89 46 20 8b 46
0x00007ffe5c2d2655:   2c a8 02 0f 84 21 02 00 00 8b b4 24 a8 00 00 00
0x00007ffe5c2d2665:   41 be 01 00 00 00 4c 8b 6c 24 68 4c 8b 64 24 70 


Stack slot to memory mapping:
stack at sp + 0 slots: 0x0 is NULL
stack at sp + 1 slots: 
[error occurred during error reporting (inspecting top of stack), id 0xc0000005, EXCEPTION_ACCESS_VIOLATION (0xc0000005) at pc=0x00007ffdf6833146]


---------------  P R O C E S S  ---------------

Threads class SMR info:
_java_thread_list=0x00000208e2e2bc60, length=12, elements={
0x00000208c1350000, 0x00000208e16e6800, 0x00000208e16e8800, 0x00000208e1702800,
0x00000208e1705000, 0x00000208e1707000, 0x00000208e171e800, 0x00000208e21be800,
0x00000208e21f8000, 0x00000208e2e4c000, 0x00000208e2e5f800, 0x00000208e2ea0800
}

Java Threads: ( => current thread )
=>0x00000208c1350000 JavaThread "main" [_thread_in_vm, id=1224, stack(0x000000970d900000,0x000000970da00000)]
  0x00000208e16e6800 JavaThread "Reference Handler" daemon [_thread_blocked, id=6968, stack(0x000000970e000000,0x000000970e100000)]
  0x00000208e16e8800 JavaThread "Finalizer" daemon [_thread_blocked, id=14660, stack(0x000000970e100000,0x000000970e200000)]
  0x00000208e1702800 JavaThread "Signal Dispatcher" daemon [_thread_blocked, id=9416, stack(0x000000970e200000,0x000000970e300000)]
  0x00000208e1705000 JavaThread "Attach Listener" daemon [_thread_blocked, id=9700, stack(0x000000970e300000,0x000000970e400000)]
  0x00000208e1707000 JavaThread "C1 CompilerThread0" daemon [_thread_blocked, id=13884, stack(0x000000970e400000,0x000000970e500000)]
  0x00000208e171e800 JavaThread "Sweeper thread" daemon [_thread_blocked, id=3176, stack(0x000000970e500000,0x000000970e600000)]
  0x00000208e21be800 JavaThread "Common-Cleaner" daemon [_thread_blocked, id=14800, stack(0x000000970e600000,0x000000970e700000)]
  0x00000208e21f8000 JavaThread "Service Thread" daemon [_thread_blocked, id=2060, stack(0x000000970e700000,0x000000970e800000)]
  0x00000208e2e4c000 JavaThread "RMI TCP Accept-0" daemon [_thread_in_native, id=4340, stack(0x000000970ea00000,0x000000970eb00000)]
  0x00000208e2e5f800 JavaThread "RMI TCP Accept-57529" daemon [_thread_in_native, id=4860, stack(0x000000970eb00000,0x000000970ec00000)]
  0x00000208e2ea0800 JavaThread "RMI TCP Accept-0" daemon [_thread_in_native, id=12724, stack(0x000000970ec00000,0x000000970ed00000)]

Other Threads:
  0x00000208e16e2800 VMThread "VM Thread" [stack: 0x000000970df00000,0x000000970e000000] [id=8728]
  0x00000208e2e64800 WatcherThread [stack: 0x000000970ed00000,0x000000970ee00000] [id=14360]
  0x00000208c138f000 GCTaskThread "GC Thread#0" [stack: 0x000000970da00000,0x000000970db00000] [id=12804]
  0x00000208e2b44000 GCTaskThread "GC Thread#1" [stack: 0x000000970e800000,0x000000970e900000] [id=5536]
  0x00000208e2b44800 GCTaskThread "GC Thread#2" [stack: 0x000000970e900000,0x000000970ea00000] [id=11468]
  0x00000208c139d800 ConcurrentGCThread "G1 Main Marker" [stack: 0x000000970db00000,0x000000970dc00000] [id=9240]
  0x00000208c139f000 ConcurrentGCThread "G1 Conc#0" [stack: 0x000000970dc00000,0x000000970dd00000] [id=4028]
  0x00000208e1562800 ConcurrentGCThread "G1 Refine#0" [stack: 0x000000970dd00000,0x000000970de00000] [id=9836]
  0x00000208e1563000 ConcurrentGCThread "G1 Young RemSet Sampling" [stack: 0x000000970de00000,0x000000970df00000] [id=6408]

Threads with active compile tasks:

VM state:not at safepoint (normal execution)

VM Mutex/Monitor currently owned by a thread: None

Heap address: 0x0000000081800000, size: 2024 MB, Compressed Oops mode: 32-bit
Narrow klass base: 0x0000000800000000, Narrow klass shift: 3
Compressed class space size: 1073741824 Address: 0x0000000801190000

Heap:
 garbage-first heap   total 131072K, used 19093K [0x0000000081800000, 0x0000000100000000)
  region size 1024K, 5 young (5120K), 1 survivors (1024K)
 Metaspace       used 4340K, capacity 5190K, committed 5376K, reserved 1056768K
  class space    used 555K, capacity 655K, committed 768K, reserved 1048576K
Heap Regions: E=young(eden), S=young(survivor), O=old, HS=humongous(starts), HC=humongous(continues), CS=collection set, F=free, A=archive, TAMS=top-at-mark-start (previous, next)
|   0|0x0000000081800000, 0x0000000081900000, 0x0000000081900000|100%|HS|  |TAMS 0x0000000081800000, 0x0000000081800000| Complete 
|   1|0x0000000081900000, 0x0000000081a00000, 0x0000000081a00000|100%| O|  |TAMS 0x0000000081900000, 0x0000000081900000| Untracked 
|   2|0x0000000081a00000, 0x0000000081b00000, 0x0000000081b00000|100%| O|  |TAMS 0x0000000081a00000, 0x0000000081a00000| Untracked 
|   3|0x0000000081b00000, 0x0000000081c00000, 0x0000000081c00000|100%| O|  |TAMS 0x0000000081b00000, 0x0000000081b00000| Untracked 
|   4|0x0000000081c00000, 0x0000000081d00000, 0x0000000081d00000|100%| O|  |TAMS 0x0000000081c00000, 0x0000000081c00000| Untracked 
|   5|0x0000000081d00000, 0x0000000081e00000, 0x0000000081e00000|100%| O|  |TAMS 0x0000000081d00000, 0x0000000081d00000| Untracked 
|   6|0x0000000081e00000, 0x0000000081f00000, 0x0000000081f00000|100%| O|  |TAMS 0x0000000081e00000, 0x0000000081e00000| Untracked 
|   7|0x0000000081f00000, 0x0000000082000000, 0x0000000082000000|100%| O|  |TAMS 0x0000000081f00000, 0x0000000081f00000| Untracked 
|   8|0x0000000082000000, 0x0000000082100000, 0x0000000082100000|100%| O|  |TAMS 0x0000000082000000, 0x0000000082000000| Untracked 
|   9|0x0000000082100000, 0x0000000082200000, 0x0000000082200000|100%| O|  |TAMS 0x0000000082100000, 0x0000000082100000| Untracked 
|  10|0x0000000082200000, 0x0000000082300000, 0x0000000082300000|100%| O|  |TAMS 0x0000000082200000, 0x0000000082200000| Untracked 
|  11|0x0000000082300000, 0x0000000082400000, 0x0000000082400000|100%| O|  |TAMS 0x0000000082300000, 0x0000000082300000| Untracked 
|  12|0x0000000082400000, 0x0000000082500000, 0x0000000082500000|100%| O|  |TAMS 0x0000000082400000, 0x0000000082400000| Untracked 
|  13|0x0000000082500000, 0x0000000082600000, 0x0000000082600000|100%| O|  |TAMS 0x0000000082500000, 0x0000000082500000| Untracked 
|  14|0x0000000082600000, 0x00000000826a5400, 0x0000000082700000| 64%| O|  |TAMS 0x0000000082600000, 0x0000000082600000| Untracked 
|  15|0x0000000082700000, 0x0000000082700000, 0x0000000082800000|  0%| F|  |TAMS 0x0000000082700000, 0x0000000082700000| Untracked 
|  16|0x0000000082800000, 0x0000000082800000, 0x0000000082900000|  0%| F|  |TAMS 0x0000000082800000, 0x0000000082800000| Untracked 
|  17|0x0000000082900000, 0x0000000082900000, 0x0000000082a00000|  0%| F|  |TAMS 0x0000000082900000, 0x0000000082900000| Untracked 
|  18|0x0000000082a00000, 0x0000000082a00000, 0x0000000082b00000|  0%| F|  |TAMS 0x0000000082a00000, 0x0000000082a00000| Untracked 
|  19|0x0000000082b00000, 0x0000000082b00000, 0x0000000082c00000|  0%| F|  |TAMS 0x0000000082b00000, 0x0000000082b00000| Untracked 
|  20|0x0000000082c00000, 0x0000000082c00000, 0x0000000082d00000|  0%| F|  |TAMS 0x0000000082c00000, 0x0000000082c00000| Untracked 
|  21|0x0000000082d00000, 0x0000000082d00000, 0x0000000082e00000|  0%| F|  |TAMS 0x0000000082d00000, 0x0000000082d00000| Untracked 
|  22|0x0000000082e00000, 0x0000000082e00000, 0x0000000082f00000|  0%| F|  |TAMS 0x0000000082e00000, 0x0000000082e00000| Untracked 
|  23|0x0000000082f00000, 0x0000000082f00000, 0x0000000083000000|  0%| F|  |TAMS 0x0000000082f00000, 0x0000000082f00000| Untracked 
|  24|0x0000000083000000, 0x0000000083000000, 0x0000000083100000|  0%| F|  |TAMS 0x0000000083000000, 0x0000000083000000| Untracked 
|  25|0x0000000083100000, 0x0000000083100000, 0x0000000083200000|  0%| F|  |TAMS 0x0000000083100000, 0x0000000083100000| Untracked 
|  26|0x0000000083200000, 0x0000000083200000, 0x0000000083300000|  0%| F|  |TAMS 0x0000000083200000, 0x0000000083200000| Untracked 
|  27|0x0000000083300000, 0x0000000083300000, 0x0000000083400000|  0%| F|  |TAMS 0x0000000083300000, 0x0000000083300000| Untracked 
|  28|0x0000000083400000, 0x0000000083400000, 0x0000000083500000|  0%| F|  |TAMS 0x0000000083400000, 0x0000000083400000| Untracked 
|  29|0x0000000083500000, 0x0000000083500000, 0x0000000083600000|  0%| F|  |TAMS 0x0000000083500000, 0x0000000083500000| Untracked 
|  30|0x0000000083600000, 0x0000000083600000, 0x0000000083700000|  0%| F|  |TAMS 0x0000000083600000, 0x0000000083600000| Untracked 
|  31|0x0000000083700000, 0x0000000083700000, 0x0000000083800000|  0%| F|  |TAMS 0x0000000083700000, 0x0000000083700000| Untracked 
|  32|0x0000000083800000, 0x0000000083800000, 0x0000000083900000|  0%| F|  |TAMS 0x0000000083800000, 0x0000000083800000| Untracked 
|  33|0x0000000083900000, 0x0000000083900000, 0x0000000083a00000|  0%| F|  |TAMS 0x0000000083900000, 0x0000000083900000| Untracked 
|  34|0x0000000083a00000, 0x0000000083a00000, 0x0000000083b00000|  0%| F|  |TAMS 0x0000000083a00000, 0x0000000083a00000| Untracked 
|  35|0x0000000083b00000, 0x0000000083b00000, 0x0000000083c00000|  0%| F|  |TAMS 0x0000000083b00000, 0x0000000083b00000| Untracked 
|  36|0x0000000083c00000, 0x0000000083c00000, 0x0000000083d00000|  0%| F|  |TAMS 0x0000000083c00000, 0x0000000083c00000| Untracked 
|  37|0x0000000083d00000, 0x0000000083d00000, 0x0000000083e00000|  0%| F|  |TAMS 0x0000000083d00000, 0x0000000083d00000| Untracked 
|  38|0x0000000083e00000, 0x0000000083e00000, 0x0000000083f00000|  0%| F|  |TAMS 0x0000000083e00000, 0x0000000083e00000| Untracked 
|  39|0x0000000083f00000, 0x0000000083f00000, 0x0000000084000000|  0%| F|  |TAMS 0x0000000083f00000, 0x0000000083f00000| Untracked 
|  40|0x0000000084000000, 0x0000000084000000, 0x0000000084100000|  0%| F|  |TAMS 0x0000000084000000, 0x0000000084000000| Untracked 
|  41|0x0000000084100000, 0x0000000084100000, 0x0000000084200000|  0%| F|  |TAMS 0x0000000084100000, 0x0000000084100000| Untracked 
|  42|0x0000000084200000, 0x0000000084200000, 0x0000000084300000|  0%| F|  |TAMS 0x0000000084200000, 0x0000000084200000| Untracked 
|  43|0x0000000084300000, 0x0000000084300000, 0x0000000084400000|  0%| F|  |TAMS 0x0000000084300000, 0x0000000084300000| Untracked 
|  44|0x0000000084400000, 0x0000000084400000, 0x0000000084500000|  0%| F|  |TAMS 0x0000000084400000, 0x0000000084400000| Untracked 
|  45|0x0000000084500000, 0x0000000084500000, 0x0000000084600000|  0%| F|  |TAMS 0x0000000084500000, 0x0000000084500000| Untracked 
|  46|0x0000000084600000, 0x0000000084600000, 0x0000000084700000|  0%| F|  |TAMS 0x0000000084600000, 0x0000000084600000| Untracked 
|  47|0x0000000084700000, 0x0000000084700000, 0x0000000084800000|  0%| F|  |TAMS 0x0000000084700000, 0x0000000084700000| Untracked 
|  48|0x0000000084800000, 0x0000000084800000, 0x0000000084900000|  0%| F|  |TAMS 0x0000000084800000, 0x0000000084800000| Untracked 
|  49|0x0000000084900000, 0x0000000084900000, 0x0000000084a00000|  0%| F|  |TAMS 0x0000000084900000, 0x0000000084900000| Untracked 
|  50|0x0000000084a00000, 0x0000000084a00000, 0x0000000084b00000|  0%| F|  |TAMS 0x0000000084a00000, 0x0000000084a00000| Untracked 
|  51|0x0000000084b00000, 0x0000000084b00000, 0x0000000084c00000|  0%| F|  |TAMS 0x0000000084b00000, 0x0000000084b00000| Untracked 
|  52|0x0000000084c00000, 0x0000000084c00000, 0x0000000084d00000|  0%| F|  |TAMS 0x0000000084c00000, 0x0000000084c00000| Untracked 
|  53|0x0000000084d00000, 0x0000000084d00000, 0x0000000084e00000|  0%| F|  |TAMS 0x0000000084d00000, 0x0000000084d00000| Untracked 
|  54|0x0000000084e00000, 0x0000000084e00000, 0x0000000084f00000|  0%| F|  |TAMS 0x0000000084e00000, 0x0000000084e00000| Untracked 
|  55|0x0000000084f00000, 0x0000000084f00000, 0x0000000085000000|  0%| F|  |TAMS 0x0000000084f00000, 0x0000000084f00000| Untracked 
|  56|0x0000000085000000, 0x0000000085000000, 0x0000000085100000|  0%| F|  |TAMS 0x0000000085000000, 0x0000000085000000| Untracked 
|  57|0x0000000085100000, 0x0000000085100000, 0x0000000085200000|  0%| F|  |TAMS 0x0000000085100000, 0x0000000085100000| Untracked 
|  58|0x0000000085200000, 0x0000000085200000, 0x0000000085300000|  0%| F|  |TAMS 0x0000000085200000, 0x0000000085200000| Untracked 
|  59|0x0000000085300000, 0x0000000085300000, 0x0000000085400000|  0%| F|  |TAMS 0x0000000085300000, 0x0000000085300000| Untracked 
|  60|0x0000000085400000, 0x0000000085400000, 0x0000000085500000|  0%| F|  |TAMS 0x0000000085400000, 0x0000000085400000| Untracked 
|  61|0x0000000085500000, 0x0000000085500000, 0x0000000085600000|  0%| F|  |TAMS 0x0000000085500000, 0x0000000085500000| Untracked 
|  62|0x0000000085600000, 0x0000000085600000, 0x0000000085700000|  0%| F|  |TAMS 0x0000000085600000, 0x0000000085600000| Untracked 
|  63|0x0000000085700000, 0x0000000085700000, 0x0000000085800000|  0%| F|  |TAMS 0x0000000085700000, 0x0000000085700000| Untracked 
|  64|0x0000000085800000, 0x0000000085800000, 0x0000000085900000|  0%| F|  |TAMS 0x0000000085800000, 0x0000000085800000| Untracked 
|  65|0x0000000085900000, 0x0000000085900000, 0x0000000085a00000|  0%| F|  |TAMS 0x0000000085900000, 0x0000000085900000| Untracked 
|  66|0x0000000085a00000, 0x0000000085a00000, 0x0000000085b00000|  0%| F|  |TAMS 0x0000000085a00000, 0x0000000085a00000| Untracked 
|  67|0x0000000085b00000, 0x0000000085b00000, 0x0000000085c00000|  0%| F|  |TAMS 0x0000000085b00000, 0x0000000085b00000| Untracked 
|  68|0x0000000085c00000, 0x0000000085c00000, 0x0000000085d00000|  0%| F|  |TAMS 0x0000000085c00000, 0x0000000085c00000| Untracked 
|  69|0x0000000085d00000, 0x0000000085d00000, 0x0000000085e00000|  0%| F|  |TAMS 0x0000000085d00000, 0x0000000085d00000| Untracked 
|  70|0x0000000085e00000, 0x0000000085e00000, 0x0000000085f00000|  0%| F|  |TAMS 0x0000000085e00000, 0x0000000085e00000| Untracked 
|  71|0x0000000085f00000, 0x0000000085f00000, 0x0000000086000000|  0%| F|  |TAMS 0x0000000085f00000, 0x0000000085f00000| Untracked 
|  72|0x0000000086000000, 0x0000000086000000, 0x0000000086100000|  0%| F|  |TAMS 0x0000000086000000, 0x0000000086000000| Untracked 
|  73|0x0000000086100000, 0x0000000086100000, 0x0000000086200000|  0%| F|  |TAMS 0x0000000086100000, 0x0000000086100000| Untracked 
|  74|0x0000000086200000, 0x0000000086200000, 0x0000000086300000|  0%| F|  |TAMS 0x0000000086200000, 0x0000000086200000| Untracked 
|  75|0x0000000086300000, 0x0000000086300000, 0x0000000086400000|  0%| F|  |TAMS 0x0000000086300000, 0x0000000086300000| Untracked 
|  76|0x0000000086400000, 0x0000000086400000, 0x0000000086500000|  0%| F|  |TAMS 0x0000000086400000, 0x0000000086400000| Untracked 
|  77|0x0000000086500000, 0x0000000086500000, 0x0000000086600000|  0%| F|  |TAMS 0x0000000086500000, 0x0000000086500000| Untracked 
|  78|0x0000000086600000, 0x0000000086600000, 0x0000000086700000|  0%| F|  |TAMS 0x0000000086600000, 0x0000000086600000| Untracked 
|  79|0x0000000086700000, 0x0000000086700000, 0x0000000086800000|  0%| F|  |TAMS 0x0000000086700000, 0x0000000086700000| Untracked 
|  80|0x0000000086800000, 0x0000000086800000, 0x0000000086900000|  0%| F|  |TAMS 0x0000000086800000, 0x0000000086800000| Untracked 
|  81|0x0000000086900000, 0x0000000086900000, 0x0000000086a00000|  0%| F|  |TAMS 0x0000000086900000, 0x0000000086900000| Untracked 
|  82|0x0000000086a00000, 0x0000000086a00000, 0x0000000086b00000|  0%| F|  |TAMS 0x0000000086a00000, 0x0000000086a00000| Untracked 
|  83|0x0000000086b00000, 0x0000000086b00000, 0x0000000086c00000|  0%| F|  |TAMS 0x0000000086b00000, 0x0000000086b00000| Untracked 
|  84|0x0000000086c00000, 0x0000000086c00000, 0x0000000086d00000|  0%| F|  |TAMS 0x0000000086c00000, 0x0000000086c00000| Untracked 
|  85|0x0000000086d00000, 0x0000000086d00000, 0x0000000086e00000|  0%| F|  |TAMS 0x0000000086d00000, 0x0000000086d00000| Untracked 
|  86|0x0000000086e00000, 0x0000000086e00000, 0x0000000086f00000|  0%| F|  |TAMS 0x0000000086e00000, 0x0000000086e00000| Untracked 
|  87|0x0000000086f00000, 0x0000000086f00000, 0x0000000087000000|  0%| F|  |TAMS 0x0000000086f00000, 0x0000000086f00000| Untracked 
|  88|0x0000000087000000, 0x0000000087000000, 0x0000000087100000|  0%| F|  |TAMS 0x0000000087000000, 0x0000000087000000| Untracked 
|  89|0x0000000087100000, 0x0000000087100000, 0x0000000087200000|  0%| F|  |TAMS 0x0000000087100000, 0x0000000087100000| Untracked 
|  90|0x0000000087200000, 0x0000000087200000, 0x0000000087300000|  0%| F|  |TAMS 0x0000000087200000, 0x0000000087200000| Untracked 
|  91|0x0000000087300000, 0x0000000087300000, 0x0000000087400000|  0%| F|  |TAMS 0x0000000087300000, 0x0000000087300000| Untracked 
|  92|0x0000000087400000, 0x0000000087400000, 0x0000000087500000|  0%| F|  |TAMS 0x0000000087400000, 0x0000000087400000| Untracked 
|  93|0x0000000087500000, 0x0000000087500000, 0x0000000087600000|  0%| F|  |TAMS 0x0000000087500000, 0x0000000087500000| Untracked 
|  94|0x0000000087600000, 0x0000000087600000, 0x0000000087700000|  0%| F|  |TAMS 0x0000000087600000, 0x0000000087600000| Untracked 
|  95|0x0000000087700000, 0x0000000087700000, 0x0000000087800000|  0%| F|  |TAMS 0x0000000087700000, 0x0000000087700000| Untracked 
|  96|0x0000000087800000, 0x0000000087800000, 0x0000000087900000|  0%| F|  |TAMS 0x0000000087800000, 0x0000000087800000| Untracked 
|  97|0x0000000087900000, 0x0000000087900000, 0x0000000087a00000|  0%| F|  |TAMS 0x0000000087900000, 0x0000000087900000| Untracked 
|  98|0x0000000087a00000, 0x0000000087a00000, 0x0000000087b00000|  0%| F|  |TAMS 0x0000000087a00000, 0x0000000087a00000| Untracked 
|  99|0x0000000087b00000, 0x0000000087b00000, 0x0000000087c00000|  0%| F|  |TAMS 0x0000000087b00000, 0x0000000087b00000| Untracked 
| 100|0x0000000087c00000, 0x0000000087c00000, 0x0000000087d00000|  0%| F|  |TAMS 0x0000000087c00000, 0x0000000087c00000| Untracked 
| 101|0x0000000087d00000, 0x0000000087d00000, 0x0000000087e00000|  0%| F|  |TAMS 0x0000000087d00000, 0x0000000087d00000| Untracked 
| 102|0x0000000087e00000, 0x0000000087e00000, 0x0000000087f00000|  0%| F|  |TAMS 0x0000000087e00000, 0x0000000087e00000| Untracked 
| 103|0x0000000087f00000, 0x0000000087f00000, 0x0000000088000000|  0%| F|  |TAMS 0x0000000087f00000, 0x0000000087f00000| Untracked 
| 104|0x0000000088000000, 0x0000000088000000, 0x0000000088100000|  0%| F|  |TAMS 0x0000000088000000, 0x0000000088000000| Untracked 
| 105|0x0000000088100000, 0x0000000088100000, 0x0000000088200000|  0%| F|  |TAMS 0x0000000088100000, 0x0000000088100000| Untracked 
| 106|0x0000000088200000, 0x0000000088200000, 0x0000000088300000|  0%| F|  |TAMS 0x0000000088200000, 0x0000000088200000| Untracked 
| 107|0x0000000088300000, 0x0000000088300000, 0x0000000088400000|  0%| F|  |TAMS 0x0000000088300000, 0x0000000088300000| Untracked 
| 108|0x0000000088400000, 0x0000000088400000, 0x0000000088500000|  0%| F|  |TAMS 0x0000000088400000, 0x0000000088400000| Untracked 
| 109|0x0000000088500000, 0x0000000088500000, 0x0000000088600000|  0%| F|  |TAMS 0x0000000088500000, 0x0000000088500000| Untracked 
| 110|0x0000000088600000, 0x0000000088600000, 0x0000000088700000|  0%| F|  |TAMS 0x0000000088600000, 0x0000000088600000| Untracked 
| 111|0x0000000088700000, 0x0000000088700000, 0x0000000088800000|  0%| F|  |TAMS 0x0000000088700000, 0x0000000088700000| Untracked 
| 112|0x0000000088800000, 0x0000000088800000, 0x0000000088900000|  0%| F|  |TAMS 0x0000000088800000, 0x0000000088800000| Untracked 
| 113|0x0000000088900000, 0x0000000088900000, 0x0000000088a00000|  0%| F|  |TAMS 0x0000000088900000, 0x0000000088900000| Untracked 
| 114|0x0000000088a00000, 0x0000000088a00000, 0x0000000088b00000|  0%| F|  |TAMS 0x0000000088a00000, 0x0000000088a00000| Untracked 
| 115|0x0000000088b00000, 0x0000000088b00000, 0x0000000088c00000|  0%| F|  |TAMS 0x0000000088b00000, 0x0000000088b00000| Untracked 
| 116|0x0000000088c00000, 0x0000000088c00000, 0x0000000088d00000|  0%| F|  |TAMS 0x0000000088c00000, 0x0000000088c00000| Untracked 
| 117|0x0000000088d00000, 0x0000000088d00000, 0x0000000088e00000|  0%| F|  |TAMS 0x0000000088d00000, 0x0000000088d00000| Untracked 
| 118|0x0000000088e00000, 0x0000000088e00000, 0x0000000088f00000|  0%| F|  |TAMS 0x0000000088e00000, 0x0000000088e00000| Untracked 
| 119|0x0000000088f00000, 0x0000000088f00000, 0x0000000089000000|  0%| F|  |TAMS 0x0000000088f00000, 0x0000000088f00000| Untracked 
| 120|0x0000000089000000, 0x0000000089000000, 0x0000000089100000|  0%| F|  |TAMS 0x0000000089000000, 0x0000000089000000| Untracked 
| 121|0x0000000089100000, 0x0000000089100000, 0x0000000089200000|  0%| F|  |TAMS 0x0000000089100000, 0x0000000089100000| Untracked 
| 122|0x0000000089200000, 0x0000000089200000, 0x0000000089300000|  0%| F|  |TAMS 0x0000000089200000, 0x0000000089200000| Untracked 
| 123|0x0000000089300000, 0x0000000089400000, 0x0000000089400000|100%| S|CS|TAMS 0x0000000089300000, 0x0000000089300000| Complete 
| 124|0x0000000089400000, 0x0000000089500000, 0x0000000089500000|100%| E|  |TAMS 0x0000000089400000, 0x0000000089400000| Complete 
| 125|0x0000000089500000, 0x0000000089600000, 0x0000000089600000|100%| E|CS|TAMS 0x0000000089500000, 0x0000000089500000| Complete 
| 126|0x0000000089600000, 0x0000000089700000, 0x0000000089700000|100%| E|CS|TAMS 0x0000000089600000, 0x0000000089600000| Complete 
| 127|0x0000000089700000, 0x0000000089800000, 0x0000000089800000|100%| E|CS|TAMS 0x0000000089700000, 0x0000000089700000| Complete 

Card table byte_map: [0x00000208da970000,0x00000208dad70000] _byte_map_base: 0x00000208da564000

Marking Bits (Prev, Next): (CMBitMap*) 0x00000208c1390bf8, (CMBitMap*) 0x00000208c1390c38
 Prev Bits: [0x00000208db170000, 0x00000208dd110000)
 Next Bits: [0x00000208dd110000, 0x00000208df0b0000)

Polling page: 0x00000208c1410000

Metaspace:

Usage:
  Non-class:      4.43 MB capacity,     3.70 MB ( 83%) used,   731.97 KB ( 16%) free+waste,    18.31 KB ( <1%) overhead. 
      Class:    655.00 KB capacity,   555.31 KB ( 85%) used,    89.00 KB ( 14%) free+waste,    10.69 KB (  2%) overhead. 
       Both:      5.07 MB capacity,     4.24 MB ( 84%) used,   820.97 KB ( 16%) free+waste,    29.00 KB ( <1%) overhead. 

Virtual space:
  Non-class space:        8.00 MB reserved,       4.50 MB ( 56%) committed 
      Class space:        1.00 GB reserved,     768.00 KB ( <1%) committed 
             Both:        1.01 GB reserved,       5.25 MB ( <1%) committed 

Chunk freelists:
   Non-Class:  1.13 KB
       Class:  2.13 KB
        Both:  3.25 KB

CodeHeap 'non-profiled nmethods': size=238912Kb used=1374Kb max_used=1374Kb free=237537Kb
 bounds [0x00000208cb600000, 0x00000208cb870000, 0x00000208d9f50000]
CodeHeap 'non-nmethods': size=6848Kb used=1119Kb max_used=1119Kb free=5728Kb
 bounds [0x00000208caf50000, 0x00000208cb1c0000, 0x00000208cb600000]
 total_blobs=1411 nmethods=974 adapters=348
 compilation: enabled
              stopped_count=0, restarted_count=0
 full_count=0

Compilation events (10 events):
Event: 0.688 Thread 0x00000208e1707000  970       1       java.lang.Module::allows (60 bytes)
Event: 0.688 Thread 0x00000208e1707000 nmethod 970 0x00000208cb756310 code [0x00000208cb756500, 0x00000208cb756790]
Event: 0.691 Thread 0x00000208e1707000  971       1       java.util.jar.Attributes$Name::hashCode (5 bytes)
Event: 0.691 Thread 0x00000208e1707000 nmethod 971 0x00000208cb756890 code [0x00000208cb756a40, 0x00000208cb756b78]
Event: 0.694 Thread 0x00000208e1707000  972       1       java.util.jar.Manifest$FastInputStream::readLine (9 bytes)
Event: 0.694 Thread 0x00000208e1707000 nmethod 972 0x00000208cb756c10 code [0x00000208cb756dc0, 0x00000208cb756f30]
Event: 0.694 Thread 0x00000208e1707000  974       1       java.lang.ThreadLocal::get (38 bytes)
Event: 0.694 Thread 0x00000208e1707000 nmethod 974 0x00000208cb757010 code [0x00000208cb7571e0, 0x00000208cb7573d0]
Event: 0.694 Thread 0x00000208e1707000  973       1       java.util.jar.Manifest$FastInputStream::peek (38 bytes)
Event: 0.694 Thread 0x00000208e1707000 nmethod 973 0x00000208cb757510 code [0x00000208cb7576e0, 0x00000208cb7578b0]

GC Heap History (4 events):
Event: 0.298 GC heap before
{Heap before GC invocations=0 (full 0):
 garbage-first heap   total 131072K, used 14336K [0x0000000081800000, 0x0000000100000000)
  region size 1024K, 14 young (14336K), 0 survivors (0K)
 Metaspace       used 506K, capacity 4518K, committed 4864K, reserved 1056768K
  class space    used 46K, capacity 399K, committed 512K, reserved 1048576K
}
Event: 0.303 GC heap after
{Heap after GC invocations=1 (full 0):
 garbage-first heap   total 131072K, used 12527K [0x0000000081800000, 0x0000000100000000)
  region size 1024K, 2 young (2048K), 2 survivors (2048K)
 Metaspace       used 506K, capacity 4518K, committed 4864K, reserved 1056768K
  class space    used 46K, capacity 399K, committed 512K, reserved 1048576K
}
Event: 0.369 GC heap before
{Heap before GC invocations=1 (full 0):
 garbage-first heap   total 131072K, used 15599K [0x0000000081800000, 0x0000000100000000)
  region size 1024K, 6 young (6144K), 2 survivors (2048K)
 Metaspace       used 1867K, capacity 4647K, committed 4864K, reserved 1056768K
  class space    used 230K, capacity 446K, committed 512K, reserved 1048576K
}
Event: 0.372 GC heap after
{Heap after GC invocations=2 (full 0):
 garbage-first heap   total 131072K, used 16021K [0x0000000081800000, 0x0000000100000000)
  region size 1024K, 1 young (1024K), 1 survivors (1024K)
 Metaspace       used 1867K, capacity 4647K, committed 4864K, reserved 1056768K
  class space    used 230K, capacity 446K, committed 512K, reserved 1048576K
}

Deoptimization events (0 events):
No events

Classes redefined (0 events):
No events

Internal exceptions (8 events):
Event: 0.334 Thread 0x00000208c1350000 Exception <a 'java/lang/NoSuchMethodError'{0x000000008942b918}: java.lang.invoke.DirectMethodHandle$Holder.invokeStaticInit(Ljava/lang/Object;Ljava/lang/Object;Ljava/lang/Object;)Ljava/lang/Object;> (0x000000008942b918) thrown at [t:/workspace/open/src/ho
Event: 0.336 Thread 0x00000208c1350000 Exception <a 'java/lang/NoSuchMethodError'{0x0000000089444cc0}: java.lang.invoke.DirectMethodHandle$Holder.invokeInterface(Ljava/lang/Object;Ljava/lang/Object;)I> (0x0000000089444cc0) thrown at [t:/workspace/open/src/hotspot/share/interpreter/linkResolver
Event: 0.336 Thread 0x00000208c1350000 Exception <a 'java/lang/IncompatibleClassChangeError'{0x00000000894477c8}: Found class java.lang.Object, but interface was expected> (0x00000000894477c8) thrown at [t:/workspace/open/src/hotspot/share/interpreter/linkResolver.cpp, line 843]
Event: 0.430 Thread 0x00000208c1350000 Exception <a 'java/lang/NoSuchMethodError'{0x000000008968e698}: java.lang.invoke.DirectMethodHandle$Holder.invokeSpecialIFC(Ljava/lang/Object;Ljava/lang/Object;Ljava/lang/Object;)I> (0x000000008968e698) thrown at [t:/workspace/open/src/hotspot/share/inter
Event: 0.444 Thread 0x00000208c1350000 Exception <a 'java/lang/NoSuchMethodError'{0x00000000896f0f80}: java.lang.invoke.DirectMethodHandle$Holder.invokeStaticInit(Ljava/lang/Object;IIII)Ljava/lang/Object;> (0x00000000896f0f80) thrown at [t:/workspace/open/src/hotspot/share/interpreter/linkReso
Event: 0.649 Thread 0x00000208c1350000 Exception <a 'java/lang/NoSuchMethodError'{0x000000008955a430}: java.lang.invoke.DirectMethodHandle$Holder.invokeStaticInit(Ljava/lang/Object;Ljava/lang/Object;IIII)Ljava/lang/Object;> (0x000000008955a430) thrown at [t:/workspace/open/src/hotspot/share/in
Event: 0.656 Thread 0x00000208c1350000 Exception <a 'java/lang/ClassNotFoundException'{0x00000000895756d8}: javax/management/remote/rmi/RMIServerImpl_Skel> (0x00000000895756d8) thrown at [t:/workspace/open/src/hotspot/share/classfile/systemDictionary.cpp, line 235]
Event: 0.680 Thread 0x00000208c1350000 Exception <a 'java/lang/ClassNotFoundException'{0x0000000089405e88}: jdk/internal/agent/resources/spi/agentProvider> (0x0000000089405e88) thrown at [t:/workspace/open/src/hotspot/share/classfile/systemDictionary.cpp, line 235]

Events (10 events):
Event: 0.692 loading class org/springframework/boot/SpringApplication
Event: 0.692 loading class org/springframework/boot/SpringApplication done
Event: 0.693 loading class org/apache/commons/logging/LogFactory
Event: 0.693 loading class org/apache/commons/logging/LogFactory done
Event: 0.693 loading class org/apache/commons/logging/LogAdapter
Event: 0.693 loading class org/apache/commons/logging/LogAdapter done
Event: 0.693 loading class org/apache/logging/log4j/spi/ExtendedLogger
Event: 0.693 loading class org/apache/logging/log4j/spi/ExtendedLogger done
Event: 0.694 loading class org/apache/logging/log4j/Logger
Event: 0.694 loading class org/apache/logging/log4j/Logger done


Dynamic libraries:
0x00007ff6c3800000 - 0x00007ff6c380f000 	C:\Program Files\Java\jdk-12.0.2\bin\javaw.exe
0x00007ffe5c2c0000 - 0x00007ffe5c4ad000 	C:\WINDOWS\SYSTEM32\ntdll.dll
0x00007ffe597e0000 - 0x00007ffe59893000 	C:\WINDOWS\System32\KERNEL32.DLL
0x00007ffe59000000 - 0x00007ffe59293000 	C:\WINDOWS\System32\KERNELBASE.dll
0x00007ffe58c80000 - 0x00007ffe58d7a000 	C:\WINDOWS\System32\ucrtbase.dll
0x00007ffe3e640000 - 0x00007ffe3e656000 	C:\Program Files\Java\jdk-12.0.2\bin\VCRUNTIME140.dll
0x00007ffe54ba0000 - 0x00007ffe54bb8000 	C:\Program Files\Java\jdk-12.0.2\bin\jli.dll
0x00007ffe59ac0000 - 0x00007ffe59b63000 	C:\WINDOWS\System32\ADVAPI32.dll
0x00007ffe599c0000 - 0x00007ffe59a5e000 	C:\WINDOWS\System32\msvcrt.dll
0x00007ffe59920000 - 0x00007ffe599be000 	C:\WINDOWS\System32\sechost.dll
0x00007ffe596b0000 - 0x00007ffe597d2000 	C:\WINDOWS\System32\RPCRT4.dll
0x00007ffe5a1b0000 - 0x00007ffe5a347000 	C:\WINDOWS\System32\USER32.dll
0x00007ffe58400000 - 0x00007ffe58420000 	C:\WINDOWS\System32\win32u.dll
0x00007ffe5a370000 - 0x00007ffe5a399000 	C:\WINDOWS\System32\GDI32.dll
0x00007ffe59340000 - 0x00007ffe594d9000 	C:\WINDOWS\System32\gdi32full.dll
0x00007ffe592a0000 - 0x00007ffe59340000 	C:\WINDOWS\System32\msvcp_win.dll
0x00007ffe4c5e0000 - 0x00007ffe4c859000 	C:\WINDOWS\WinSxS\amd64_microsoft.windows.common-controls_6595b64144ccf1df_6.0.17763.737_none_05b6437c071e554b\COMCTL32.dll
0x00007ffe59b70000 - 0x00007ffe59e9c000 	C:\WINDOWS\System32\combase.dll
0x00007ffe58380000 - 0x00007ffe583fe000 	C:\WINDOWS\System32\bcryptPrimitives.dll
0x00007ffe53a40000 - 0x00007ffe53a4a000 	C:\WINDOWS\SYSTEM32\VERSION.dll
0x00007ffe5a180000 - 0x00007ffe5a1ae000 	C:\WINDOWS\System32\IMM32.DLL
0x00007ffe29700000 - 0x00007ffe297aa000 	C:\Program Files\Java\jdk-12.0.2\bin\msvcp140.dll
0x00007ffdf6690000 - 0x00007ffdf7207000 	C:\Program Files\Java\jdk-12.0.2\bin\server\jvm.dll
0x00007ffe5c150000 - 0x00007ffe5c158000 	C:\WINDOWS\System32\PSAPI.DLL
0x00007ffe46cb0000 - 0x00007ffe46cb9000 	C:\WINDOWS\SYSTEM32\WSOCK32.dll
0x00007ffe55060000 - 0x00007ffe55084000 	C:\WINDOWS\SYSTEM32\WINMM.dll
0x00007ffe5b8a0000 - 0x00007ffe5b90d000 	C:\WINDOWS\System32\WS2_32.dll
0x00007ffe55000000 - 0x00007ffe5502d000 	C:\WINDOWS\SYSTEM32\WINMMBASE.dll
0x00007ffe58d80000 - 0x00007ffe58dca000 	C:\WINDOWS\System32\cfgmgr32.dll
0x00007ffe582b0000 - 0x00007ffe582c1000 	C:\WINDOWS\System32\kernel.appcore.dll
0x00007ffe38e10000 - 0x00007ffe38e21000 	C:\Program Files\Java\jdk-12.0.2\bin\verify.dll
0x00007ffe45e00000 - 0x00007ffe45fed000 	C:\WINDOWS\SYSTEM32\DBGHELP.DLL
0x00007ffe46ce0000 - 0x00007ffe46d0a000 	C:\WINDOWS\SYSTEM32\dbgcore.DLL
0x00007ffe38de0000 - 0x00007ffe38e06000 	C:\Program Files\Java\jdk-12.0.2\bin\java.dll
0x00007ffe38aa0000 - 0x00007ffe38ab7000 	C:\Program Files\Java\jdk-12.0.2\bin\zip.dll
0x00007ffe398e0000 - 0x00007ffe398ea000 	C:\Program Files\Java\jdk-12.0.2\bin\jimage.dll
0x00007ffe5a3a0000 - 0x00007ffe5b892000 	C:\WINDOWS\System32\SHELL32.dll
0x00007ffe5c160000 - 0x00007ffe5c208000 	C:\WINDOWS\System32\shcore.dll
0x00007ffe58530000 - 0x00007ffe58c7a000 	C:\WINDOWS\System32\windows.storage.dll
0x00007ffe58350000 - 0x00007ffe58374000 	C:\WINDOWS\System32\profapi.dll
0x00007ffe582d0000 - 0x00007ffe5832d000 	C:\WINDOWS\System32\powrprof.dll
0x00007ffe5a050000 - 0x00007ffe5a0a2000 	C:\WINDOWS\System32\shlwapi.dll
0x00007ffe58e00000 - 0x00007ffe58e17000 	C:\WINDOWS\System32\cryptsp.dll
0x00007ffe38a80000 - 0x00007ffe38a99000 	C:\Program Files\Java\jdk-12.0.2\bin\net.dll
0x00007ffe4bef0000 - 0x00007ffe4c0c7000 	C:\WINDOWS\SYSTEM32\urlmon.dll
0x00007ffe52ae0000 - 0x00007ffe52bd2000 	C:\WINDOWS\SYSTEM32\WINHTTP.dll
0x00007ffe4a630000 - 0x00007ffe4a8d8000 	C:\WINDOWS\SYSTEM32\iertutil.dll
0x00007ffe57c50000 - 0x00007ffe57c5c000 	C:\WINDOWS\SYSTEM32\CRYPTBASE.DLL
0x00007ffe57ad0000 - 0x00007ffe57b37000 	C:\WINDOWS\system32\mswsock.dll
0x00007ffe38a60000 - 0x00007ffe38a73000 	C:\Program Files\Java\jdk-12.0.2\bin\nio.dll
0x00007ffe42590000 - 0x00007ffe42599000 	C:\Program Files\Java\jdk-12.0.2\bin\management.dll
0x00007ffe412d0000 - 0x00007ffe412dc000 	C:\Program Files\Java\jdk-12.0.2\bin\management_ext.dll
0x00007ffe4d990000 - 0x00007ffe4d9a6000 	C:\WINDOWS\system32\napinsp.dll
0x00007ffe4d970000 - 0x00007ffe4d98a000 	C:\WINDOWS\system32\pnrpnsp.dll
0x00007ffe54b10000 - 0x00007ffe54b2b000 	C:\WINDOWS\system32\NLAapi.dll
0x00007ffe57800000 - 0x00007ffe5783d000 	C:\WINDOWS\SYSTEM32\IPHLPAPI.DLL
0x00007ffe57840000 - 0x00007ffe57906000 	C:\WINDOWS\SYSTEM32\DNSAPI.dll
0x00007ffe5bcc0000 - 0x00007ffe5bcc8000 	C:\WINDOWS\System32\NSI.dll
0x00007ffe54ad0000 - 0x00007ffe54ade000 	C:\WINDOWS\System32\winrnr.dll
0x00007ffe36900000 - 0x00007ffe36915000 	C:\WINDOWS\system32\wshbth.dll
0x0000000057a40000 - 0x0000000057a66000 	C:\Program Files\Bonjour\mdnsNSP.dll
0x00007ffe4db50000 - 0x00007ffe4db5a000 	C:\Windows\System32\rasadhlp.dll
0x00007ffe4e970000 - 0x00007ffe4e9e9000 	C:\WINDOWS\System32\fwpuclnt.dll
0x00007ffe58dd0000 - 0x00007ffe58df6000 	C:\WINDOWS\System32\bcrypt.dll
0x00007ffe57660000 - 0x00007ffe57693000 	C:\WINDOWS\system32\rsaenh.dll
0x00007ffe581e0000 - 0x00007ffe58208000 	C:\WINDOWS\SYSTEM32\USERENV.dll
0x00007ffe4f360000 - 0x00007ffe4f376000 	C:\WINDOWS\SYSTEM32\dhcpcsvc6.DLL
0x00007ffe4f080000 - 0x00007ffe4f09c000 	C:\WINDOWS\SYSTEM32\dhcpcsvc.DLL

dbghelp: loaded successfully - version: 4.0.5 - missing functions: none
symbol engine: initialized successfully - sym options: 0x614 - pdb path: .;C:\Program Files\Java\jdk-12.0.2\bin;C:\WINDOWS\SYSTEM32;C:\WINDOWS\WinSxS\amd64_microsoft.windows.common-controls_6595b64144ccf1df_6.0.17763.737_none_05b6437c071e554b;C:\Program Files\Java\jdk-12.0.2\bin\server;C:\Program Files\Bonjour

VM Arguments:
jvm_args: -Dcom.sun.management.jmxremote -Dcom.sun.management.jmxremote.port=57529 -Dcom.sun.management.jmxremote.authenticate=false -Dcom.sun.management.jmxremote.ssl=false -Djava.rmi.server.hostname=localhost -Dspring.jmx.enabled=true -Dspring.application.admin.enabled=true -Xverify:none -XX:TieredStopAtLevel=1 -Dfile.encoding=UTF-8 
java_command: com.mauriciopd.cursomc.CursomcApplication --spring.output.ansi.enabled=always
java_class_path (initial): C:\Users\mauri\Documents\ws\cursomc\target\classes;C:\Users\mauri\.m2\repository\org\springframework\boot\spring-boot-starter-web\2.1.9.RELEASE\spring-boot-starter-web-2.1.9.RELEASE.jar;C:\Users\mauri\.m2\repository\org\springframework\boot\spring-boot-starter\2.1.9.RELEASE\spring-boot-starter-2.1.9.RELEASE.jar;C:\Users\mauri\.m2\repository\org\springframework\boot\spring-boot-starter-logging\2.1.9.RELEASE\spring-boot-starter-logging-2.1.9.RELEASE.jar;C:\Users\mauri\.m2\repository\ch\qos\logback\logback-classic\1.2.3\logback-classic-1.2.3.jar;C:\Users\mauri\.m2\repository\ch\qos\logback\logback-core\1.2.3\logback-core-1.2.3.jar;C:\Users\mauri\.m2\repository\org\apache\logging\log4j\log4j-to-slf4j\2.11.2\log4j-to-slf4j-2.11.2.jar;C:\Users\mauri\.m2\repository\org\apache\logging\log4j\log4j-api\2.11.2\log4j-api-2.11.2.jar;C:\Users\mauri\.m2\repository\org\slf4j\jul-to-slf4j\1.7.28\jul-to-slf4j-1.7.28.jar;C:\Users\mauri\.m2\repository\javax\annotation\javax.annotation-api\1.3.2\javax.annotation-api-1.3.2.jar;C:\Users\mauri\.m2\repository\org\yaml\snakeyaml\1.23\snakeyaml-1.23.jar;C:\Users\mauri\.m2\repository\org\springframework\boot\spring-boot-starter-json\2.1.9.RELEASE\spring-boot-starter-json-2.1.9.RELEASE.jar;C:\Users\mauri\.m2\repository\com\fasterxml\jackson\datatype\jackson-datatype-jdk8\2.9.9\jackson-datatype-jdk8-2.9.9.jar;C:\Users\mauri\.m2\repository\com\fasterxml\jackson\datatype\jackson-datatype-jsr310\2.9.9\jackson-datatype-jsr310-2.9.9.jar;C:\Users\mauri\.m2\repository\com\fasterxml\jackson\module\jackson-module-parameter-names\2.9.9\jackson-module-parameter-names-2.9.9.jar;C:\Users\mauri\.m2\repository\org\springframework\boot\spring-boot-starter-tomcat\2.1.9.RELEASE\spring-boot-starter-tomcat-2.1.9.RELEASE.jar;C:\Users\mauri\.m2\repository\org\apache\tomcat\embed\tomcat-embed-core\9.0.26\tomcat-embed-core-9.0.26.jar;C:\Users\mauri\.m2\repository\org\apache\tomcat\embed\tomcat-embed-el\9.0.26\tomcat-embed-el-9.0.26.jar;C:\U
Launcher Type: SUN_STANDARD

[Global flags]
     bool BytecodeVerificationLocal                = false                                     {product} {command line}
     bool BytecodeVerificationRemote               = false                                     {product} {command line}
     intx CICompilerCount                          = 3                                         {product} {ergonomic}
     uint ConcGCThreads                            = 1                                         {product} {ergonomic}
     uint G1ConcRefinementThreads                  = 4                                         {product} {ergonomic}
   size_t G1HeapRegionSize                         = 1048576                                   {product} {ergonomic}
    uintx GCDrainStackTargetSize                   = 64                                        {product} {ergonomic}
   size_t InitialHeapSize                          = 134217728                                 {product} {ergonomic}
     bool ManagementServer                         = true                                      {product} {command line}
   size_t MarkStackSize                            = 4194304                                   {product} {ergonomic}
   size_t MaxHeapSize                              = 2122317824                                {product} {ergonomic}
   size_t MaxNewSize                               = 1272971264                                {product} {ergonomic}
   size_t MinHeapDeltaBytes                        = 1048576                                   {product} {ergonomic}
    uintx NonNMethodCodeHeapSize                   = 6973028                                {pd product} {ergonomic}
    uintx NonProfiledCodeHeapSize                  = 244685212                              {pd product} {ergonomic}
    uintx ProfiledCodeHeapSize                     = 0                                      {pd product} {ergonomic}
    uintx ReservedCodeCacheSize                    = 251658240                              {pd product} {ergonomic}
     bool SegmentedCodeCache                       = true                                      {product} {ergonomic}
     intx TieredStopAtLevel                        = 1                                         {product} {command line}
     bool UseCompressedClassPointers               = true                                 {lp64_product} {ergonomic}
     bool UseCompressedOops                        = true                                 {lp64_product} {ergonomic}
     bool UseG1GC                                  = true                                      {product} {ergonomic}
     bool UseLargePagesIndividualAllocation        = false                                  {pd product} {ergonomic}

Logging:
Log output configuration:
 #0: stdout all=warning uptime,level,tags
 #1: stderr all=off uptime,level,tags

Environment Variables:
JAVA_HOME=C:\Program Files\Java\jdk-12.0.2
PATH=C:/Program Files/Java/jdk-12.0.2/bin/server;C:/Program Files/Java/jdk-12.0.2/bin;C:\xampp\mysql\bin;C:\Python27\;C:\Python27\Scripts;C:\WINDOWS\system32;C:\WINDOWS;C:\WINDOWS\System32\Wbem;C:\WINDOWS\System32\WindowsPowerShell\v1.0\;C:\WINDOWS\System32\OpenSSH\;C:\Program Files\NVIDIA Corporation\NVIDIA NvDLISR;C:\Program Files (x86)\NVIDIA Corporation\PhysX\Common;C:\Users\mauri\Documents\Dev\apache-maven-3.6.0\bin;C:\ProgramData\chocolatey\bin;C:\Program Files\Git\cmd;C:\Program Files\nodejs\;C:\Program Files\Java\jdk-12.0.2\bin;C:\Users\mauri\AppData\Local\Programs\Microsoft VS Code\bin;C:\Users\mauri\AppData\Local\atom\bin;C:\apache-tomcat-9.0.20\bin;C:\apache-maven-3.6.2\bin;C:\Program Files\Java\jdk-12.0.2\bin;C:\Users\mauri\AppData\Roaming\npm;C:\Program Files\heroku\bin;C:\sts-4.3.2.RELEASE;
USERNAME=mauri
OS=Windows_NT
PROCESSOR_IDENTIFIER=Intel64 Family 6 Model 60 Stepping 3, GenuineIntel



---------------  S Y S T E M  ---------------

OS: Windows 10 , 64 bit Build 17763 (10.0.17763.475)

CPU:total 4 (initial active 4) (4 cores per cpu, 1 threads per core) family 6 model 60 stepping 3, cmov, cx8, fxsr, mmx, sse, sse2, sse3, ssse3, sse4.1, sse4.2, popcnt, avx, avx2, aes, clmul, erms, lzcnt, tsc, tscinvbit, bmi1, bmi2, fma

Memory: 4k page, system-wide physical 8092M (1534M free)
TotalPageFile size 19356M (AvailPageFile size 8630M)
current process WorkingSet (physical memory assigned to process): 73M, peak: 73M
current process commit charge ("private bytes"): 210M, peak: 210M

vm_info: Java HotSpot(TM) 64-Bit Server VM (12.0.2+10) for windows-amd64 JRE (12.0.2+10), built on Jul 16 2019 01:56:17 by "mach5one" with MS VC++ 15.5 (VS2017)

END.
