#
# A fatal error has been detected by the Java Runtime Environment:
#
#  EXCEPTION_ACCESS_VIOLATION (0xc0000005) at pc=0x00007ffdf6816b54, pid=11420, tid=14748
#
# JRE version: Java(TM) SE Runtime Environment (12.0.2+10) (build 12.0.2+10)
# Java VM: Java HotSpot(TM) 64-Bit Server VM (12.0.2+10, mixed mode, sharing, tiered, compressed oops, g1 gc, windows-amd64)
# Problematic frame:
# V  [jvm.dll+0x186b54]
#
# No core dump will be written. Minidumps are not enabled by default on client versions of Windows
#
# If you would like to submit a bug report, please visit:
#   http://bugreport.java.com/bugreport/crash.jsp
#

---------------  S U M M A R Y ------------

Command Line: -Dcom.sun.management.jmxremote -Dcom.sun.management.jmxremote.port=55176 -Dcom.sun.management.jmxremote.authenticate=false -Dcom.sun.management.jmxremote.ssl=false -Djava.rmi.server.hostname=localhost -Dspring.jmx.enabled=true -Dspring.application.admin.enabled=true -Xverify:none -XX:TieredStopAtLevel=1 -Dfile.encoding=UTF-8 com.mauriciopd.cursomc.CursomcApplication --spring.output.ansi.enabled=always

Host: Intel(R) Core(TM) i5-4460  CPU @ 3.20GHz, 4 cores, 7G,  Windows 10 , 64 bit Build 17763 (10.0.17763.475)
Time: Sun Oct  6 20:19:03 2019 Hora oficial do Brasil elapsed time: 0 seconds (0d 0h 0m 0s)

---------------  T H R E A D  ---------------

Current thread (0x000001127434a800):  JavaThread "C1 CompilerThread0" daemon [_thread_in_native, id=14748, stack(0x000000063ba00000,0x000000063bb00000)]


Current CompileTask:
C1:    832  981       1       java.util.jar.Manifest$FastInputStream::readLine (9 bytes)

Stack: [0x000000063ba00000,0x000000063bb00000],  sp=0x000000063bafe5d8,  free space=1017k
Native frames: (J=compiled Java code, j=interpreted, Vv=VM code, C=native code)
V  [jvm.dll+0x186b54]
V  [jvm.dll+0x151c42]
V  [jvm.dll+0x151a47]
V  [jvm.dll+0x15187e]
V  [jvm.dll+0x131599]
V  [jvm.dll+0x13107d]
V  [jvm.dll+0x13125f]
V  [jvm.dll+0x1303c7]
V  [jvm.dll+0x132477]
V  [jvm.dll+0x22a744]
V  [jvm.dll+0x228d98]
V  [jvm.dll+0x7512a0]
V  [jvm.dll+0x74a2c8]
V  [jvm.dll+0x639b16]
C  [ucrtbase.dll+0x21ffa]
C  [KERNEL32.DLL+0x17974]
C  [ntdll.dll+0x6a271]


siginfo: EXCEPTION_ACCESS_VIOLATION (0xc0000005), reading address 0x000000040000005b


Register to memory mapping:

RIP=0x00007ffdf6816b54 jvm.dll
RAX=0x0000000400000003 is an unknown value
RBX=0x000000063bafe6b0 is pointing into the stack for thread: 0x000001127434a800
RCX=0x0000011255f18260 points into unknown readable memory: 03 00 00 00 04 00 00 00
RDX=0x0000011274dda050 points into unknown readable memory: e0 52 ef f6 fd 7f 00 00
RSP=0x000000063bafe5d8 is pointing into the stack for thread: 0x000001127434a800
RBP=0x0000000000000002 is an unknown value
RSI=0x0000011274d33da0 points into unknown readable memory: 68 cb ee f6 fd 7f 00 00
RDI=0x0 is NULL
R8 =0x00000000000000e8 is an unknown value
R9 =0x0000000000000004 is an unknown value
R10=0x0000011274dda050 points into unknown readable memory: e0 52 ef f6 fd 7f 00 00
R11=0x0000000000000030 is an unknown value
R12=0x0000000000000002 is an unknown value
R13=0x0000011274d33cf0 points into unknown readable memory: 02 00 00 00 08 00 00 00
R14=0x0000011274d338f0 points into unknown readable memory: 02 00 00 00 02 00 00 00
R15=0x0000000000000001 is an unknown value


Registers:
RAX=0x0000000400000003, RBX=0x000000063bafe6b0, RCX=0x0000011255f18260, RDX=0x0000011274dda050
RSP=0x000000063bafe5d8, RBP=0x0000000000000002, RSI=0x0000011274d33da0, RDI=0x0000000000000000
R8 =0x00000000000000e8, R9 =0x0000000000000004, R10=0x0000011274dda050, R11=0x0000000000000030
R12=0x0000000000000002, R13=0x0000011274d33cf0, R14=0x0000011274d338f0, R15=0x0000000000000001
RIP=0x00007ffdf6816b54, EFLAGS=0x0000000000010202

Top of Stack: (sp=0x000000063bafe5d8)
0x000000063bafe5d8:   00007ffdf67e1c42 000000063bafe6b0
0x000000063bafe5e8:   0000011274d33da0 0000011274d33da0
0x000000063bafe5f8:   0000011274d338f0 000000063bafe6b0
0x000000063bafe608:   00007ffdf67e1a47 0000011274db74c0
0x000000063bafe618:   0000000000000002 0000000000000000
0x000000063bafe628:   00007ffd00000013 0000011274db74c0
0x000000063bafe638:   0000011274d338f0 000000063bafe970
0x000000063bafe648:   000001127434a800 000000063bafe6b0
0x000000063bafe658:   00007ffdf67e187e 0000000000000002
0x000000063bafe668:   0000011274d333c0 0000000000000000
0x000000063bafe678:   0000000000000000 00007ffdf70a09c0
0x000000063bafe688:   00007ffdf67c1599 0000011274dda050
0x000000063bafe698:   000000063bafea40 000000063bafe970
0x000000063bafe6a8:   0000000000000000 0000011274dda050
0x000000063bafe6b8:   0000011274dda080 0000011255f377b0
0x000000063bafe6c8:   000000063bafe970 0000011274d33b80 

Instructions: (pc=0x00007ffdf6816b54)
0x00007ffdf6816a54:   73 e8 49 89 5b e0 89 6c 24 20 e8 3d 0c 41 00 eb
0x00007ffdf6816a64:   13 48 89 44 24 30 48 89 5c 24 28 89 6c 24 20 e8
0x00007ffdf6816a74:   f8 9c 3f 00 0f b6 05 6f d7 88 00 48 8b d7 4c 8b
0x00007ffdf6816a84:   0d 87 47 76 00 48 8b ce 4c 8b 84 24 80 00 00 00
0x00007ffdf6816a94:   88 84 24 88 00 00 00 4c 89 b4 24 80 00 00 00 48
0x00007ffdf6816aa4:   89 5c 24 78 89 6c 24 70 48 8b 5c 24 50 48 8b 6c
0x00007ffdf6816ab4:   24 58 48 8b 74 24 60 48 8b 7c 24 68 48 83 c4 40
0x00007ffdf6816ac4:   41 5e e9 95 04 00 00 cc cc cc cc cc 48 89 5c 24
0x00007ffdf6816ad4:   08 57 48 83 ec 20 8b fa 48 8b d9 41 8b d0 e8 b9
0x00007ffdf6816ae4:   c9 f4 ff 48 8b 15 52 47 76 00 48 8b cb e8 fa da
0x00007ffdf6816af4:   f6 ff 80 3d 97 05 91 00 00 74 16 4c 8b 05 32 47
0x00007ffdf6816b04:   76 00 48 8b cb 48 8b 15 30 47 76 00 e8 db 0e f6
0x00007ffdf6816b14:   ff 48 83 3d 4b cf 88 00 02 7d 08 48 8b cb e8 99
0x00007ffdf6816b24:   9c 3f 00 48 8b 15 0a 47 76 00 44 8b c7 48 8b cb
0x00007ffdf6816b34:   e8 87 97 3f 00 48 8b 05 80 7f 8e 00 48 8b d3 48
0x00007ffdf6816b44:   8b 48 18 48 8b 01 48 8b 5c 24 30 48 83 c4 20 5f
0x00007ffdf6816b54:   48 ff 60 58 cc cc cc cc cc cc cc cc 40 53 55 56
0x00007ffdf6816b64:   57 41 56 48 83 ec 60 48 8b 05 8e 00 8c 00 48 33
0x00007ffdf6816b74:   c4 48 89 44 24 58 48 8b 9c 24 b0 00 00 00 33 c0
0x00007ffdf6816b84:   49 8b f0 c7 44 24 30 ff ff ff ff 48 8b fa 89 44
0x00007ffdf6816b94:   24 44 48 8b d6 48 89 44 24 48 45 8b c1 88 44 24
0x00007ffdf6816ba4:   50 41 8b e9 4c 8b f1 e8 40 05 41 00 41 b1 01 4c
0x00007ffdf6816bb4:   8d 44 24 30 ba 04 00 00 00 49 8b ce e8 cb c7 f5
0x00007ffdf6816bc4:   ff 44 8b cd 48 89 5c 24 20 4c 8b c6 48 8b d7 49
0x00007ffdf6816bd4:   8b ce e8 f5 4e 41 00 48 8d 54 24 30 49 8b ce e8
0x00007ffdf6816be4:   d8 c6 f4 ff 48 8b 4c 24 58 48 33 cc e8 0b 8e 63
0x00007ffdf6816bf4:   00 48 83 c4 60 41 5e 5f 5e 5d 5b c3 48 8b c4 48
0x00007ffdf6816c04:   89 58 10 48 89 70 18 55 57 41 54 41 56 41 57 48
0x00007ffdf6816c14:   8d 68 b1 48 81 ec c0 00 00 00 80 3d e5 ce 88 00
0x00007ffdf6816c24:   00 4d 8b f9 48 8b 7d 77 48 8b f2 4c 89 68 08 48
0x00007ffdf6816c34:   8b d9 4d 8b e8 0f 84 e6 00 00 00 49 83 f9 0f 0f
0x00007ffdf6816c44:   86 dc 00 00 00 48 8b 05 c0 45 76 00 4c 8d 25 c9 


Stack slot to memory mapping:
stack at sp + 0 slots: 0x00007ffdf67e1c42 jvm.dll
stack at sp + 1 slots: 0x000000063bafe6b0 is pointing into the stack for thread: 0x000001127434a800
stack at sp + 2 slots: 0x0000011274d33da0 points into unknown readable memory: 68 cb ee f6 fd 7f 00 00
stack at sp + 3 slots: 0x0000011274d33da0 points into unknown readable memory: 68 cb ee f6 fd 7f 00 00
stack at sp + 4 slots: 0x0000011274d338f0 points into unknown readable memory: 02 00 00 00 02 00 00 00
stack at sp + 5 slots: 0x000000063bafe6b0 is pointing into the stack for thread: 0x000001127434a800
stack at sp + 6 slots: 0x00007ffdf67e1a47 jvm.dll
stack at sp + 7 slots: 0x0000011274db74c0 points into unknown readable memory: 30 59 f0 f6 fd 7f 00 00


---------------  P R O C E S S  ---------------

Threads class SMR info:
_java_thread_list=0x0000011275aa7db0, length=12, elements={
0x0000011255f20800, 0x0000011274330800, 0x0000011274331800, 0x0000011274346800,
0x0000011274348800, 0x000001127434a800, 0x0000011274351000, 0x0000011274df9000,
0x0000011274e62800, 0x0000011275a7c800, 0x0000011275a8d800, 0x0000011275ab9800
}

Java Threads: ( => current thread )
  0x0000011255f20800 JavaThread "main" [_thread_in_vm, id=15040, stack(0x000000063af00000,0x000000063b000000)]
  0x0000011274330800 JavaThread "Reference Handler" daemon [_thread_blocked, id=11100, stack(0x000000063b600000,0x000000063b700000)]
  0x0000011274331800 JavaThread "Finalizer" daemon [_thread_blocked, id=15092, stack(0x000000063b700000,0x000000063b800000)]
  0x0000011274346800 JavaThread "Signal Dispatcher" daemon [_thread_blocked, id=3116, stack(0x000000063b800000,0x000000063b900000)]
  0x0000011274348800 JavaThread "Attach Listener" daemon [_thread_blocked, id=564, stack(0x000000063b900000,0x000000063ba00000)]
=>0x000001127434a800 JavaThread "C1 CompilerThread0" daemon [_thread_in_native, id=14748, stack(0x000000063ba00000,0x000000063bb00000)]
  0x0000011274351000 JavaThread "Sweeper thread" daemon [_thread_blocked, id=14744, stack(0x000000063bb00000,0x000000063bc00000)]
  0x0000011274df9000 JavaThread "Common-Cleaner" daemon [_thread_blocked, id=8948, stack(0x000000063bc00000,0x000000063bd00000)]
  0x0000011274e62800 JavaThread "Service Thread" daemon [_thread_blocked, id=15192, stack(0x000000063bd00000,0x000000063be00000)]
  0x0000011275a7c800 JavaThread "RMI TCP Accept-0" daemon [_thread_in_native, id=13644, stack(0x000000063c000000,0x000000063c100000)]
  0x0000011275a8d800 JavaThread "RMI TCP Accept-55176" daemon [_thread_in_native, id=9164, stack(0x000000063c100000,0x000000063c200000)]
  0x0000011275ab9800 JavaThread "RMI TCP Accept-0" daemon [_thread_in_native, id=13956, stack(0x000000063c200000,0x000000063c300000)]

Other Threads:
  0x000001127432c000 VMThread "VM Thread" [stack: 0x000000063b500000,0x000000063b600000] [id=13872]
  0x0000011275ac1000 WatcherThread [stack: 0x000000063c300000,0x000000063c400000] [id=7580]
  0x0000011255f5f000 GCTaskThread "GC Thread#0" [stack: 0x000000063b000000,0x000000063b100000] [id=4184]
  0x0000011275084000 GCTaskThread "GC Thread#1" [stack: 0x000000063be00000,0x000000063bf00000] [id=7360]
  0x0000011275085000 GCTaskThread "GC Thread#2" [stack: 0x000000063bf00000,0x000000063c000000] [id=13320]
  0x0000011255f6e800 ConcurrentGCThread "G1 Main Marker" [stack: 0x000000063b100000,0x000000063b200000] [id=2556]
  0x0000011255f70000 ConcurrentGCThread "G1 Conc#0" [stack: 0x000000063b200000,0x000000063b300000] [id=4028]
  0x0000011255fde800 ConcurrentGCThread "G1 Refine#0" [stack: 0x000000063b300000,0x000000063b400000] [id=3028]
  0x00000112741a7800 ConcurrentGCThread "G1 Young RemSet Sampling" [stack: 0x000000063b400000,0x000000063b500000] [id=7036]

Threads with active compile tasks:
C1 CompilerThread0   981       1       java.util.jar.Manifest$FastInputStream::readLine (9 bytes)

VM state:not at safepoint (normal execution)

VM Mutex/Monitor currently owned by a thread: None

Heap address: 0x0000000081800000, size: 2024 MB, Compressed Oops mode: 32-bit
Narrow klass base: 0x0000000800000000, Narrow klass shift: 3
Compressed class space size: 1073741824 Address: 0x0000000801190000

Heap:
 garbage-first heap   total 131072K, used 20457K [0x0000000081800000, 0x0000000100000000)
  region size 1024K, 6 young (6144K), 1 survivors (1024K)
 Metaspace       used 5067K, capacity 5617K, committed 5632K, reserved 1056768K
  class space    used 632K, capacity 756K, committed 768K, reserved 1048576K
Heap Regions: E=young(eden), S=young(survivor), O=old, HS=humongous(starts), HC=humongous(continues), CS=collection set, F=free, A=archive, TAMS=top-at-mark-start (previous, next)
|   0|0x0000000081800000, 0x0000000081900000, 0x0000000081900000|100%|HS|  |TAMS 0x0000000081800000, 0x0000000081800000| Complete 
|   1|0x0000000081900000, 0x0000000081a00000, 0x0000000081a00000|100%| O|  |TAMS 0x0000000081900000, 0x0000000081900000| Untracked 
|   2|0x0000000081a00000, 0x0000000081b00000, 0x0000000081b00000|100%| O|  |TAMS 0x0000000081a00000, 0x0000000081a00000| Untracked 
|   3|0x0000000081b00000, 0x0000000081c00000, 0x0000000081c00000|100%| O|  |TAMS 0x0000000081b00000, 0x0000000081b00000| Untracked 
|   4|0x0000000081c00000, 0x0000000081d00000, 0x0000000081d00000|100%| O|  |TAMS 0x0000000081c00000, 0x0000000081c00000| Untracked 
|   5|0x0000000081d00000, 0x0000000081e00000, 0x0000000081e00000|100%| O|  |TAMS 0x0000000081d00000, 0x0000000081d00000| Untracked 
|   6|0x0000000081e00000, 0x0000000081f00000, 0x0000000081f00000|100%| O|  |TAMS 0x0000000081e00000, 0x0000000081e00000| Untracked 
|   7|0x0000000081f00000, 0x0000000082000000, 0x0000000082000000|100%| O|  |TAMS 0x0000000081f00000, 0x0000000081f00000| Untracked 
|   8|0x0000000082000000, 0x0000000082100000, 0x0000000082100000|100%| O|  |TAMS 0x0000000082000000, 0x0000000082000000| Untracked 
|   9|0x0000000082100000, 0x0000000082200000, 0x0000000082200000|100%| O|  |TAMS 0x0000000082100000, 0x0000000082100000| Untracked 
|  10|0x0000000082200000, 0x0000000082300000, 0x0000000082300000|100%| O|  |TAMS 0x0000000082200000, 0x0000000082200000| Untracked 
|  11|0x0000000082300000, 0x0000000082400000, 0x0000000082400000|100%| O|  |TAMS 0x0000000082300000, 0x0000000082300000| Untracked 
|  12|0x0000000082400000, 0x0000000082500000, 0x0000000082500000|100%| O|  |TAMS 0x0000000082400000, 0x0000000082400000| Untracked 
|  13|0x0000000082500000, 0x0000000082600000, 0x0000000082600000|100%| O|  |TAMS 0x0000000082500000, 0x0000000082500000| Untracked 
|  14|0x0000000082600000, 0x00000000826fa600, 0x0000000082700000| 97%| O|  |TAMS 0x0000000082600000, 0x0000000082600000| Untracked 
|  15|0x0000000082700000, 0x0000000082700000, 0x0000000082800000|  0%| F|  |TAMS 0x0000000082700000, 0x0000000082700000| Untracked 
|  16|0x0000000082800000, 0x0000000082800000, 0x0000000082900000|  0%| F|  |TAMS 0x0000000082800000, 0x0000000082800000| Untracked 
|  17|0x0000000082900000, 0x0000000082900000, 0x0000000082a00000|  0%| F|  |TAMS 0x0000000082900000, 0x0000000082900000| Untracked 
|  18|0x0000000082a00000, 0x0000000082a00000, 0x0000000082b00000|  0%| F|  |TAMS 0x0000000082a00000, 0x0000000082a00000| Untracked 
|  19|0x0000000082b00000, 0x0000000082b00000, 0x0000000082c00000|  0%| F|  |TAMS 0x0000000082b00000, 0x0000000082b00000| Untracked 
|  20|0x0000000082c00000, 0x0000000082c00000, 0x0000000082d00000|  0%| F|  |TAMS 0x0000000082c00000, 0x0000000082c00000| Untracked 
|  21|0x0000000082d00000, 0x0000000082d00000, 0x0000000082e00000|  0%| F|  |TAMS 0x0000000082d00000, 0x0000000082d00000| Untracked 
|  22|0x0000000082e00000, 0x0000000082e00000, 0x0000000082f00000|  0%| F|  |TAMS 0x0000000082e00000, 0x0000000082e00000| Untracked 
|  23|0x0000000082f00000, 0x0000000082f00000, 0x0000000083000000|  0%| F|  |TAMS 0x0000000082f00000, 0x0000000082f00000| Untracked 
|  24|0x0000000083000000, 0x0000000083000000, 0x0000000083100000|  0%| F|  |TAMS 0x0000000083000000, 0x0000000083000000| Untracked 
|  25|0x0000000083100000, 0x0000000083100000, 0x0000000083200000|  0%| F|  |TAMS 0x0000000083100000, 0x0000000083100000| Untracked 
|  26|0x0000000083200000, 0x0000000083200000, 0x0000000083300000|  0%| F|  |TAMS 0x0000000083200000, 0x0000000083200000| Untracked 
|  27|0x0000000083300000, 0x0000000083300000, 0x0000000083400000|  0%| F|  |TAMS 0x0000000083300000, 0x0000000083300000| Untracked 
|  28|0x0000000083400000, 0x0000000083400000, 0x0000000083500000|  0%| F|  |TAMS 0x0000000083400000, 0x0000000083400000| Untracked 
|  29|0x0000000083500000, 0x0000000083500000, 0x0000000083600000|  0%| F|  |TAMS 0x0000000083500000, 0x0000000083500000| Untracked 
|  30|0x0000000083600000, 0x0000000083600000, 0x0000000083700000|  0%| F|  |TAMS 0x0000000083600000, 0x0000000083600000| Untracked 
|  31|0x0000000083700000, 0x0000000083700000, 0x0000000083800000|  0%| F|  |TAMS 0x0000000083700000, 0x0000000083700000| Untracked 
|  32|0x0000000083800000, 0x0000000083800000, 0x0000000083900000|  0%| F|  |TAMS 0x0000000083800000, 0x0000000083800000| Untracked 
|  33|0x0000000083900000, 0x0000000083900000, 0x0000000083a00000|  0%| F|  |TAMS 0x0000000083900000, 0x0000000083900000| Untracked 
|  34|0x0000000083a00000, 0x0000000083a00000, 0x0000000083b00000|  0%| F|  |TAMS 0x0000000083a00000, 0x0000000083a00000| Untracked 
|  35|0x0000000083b00000, 0x0000000083b00000, 0x0000000083c00000|  0%| F|  |TAMS 0x0000000083b00000, 0x0000000083b00000| Untracked 
|  36|0x0000000083c00000, 0x0000000083c00000, 0x0000000083d00000|  0%| F|  |TAMS 0x0000000083c00000, 0x0000000083c00000| Untracked 
|  37|0x0000000083d00000, 0x0000000083d00000, 0x0000000083e00000|  0%| F|  |TAMS 0x0000000083d00000, 0x0000000083d00000| Untracked 
|  38|0x0000000083e00000, 0x0000000083e00000, 0x0000000083f00000|  0%| F|  |TAMS 0x0000000083e00000, 0x0000000083e00000| Untracked 
|  39|0x0000000083f00000, 0x0000000083f00000, 0x0000000084000000|  0%| F|  |TAMS 0x0000000083f00000, 0x0000000083f00000| Untracked 
|  40|0x0000000084000000, 0x0000000084000000, 0x0000000084100000|  0%| F|  |TAMS 0x0000000084000000, 0x0000000084000000| Untracked 
|  41|0x0000000084100000, 0x0000000084100000, 0x0000000084200000|  0%| F|  |TAMS 0x0000000084100000, 0x0000000084100000| Untracked 
|  42|0x0000000084200000, 0x0000000084200000, 0x0000000084300000|  0%| F|  |TAMS 0x0000000084200000, 0x0000000084200000| Untracked 
|  43|0x0000000084300000, 0x0000000084300000, 0x0000000084400000|  0%| F|  |TAMS 0x0000000084300000, 0x0000000084300000| Untracked 
|  44|0x0000000084400000, 0x0000000084400000, 0x0000000084500000|  0%| F|  |TAMS 0x0000000084400000, 0x0000000084400000| Untracked 
|  45|0x0000000084500000, 0x0000000084500000, 0x0000000084600000|  0%| F|  |TAMS 0x0000000084500000, 0x0000000084500000| Untracked 
|  46|0x0000000084600000, 0x0000000084600000, 0x0000000084700000|  0%| F|  |TAMS 0x0000000084600000, 0x0000000084600000| Untracked 
|  47|0x0000000084700000, 0x0000000084700000, 0x0000000084800000|  0%| F|  |TAMS 0x0000000084700000, 0x0000000084700000| Untracked 
|  48|0x0000000084800000, 0x0000000084800000, 0x0000000084900000|  0%| F|  |TAMS 0x0000000084800000, 0x0000000084800000| Untracked 
|  49|0x0000000084900000, 0x0000000084900000, 0x0000000084a00000|  0%| F|  |TAMS 0x0000000084900000, 0x0000000084900000| Untracked 
|  50|0x0000000084a00000, 0x0000000084a00000, 0x0000000084b00000|  0%| F|  |TAMS 0x0000000084a00000, 0x0000000084a00000| Untracked 
|  51|0x0000000084b00000, 0x0000000084b00000, 0x0000000084c00000|  0%| F|  |TAMS 0x0000000084b00000, 0x0000000084b00000| Untracked 
|  52|0x0000000084c00000, 0x0000000084c00000, 0x0000000084d00000|  0%| F|  |TAMS 0x0000000084c00000, 0x0000000084c00000| Untracked 
|  53|0x0000000084d00000, 0x0000000084d00000, 0x0000000084e00000|  0%| F|  |TAMS 0x0000000084d00000, 0x0000000084d00000| Untracked 
|  54|0x0000000084e00000, 0x0000000084e00000, 0x0000000084f00000|  0%| F|  |TAMS 0x0000000084e00000, 0x0000000084e00000| Untracked 
|  55|0x0000000084f00000, 0x0000000084f00000, 0x0000000085000000|  0%| F|  |TAMS 0x0000000084f00000, 0x0000000084f00000| Untracked 
|  56|0x0000000085000000, 0x0000000085000000, 0x0000000085100000|  0%| F|  |TAMS 0x0000000085000000, 0x0000000085000000| Untracked 
|  57|0x0000000085100000, 0x0000000085100000, 0x0000000085200000|  0%| F|  |TAMS 0x0000000085100000, 0x0000000085100000| Untracked 
|  58|0x0000000085200000, 0x0000000085200000, 0x0000000085300000|  0%| F|  |TAMS 0x0000000085200000, 0x0000000085200000| Untracked 
|  59|0x0000000085300000, 0x0000000085300000, 0x0000000085400000|  0%| F|  |TAMS 0x0000000085300000, 0x0000000085300000| Untracked 
|  60|0x0000000085400000, 0x0000000085400000, 0x0000000085500000|  0%| F|  |TAMS 0x0000000085400000, 0x0000000085400000| Untracked 
|  61|0x0000000085500000, 0x0000000085500000, 0x0000000085600000|  0%| F|  |TAMS 0x0000000085500000, 0x0000000085500000| Untracked 
|  62|0x0000000085600000, 0x0000000085600000, 0x0000000085700000|  0%| F|  |TAMS 0x0000000085600000, 0x0000000085600000| Untracked 
|  63|0x0000000085700000, 0x0000000085700000, 0x0000000085800000|  0%| F|  |TAMS 0x0000000085700000, 0x0000000085700000| Untracked 
|  64|0x0000000085800000, 0x0000000085800000, 0x0000000085900000|  0%| F|  |TAMS 0x0000000085800000, 0x0000000085800000| Untracked 
|  65|0x0000000085900000, 0x0000000085900000, 0x0000000085a00000|  0%| F|  |TAMS 0x0000000085900000, 0x0000000085900000| Untracked 
|  66|0x0000000085a00000, 0x0000000085a00000, 0x0000000085b00000|  0%| F|  |TAMS 0x0000000085a00000, 0x0000000085a00000| Untracked 
|  67|0x0000000085b00000, 0x0000000085b00000, 0x0000000085c00000|  0%| F|  |TAMS 0x0000000085b00000, 0x0000000085b00000| Untracked 
|  68|0x0000000085c00000, 0x0000000085c00000, 0x0000000085d00000|  0%| F|  |TAMS 0x0000000085c00000, 0x0000000085c00000| Untracked 
|  69|0x0000000085d00000, 0x0000000085d00000, 0x0000000085e00000|  0%| F|  |TAMS 0x0000000085d00000, 0x0000000085d00000| Untracked 
|  70|0x0000000085e00000, 0x0000000085e00000, 0x0000000085f00000|  0%| F|  |TAMS 0x0000000085e00000, 0x0000000085e00000| Untracked 
|  71|0x0000000085f00000, 0x0000000085f00000, 0x0000000086000000|  0%| F|  |TAMS 0x0000000085f00000, 0x0000000085f00000| Untracked 
|  72|0x0000000086000000, 0x0000000086000000, 0x0000000086100000|  0%| F|  |TAMS 0x0000000086000000, 0x0000000086000000| Untracked 
|  73|0x0000000086100000, 0x0000000086100000, 0x0000000086200000|  0%| F|  |TAMS 0x0000000086100000, 0x0000000086100000| Untracked 
|  74|0x0000000086200000, 0x0000000086200000, 0x0000000086300000|  0%| F|  |TAMS 0x0000000086200000, 0x0000000086200000| Untracked 
|  75|0x0000000086300000, 0x0000000086300000, 0x0000000086400000|  0%| F|  |TAMS 0x0000000086300000, 0x0000000086300000| Untracked 
|  76|0x0000000086400000, 0x0000000086400000, 0x0000000086500000|  0%| F|  |TAMS 0x0000000086400000, 0x0000000086400000| Untracked 
|  77|0x0000000086500000, 0x0000000086500000, 0x0000000086600000|  0%| F|  |TAMS 0x0000000086500000, 0x0000000086500000| Untracked 
|  78|0x0000000086600000, 0x0000000086600000, 0x0000000086700000|  0%| F|  |TAMS 0x0000000086600000, 0x0000000086600000| Untracked 
|  79|0x0000000086700000, 0x0000000086700000, 0x0000000086800000|  0%| F|  |TAMS 0x0000000086700000, 0x0000000086700000| Untracked 
|  80|0x0000000086800000, 0x0000000086800000, 0x0000000086900000|  0%| F|  |TAMS 0x0000000086800000, 0x0000000086800000| Untracked 
|  81|0x0000000086900000, 0x0000000086900000, 0x0000000086a00000|  0%| F|  |TAMS 0x0000000086900000, 0x0000000086900000| Untracked 
|  82|0x0000000086a00000, 0x0000000086a00000, 0x0000000086b00000|  0%| F|  |TAMS 0x0000000086a00000, 0x0000000086a00000| Untracked 
|  83|0x0000000086b00000, 0x0000000086b00000, 0x0000000086c00000|  0%| F|  |TAMS 0x0000000086b00000, 0x0000000086b00000| Untracked 
|  84|0x0000000086c00000, 0x0000000086c00000, 0x0000000086d00000|  0%| F|  |TAMS 0x0000000086c00000, 0x0000000086c00000| Untracked 
|  85|0x0000000086d00000, 0x0000000086d00000, 0x0000000086e00000|  0%| F|  |TAMS 0x0000000086d00000, 0x0000000086d00000| Untracked 
|  86|0x0000000086e00000, 0x0000000086e00000, 0x0000000086f00000|  0%| F|  |TAMS 0x0000000086e00000, 0x0000000086e00000| Untracked 
|  87|0x0000000086f00000, 0x0000000086f00000, 0x0000000087000000|  0%| F|  |TAMS 0x0000000086f00000, 0x0000000086f00000| Untracked 
|  88|0x0000000087000000, 0x0000000087000000, 0x0000000087100000|  0%| F|  |TAMS 0x0000000087000000, 0x0000000087000000| Untracked 
|  89|0x0000000087100000, 0x0000000087100000, 0x0000000087200000|  0%| F|  |TAMS 0x0000000087100000, 0x0000000087100000| Untracked 
|  90|0x0000000087200000, 0x0000000087200000, 0x0000000087300000|  0%| F|  |TAMS 0x0000000087200000, 0x0000000087200000| Untracked 
|  91|0x0000000087300000, 0x0000000087300000, 0x0000000087400000|  0%| F|  |TAMS 0x0000000087300000, 0x0000000087300000| Untracked 
|  92|0x0000000087400000, 0x0000000087400000, 0x0000000087500000|  0%| F|  |TAMS 0x0000000087400000, 0x0000000087400000| Untracked 
|  93|0x0000000087500000, 0x0000000087500000, 0x0000000087600000|  0%| F|  |TAMS 0x0000000087500000, 0x0000000087500000| Untracked 
|  94|0x0000000087600000, 0x0000000087600000, 0x0000000087700000|  0%| F|  |TAMS 0x0000000087600000, 0x0000000087600000| Untracked 
|  95|0x0000000087700000, 0x0000000087700000, 0x0000000087800000|  0%| F|  |TAMS 0x0000000087700000, 0x0000000087700000| Untracked 
|  96|0x0000000087800000, 0x0000000087800000, 0x0000000087900000|  0%| F|  |TAMS 0x0000000087800000, 0x0000000087800000| Untracked 
|  97|0x0000000087900000, 0x0000000087900000, 0x0000000087a00000|  0%| F|  |TAMS 0x0000000087900000, 0x0000000087900000| Untracked 
|  98|0x0000000087a00000, 0x0000000087a00000, 0x0000000087b00000|  0%| F|  |TAMS 0x0000000087a00000, 0x0000000087a00000| Untracked 
|  99|0x0000000087b00000, 0x0000000087b00000, 0x0000000087c00000|  0%| F|  |TAMS 0x0000000087b00000, 0x0000000087b00000| Untracked 
| 100|0x0000000087c00000, 0x0000000087c00000, 0x0000000087d00000|  0%| F|  |TAMS 0x0000000087c00000, 0x0000000087c00000| Untracked 
| 101|0x0000000087d00000, 0x0000000087d00000, 0x0000000087e00000|  0%| F|  |TAMS 0x0000000087d00000, 0x0000000087d00000| Untracked 
| 102|0x0000000087e00000, 0x0000000087e00000, 0x0000000087f00000|  0%| F|  |TAMS 0x0000000087e00000, 0x0000000087e00000| Untracked 
| 103|0x0000000087f00000, 0x0000000087f00000, 0x0000000088000000|  0%| F|  |TAMS 0x0000000087f00000, 0x0000000087f00000| Untracked 
| 104|0x0000000088000000, 0x0000000088000000, 0x0000000088100000|  0%| F|  |TAMS 0x0000000088000000, 0x0000000088000000| Untracked 
| 105|0x0000000088100000, 0x0000000088100000, 0x0000000088200000|  0%| F|  |TAMS 0x0000000088100000, 0x0000000088100000| Untracked 
| 106|0x0000000088200000, 0x0000000088200000, 0x0000000088300000|  0%| F|  |TAMS 0x0000000088200000, 0x0000000088200000| Untracked 
| 107|0x0000000088300000, 0x0000000088300000, 0x0000000088400000|  0%| F|  |TAMS 0x0000000088300000, 0x0000000088300000| Untracked 
| 108|0x0000000088400000, 0x0000000088400000, 0x0000000088500000|  0%| F|  |TAMS 0x0000000088400000, 0x0000000088400000| Untracked 
| 109|0x0000000088500000, 0x0000000088500000, 0x0000000088600000|  0%| F|  |TAMS 0x0000000088500000, 0x0000000088500000| Untracked 
| 110|0x0000000088600000, 0x0000000088600000, 0x0000000088700000|  0%| F|  |TAMS 0x0000000088600000, 0x0000000088600000| Untracked 
| 111|0x0000000088700000, 0x0000000088700000, 0x0000000088800000|  0%| F|  |TAMS 0x0000000088700000, 0x0000000088700000| Untracked 
| 112|0x0000000088800000, 0x0000000088800000, 0x0000000088900000|  0%| F|  |TAMS 0x0000000088800000, 0x0000000088800000| Untracked 
| 113|0x0000000088900000, 0x0000000088900000, 0x0000000088a00000|  0%| F|  |TAMS 0x0000000088900000, 0x0000000088900000| Untracked 
| 114|0x0000000088a00000, 0x0000000088a00000, 0x0000000088b00000|  0%| F|  |TAMS 0x0000000088a00000, 0x0000000088a00000| Untracked 
| 115|0x0000000088b00000, 0x0000000088b00000, 0x0000000088c00000|  0%| F|  |TAMS 0x0000000088b00000, 0x0000000088b00000| Untracked 
| 116|0x0000000088c00000, 0x0000000088c00000, 0x0000000088d00000|  0%| F|  |TAMS 0x0000000088c00000, 0x0000000088c00000| Untracked 
| 117|0x0000000088d00000, 0x0000000088d00000, 0x0000000088e00000|  0%| F|  |TAMS 0x0000000088d00000, 0x0000000088d00000| Untracked 
| 118|0x0000000088e00000, 0x0000000088e00000, 0x0000000088f00000|  0%| F|  |TAMS 0x0000000088e00000, 0x0000000088e00000| Untracked 
| 119|0x0000000088f00000, 0x0000000088f00000, 0x0000000089000000|  0%| F|  |TAMS 0x0000000088f00000, 0x0000000088f00000| Untracked 
| 120|0x0000000089000000, 0x0000000089000000, 0x0000000089100000|  0%| F|  |TAMS 0x0000000089000000, 0x0000000089000000| Untracked 
| 121|0x0000000089100000, 0x0000000089200000, 0x0000000089200000|100%| S|CS|TAMS 0x0000000089100000, 0x0000000089100000| Complete 
| 122|0x0000000089200000, 0x0000000089200000, 0x0000000089300000|  0%| F|  |TAMS 0x0000000089200000, 0x0000000089200000| Untracked 
| 123|0x0000000089300000, 0x0000000089400000, 0x0000000089400000|100%| E|  |TAMS 0x0000000089300000, 0x0000000089300000| Complete 
| 124|0x0000000089400000, 0x0000000089500000, 0x0000000089500000|100%| E|CS|TAMS 0x0000000089400000, 0x0000000089400000| Complete 
| 125|0x0000000089500000, 0x0000000089600000, 0x0000000089600000|100%| E|CS|TAMS 0x0000000089500000, 0x0000000089500000| Complete 
| 126|0x0000000089600000, 0x0000000089700000, 0x0000000089700000|100%| E|CS|TAMS 0x0000000089600000, 0x0000000089600000| Complete 
| 127|0x0000000089700000, 0x0000000089800000, 0x0000000089800000|100%| E|CS|TAMS 0x0000000089700000, 0x0000000089700000| Complete 

Card table byte_map: [0x000001126d710000,0x000001126db10000] _byte_map_base: 0x000001126d304000

Marking Bits (Prev, Next): (CMBitMap*) 0x0000011255f60058, (CMBitMap*) 0x0000011255f60098
 Prev Bits: [0x000001126df10000, 0x000001126feb0000)
 Next Bits: [0x000001126feb0000, 0x0000011271e50000)

Polling page: 0x0000011253c70000

Metaspace:

Usage:
  Non-class:      4.75 MB capacity,     4.35 MB ( 92%) used,   385.77 KB (  8%) free+waste,    19.13 KB ( <1%) overhead. 
      Class:    757.00 KB capacity,   633.66 KB ( 84%) used,   112.15 KB ( 15%) free+waste,    11.19 KB (  1%) overhead. 
       Both:      5.49 MB capacity,     4.97 MB ( 91%) used,   497.91 KB (  9%) free+waste,    30.31 KB ( <1%) overhead. 

Virtual space:
  Non-class space:        8.00 MB reserved,       4.75 MB ( 59%) committed 
      Class space:        1.00 GB reserved,     768.00 KB ( <1%) committed 
             Both:        1.01 GB reserved,       5.50 MB ( <1%) committed 

Chunk freelists:
   Non-Class:  128 bytes
       Class:  1.38 KB
        Both:  1.50 KB

CodeHeap 'non-profiled nmethods': size=238912Kb used=1383Kb max_used=1383Kb free=237529Kb
 bounds [0x000001125e9c0000, 0x000001125ec30000, 0x000001126d310000]
CodeHeap 'non-nmethods': size=6848Kb used=1131Kb max_used=1131Kb free=5716Kb
 bounds [0x000001125e310000, 0x000001125e580000, 0x000001125e9c0000]
 total_blobs=1436 nmethods=980 adapters=367
 compilation: enabled
              stopped_count=0, restarted_count=0
 full_count=0

Compilation events (10 events):
Event: 0.813 Thread 0x000001127434a800 nmethod 971 0x000001125eb17490 code [0x000001125eb17780, 0x000001125eb182b0]
Event: 0.813 Thread 0x000001127434a800  977       1       java.nio.MappedByteBuffer::position (8 bytes)
Event: 0.813 Thread 0x000001127434a800 nmethod 977 0x000001125eb18890 code [0x000001125eb18a40, 0x000001125eb18bb0]
Event: 0.813 Thread 0x000001127434a800  978       1       java.nio.charset.Charset::lookup (44 bytes)
Event: 0.813 Thread 0x000001127434a800 nmethod 978 0x000001125eb18c90 code [0x000001125eb18e80, 0x000001125eb19170]
Event: 0.814 Thread 0x000001127434a800  979       1       java.lang.Module::allows (60 bytes)
Event: 0.814 Thread 0x000001127434a800 nmethod 979 0x000001125eb19310 code [0x000001125eb19500, 0x000001125eb19790]
Event: 0.817 Thread 0x000001127434a800  980       1       java.util.jar.Attributes$Name::hashCode (5 bytes)
Event: 0.817 Thread 0x000001127434a800 nmethod 980 0x000001125eb19890 code [0x000001125eb19a40, 0x000001125eb19b78]
Event: 0.819 Thread 0x000001127434a800  981       1       java.util.jar.Manifest$FastInputStream::readLine (9 bytes)

GC Heap History (4 events):
Event: 0.337 GC heap before
{Heap before GC invocations=0 (full 0):
 garbage-first heap   total 131072K, used 14336K [0x0000000081800000, 0x0000000100000000)
  region size 1024K, 14 young (14336K), 0 survivors (0K)
 Metaspace       used 505K, capacity 4518K, committed 4864K, reserved 1056768K
  class space    used 46K, capacity 399K, committed 512K, reserved 1048576K
}
Event: 0.342 GC heap after
{Heap after GC invocations=1 (full 0):
 garbage-first heap   total 131072K, used 12490K [0x0000000081800000, 0x0000000100000000)
  region size 1024K, 2 young (2048K), 2 survivors (2048K)
 Metaspace       used 505K, capacity 4518K, committed 4864K, reserved 1056768K
  class space    used 46K, capacity 399K, committed 512K, reserved 1048576K
}
Event: 0.765 GC heap before
{Heap before GC invocations=1 (full 0):
 garbage-first heap   total 131072K, used 17610K [0x0000000081800000, 0x0000000100000000)
  region size 1024K, 8 young (8192K), 2 survivors (2048K)
 Metaspace       used 3306K, capacity 4801K, committed 4864K, reserved 1056768K
  class space    used 420K, capacity 499K, committed 512K, reserved 1048576K
}
Event: 0.768 GC heap after
{Heap after GC invocations=2 (full 0):
 garbage-first heap   total 131072K, used 16361K [0x0000000081800000, 0x0000000100000000)
  region size 1024K, 1 young (1024K), 1 survivors (1024K)
 Metaspace       used 3306K, capacity 4801K, committed 4864K, reserved 1056768K
  class space    used 420K, capacity 499K, committed 512K, reserved 1048576K
}

Deoptimization events (0 events):
No events

Classes redefined (0 events):
No events

Internal exceptions (8 events):
Event: 0.381 Thread 0x0000011255f20800 Exception <a 'java/lang/NoSuchMethodError'{0x00000000894294a0}: java.lang.invoke.DirectMethodHandle$Holder.invokeStaticInit(Ljava/lang/Object;Ljava/lang/Object;Ljava/lang/Object;)Ljava/lang/Object;> (0x00000000894294a0) thrown at [t:/workspace/open/src/ho
Event: 0.411 Thread 0x0000011255f20800 Exception <a 'java/lang/NoSuchMethodError'{0x0000000089442ac0}: java.lang.invoke.DirectMethodHandle$Holder.invokeInterface(Ljava/lang/Object;Ljava/lang/Object;)I> (0x0000000089442ac0) thrown at [t:/workspace/open/src/hotspot/share/interpreter/linkResolver
Event: 0.411 Thread 0x0000011255f20800 Exception <a 'java/lang/IncompatibleClassChangeError'{0x00000000894455c8}: Found class java.lang.Object, but interface was expected> (0x00000000894455c8) thrown at [t:/workspace/open/src/hotspot/share/interpreter/linkResolver.cpp, line 843]
Event: 0.520 Thread 0x0000011255f20800 Exception <a 'java/lang/NoSuchMethodError'{0x0000000089265170}: java.lang.invoke.DirectMethodHandle$Holder.invokeSpecialIFC(Ljava/lang/Object;Ljava/lang/Object;Ljava/lang/Object;)I> (0x0000000089265170) thrown at [t:/workspace/open/src/hotspot/share/inter
Event: 0.536 Thread 0x0000011255f20800 Exception <a 'java/lang/NoSuchMethodError'{0x00000000892c7e30}: java.lang.invoke.DirectMethodHandle$Holder.invokeStaticInit(Ljava/lang/Object;IIII)Ljava/lang/Object;> (0x00000000892c7e30) thrown at [t:/workspace/open/src/hotspot/share/interpreter/linkReso
Event: 0.771 Thread 0x0000011255f20800 Exception <a 'java/lang/NoSuchMethodError'{0x0000000089731718}: java.lang.invoke.DirectMethodHandle$Holder.invokeStaticInit(Ljava/lang/Object;Ljava/lang/Object;IIII)Ljava/lang/Object;> (0x0000000089731718) thrown at [t:/workspace/open/src/hotspot/share/in
Event: 0.779 Thread 0x0000011255f20800 Exception <a 'java/lang/ClassNotFoundException'{0x000000008974cb48}: javax/management/remote/rmi/RMIServerImpl_Skel> (0x000000008974cb48) thrown at [t:/workspace/open/src/hotspot/share/classfile/systemDictionary.cpp, line 235]
Event: 0.805 Thread 0x0000011255f20800 Exception <a 'java/lang/ClassNotFoundException'{0x00000000896510c0}: jdk/internal/agent/resources/spi/agentProvider> (0x00000000896510c0) thrown at [t:/workspace/open/src/hotspot/share/classfile/systemDictionary.cpp, line 235]

Events (10 events):
Event: 0.823 loading class org/apache/commons/logging/LogAdapter$1 done
Event: 0.824 loading class org/apache/commons/logging/LogAdapter$Slf4jAdapter
Event: 0.824 loading class org/apache/commons/logging/LogAdapter$Slf4jAdapter done
Event: 0.824 loading class org/slf4j/LoggerFactory
Event: 0.824 loading class org/slf4j/LoggerFactory done
Event: 0.824 loading class org/slf4j/helpers/SubstituteLoggerFactory
Event: 0.824 loading class org/slf4j/helpers/SubstituteLoggerFactory done
Event: 0.824 loading class org/slf4j/ILoggerFactory
Event: 0.824 loading class org/slf4j/ILoggerFactory done
Event: 0.825 loading class java/util/concurrent/LinkedBlockingQueue


Dynamic libraries:
0x00007ff6c3800000 - 0x00007ff6c380f000 	C:\Program Files\Java\jdk-12.0.2\bin\javaw.exe
0x00007ffe5c2c0000 - 0x00007ffe5c4ad000 	C:\WINDOWS\SYSTEM32\ntdll.dll
0x00007ffe597e0000 - 0x00007ffe59893000 	C:\WINDOWS\System32\KERNEL32.DLL
0x00007ffe59000000 - 0x00007ffe59293000 	C:\WINDOWS\System32\KERNELBASE.dll
0x00007ffe58c80000 - 0x00007ffe58d7a000 	C:\WINDOWS\System32\ucrtbase.dll
0x00007ffe54ba0000 - 0x00007ffe54bb8000 	C:\Program Files\Java\jdk-12.0.2\bin\jli.dll
0x00007ffe3e640000 - 0x00007ffe3e656000 	C:\Program Files\Java\jdk-12.0.2\bin\VCRUNTIME140.dll
0x00007ffe59ac0000 - 0x00007ffe59b63000 	C:\WINDOWS\System32\ADVAPI32.dll
0x00007ffe599c0000 - 0x00007ffe59a5e000 	C:\WINDOWS\System32\msvcrt.dll
0x00007ffe59920000 - 0x00007ffe599be000 	C:\WINDOWS\System32\sechost.dll
0x00007ffe596b0000 - 0x00007ffe597d2000 	C:\WINDOWS\System32\RPCRT4.dll
0x00007ffe5a1b0000 - 0x00007ffe5a347000 	C:\WINDOWS\System32\USER32.dll
0x00007ffe58400000 - 0x00007ffe58420000 	C:\WINDOWS\System32\win32u.dll
0x00007ffe5a370000 - 0x00007ffe5a399000 	C:\WINDOWS\System32\GDI32.dll
0x00007ffe59340000 - 0x00007ffe594d9000 	C:\WINDOWS\System32\gdi32full.dll
0x00007ffe592a0000 - 0x00007ffe59340000 	C:\WINDOWS\System32\msvcp_win.dll
0x00007ffe4c5e0000 - 0x00007ffe4c859000 	C:\WINDOWS\WinSxS\amd64_microsoft.windows.common-controls_6595b64144ccf1df_6.0.17763.737_none_05b6437c071e554b\COMCTL32.dll
0x00007ffe59b70000 - 0x00007ffe59e9c000 	C:\WINDOWS\System32\combase.dll
0x00007ffe58380000 - 0x00007ffe583fe000 	C:\WINDOWS\System32\bcryptPrimitives.dll
0x00007ffe53a40000 - 0x00007ffe53a4a000 	C:\WINDOWS\SYSTEM32\VERSION.dll
0x00007ffe5a180000 - 0x00007ffe5a1ae000 	C:\WINDOWS\System32\IMM32.DLL
0x00007ffe29700000 - 0x00007ffe297aa000 	C:\Program Files\Java\jdk-12.0.2\bin\msvcp140.dll
0x00007ffdf6690000 - 0x00007ffdf7207000 	C:\Program Files\Java\jdk-12.0.2\bin\server\jvm.dll
0x00007ffe5c150000 - 0x00007ffe5c158000 	C:\WINDOWS\System32\PSAPI.DLL
0x00007ffe46cb0000 - 0x00007ffe46cb9000 	C:\WINDOWS\SYSTEM32\WSOCK32.dll
0x00007ffe5b8a0000 - 0x00007ffe5b90d000 	C:\WINDOWS\System32\WS2_32.dll
0x00007ffe55060000 - 0x00007ffe55084000 	C:\WINDOWS\SYSTEM32\WINMM.dll
0x00007ffe55000000 - 0x00007ffe5502d000 	C:\WINDOWS\SYSTEM32\WINMMBASE.dll
0x00007ffe58d80000 - 0x00007ffe58dca000 	C:\WINDOWS\System32\cfgmgr32.dll
0x00007ffe582b0000 - 0x00007ffe582c1000 	C:\WINDOWS\System32\kernel.appcore.dll
0x00007ffe38e10000 - 0x00007ffe38e21000 	C:\Program Files\Java\jdk-12.0.2\bin\verify.dll
0x00007ffe45e00000 - 0x00007ffe45fed000 	C:\WINDOWS\SYSTEM32\DBGHELP.DLL
0x00007ffe46ce0000 - 0x00007ffe46d0a000 	C:\WINDOWS\SYSTEM32\dbgcore.DLL
0x00007ffe38de0000 - 0x00007ffe38e06000 	C:\Program Files\Java\jdk-12.0.2\bin\java.dll
0x00007ffe38aa0000 - 0x00007ffe38ab7000 	C:\Program Files\Java\jdk-12.0.2\bin\zip.dll
0x00007ffe398e0000 - 0x00007ffe398ea000 	C:\Program Files\Java\jdk-12.0.2\bin\jimage.dll
0x00007ffe5a3a0000 - 0x00007ffe5b892000 	C:\WINDOWS\System32\SHELL32.dll
0x00007ffe5c160000 - 0x00007ffe5c208000 	C:\WINDOWS\System32\shcore.dll
0x00007ffe58530000 - 0x00007ffe58c7a000 	C:\WINDOWS\System32\windows.storage.dll
0x00007ffe58350000 - 0x00007ffe58374000 	C:\WINDOWS\System32\profapi.dll
0x00007ffe582d0000 - 0x00007ffe5832d000 	C:\WINDOWS\System32\powrprof.dll
0x00007ffe5a050000 - 0x00007ffe5a0a2000 	C:\WINDOWS\System32\shlwapi.dll
0x00007ffe58e00000 - 0x00007ffe58e17000 	C:\WINDOWS\System32\cryptsp.dll
0x00007ffe38a80000 - 0x00007ffe38a99000 	C:\Program Files\Java\jdk-12.0.2\bin\net.dll
0x00007ffe52ae0000 - 0x00007ffe52bd2000 	C:\WINDOWS\SYSTEM32\WINHTTP.dll
0x00007ffe4bef0000 - 0x00007ffe4c0c7000 	C:\WINDOWS\SYSTEM32\urlmon.dll
0x00007ffe4a630000 - 0x00007ffe4a8d8000 	C:\WINDOWS\SYSTEM32\iertutil.dll
0x00007ffe57c50000 - 0x00007ffe57c5c000 	C:\WINDOWS\SYSTEM32\CRYPTBASE.DLL
0x00007ffe57ad0000 - 0x00007ffe57b37000 	C:\WINDOWS\system32\mswsock.dll
0x00007ffe38a60000 - 0x00007ffe38a73000 	C:\Program Files\Java\jdk-12.0.2\bin\nio.dll
0x00007ffe42590000 - 0x00007ffe42599000 	C:\Program Files\Java\jdk-12.0.2\bin\management.dll
0x00007ffe412d0000 - 0x00007ffe412dc000 	C:\Program Files\Java\jdk-12.0.2\bin\management_ext.dll
0x00007ffe4d990000 - 0x00007ffe4d9a6000 	C:\WINDOWS\system32\napinsp.dll
0x00007ffe4d970000 - 0x00007ffe4d98a000 	C:\WINDOWS\system32\pnrpnsp.dll
0x00007ffe54b10000 - 0x00007ffe54b2b000 	C:\WINDOWS\system32\NLAapi.dll
0x00007ffe57800000 - 0x00007ffe5783d000 	C:\WINDOWS\SYSTEM32\IPHLPAPI.DLL
0x00007ffe57840000 - 0x00007ffe57906000 	C:\WINDOWS\SYSTEM32\DNSAPI.dll
0x00007ffe5bcc0000 - 0x00007ffe5bcc8000 	C:\WINDOWS\System32\NSI.dll
0x00007ffe54ad0000 - 0x00007ffe54ade000 	C:\WINDOWS\System32\winrnr.dll
0x00007ffe36900000 - 0x00007ffe36915000 	C:\WINDOWS\system32\wshbth.dll
0x0000000057a40000 - 0x0000000057a66000 	C:\Program Files\Bonjour\mdnsNSP.dll
0x00007ffe4db50000 - 0x00007ffe4db5a000 	C:\Windows\System32\rasadhlp.dll
0x00007ffe4e970000 - 0x00007ffe4e9e9000 	C:\WINDOWS\System32\fwpuclnt.dll
0x00007ffe58dd0000 - 0x00007ffe58df6000 	C:\WINDOWS\System32\bcrypt.dll
0x00007ffe57660000 - 0x00007ffe57693000 	C:\WINDOWS\system32\rsaenh.dll
0x00007ffe581e0000 - 0x00007ffe58208000 	C:\WINDOWS\SYSTEM32\USERENV.dll
0x00007ffe4f360000 - 0x00007ffe4f376000 	C:\WINDOWS\SYSTEM32\dhcpcsvc6.DLL
0x00007ffe4f080000 - 0x00007ffe4f09c000 	C:\WINDOWS\SYSTEM32\dhcpcsvc.DLL

dbghelp: loaded successfully - version: 4.0.5 - missing functions: none
symbol engine: initialized successfully - sym options: 0x614 - pdb path: .;C:\Program Files\Java\jdk-12.0.2\bin;C:\WINDOWS\SYSTEM32;C:\WINDOWS\WinSxS\amd64_microsoft.windows.common-controls_6595b64144ccf1df_6.0.17763.737_none_05b6437c071e554b;C:\Program Files\Java\jdk-12.0.2\bin\server;C:\Program Files\Bonjour

VM Arguments:
jvm_args: -Dcom.sun.management.jmxremote -Dcom.sun.management.jmxremote.port=55176 -Dcom.sun.management.jmxremote.authenticate=false -Dcom.sun.management.jmxremote.ssl=false -Djava.rmi.server.hostname=localhost -Dspring.jmx.enabled=true -Dspring.application.admin.enabled=true -Xverify:none -XX:TieredStopAtLevel=1 -Dfile.encoding=UTF-8 
java_command: com.mauriciopd.cursomc.CursomcApplication --spring.output.ansi.enabled=always
java_class_path (initial): C:\Users\mauri\Documents\ws\cursomc\target\classes;C:\Users\mauri\.m2\repository\org\springframework\boot\spring-boot-starter-web\2.1.9.RELEASE\spring-boot-starter-web-2.1.9.RELEASE.jar;C:\Users\mauri\.m2\repository\org\springframework\boot\spring-boot-starter\2.1.9.RELEASE\spring-boot-starter-2.1.9.RELEASE.jar;C:\Users\mauri\.m2\repository\org\springframework\boot\spring-boot-starter-logging\2.1.9.RELEASE\spring-boot-starter-logging-2.1.9.RELEASE.jar;C:\Users\mauri\.m2\repository\ch\qos\logback\logback-classic\1.2.3\logback-classic-1.2.3.jar;C:\Users\mauri\.m2\repository\ch\qos\logback\logback-core\1.2.3\logback-core-1.2.3.jar;C:\Users\mauri\.m2\repository\org\apache\logging\log4j\log4j-to-slf4j\2.11.2\log4j-to-slf4j-2.11.2.jar;C:\Users\mauri\.m2\repository\org\apache\logging\log4j\log4j-api\2.11.2\log4j-api-2.11.2.jar;C:\Users\mauri\.m2\repository\org\slf4j\jul-to-slf4j\1.7.28\jul-to-slf4j-1.7.28.jar;C:\Users\mauri\.m2\repository\javax\annotation\javax.annotation-api\1.3.2\javax.annotation-api-1.3.2.jar;C:\Users\mauri\.m2\repository\org\yaml\snakeyaml\1.23\snakeyaml-1.23.jar;C:\Users\mauri\.m2\repository\org\springframework\boot\spring-boot-starter-json\2.1.9.RELEASE\spring-boot-starter-json-2.1.9.RELEASE.jar;C:\Users\mauri\.m2\repository\com\fasterxml\jackson\datatype\jackson-datatype-jdk8\2.9.9\jackson-datatype-jdk8-2.9.9.jar;C:\Users\mauri\.m2\repository\com\fasterxml\jackson\datatype\jackson-datatype-jsr310\2.9.9\jackson-datatype-jsr310-2.9.9.jar;C:\Users\mauri\.m2\repository\com\fasterxml\jackson\module\jackson-module-parameter-names\2.9.9\jackson-module-parameter-names-2.9.9.jar;C:\Users\mauri\.m2\repository\org\springframework\boot\spring-boot-starter-tomcat\2.1.9.RELEASE\spring-boot-starter-tomcat-2.1.9.RELEASE.jar;C:\Users\mauri\.m2\repository\org\apache\tomcat\embed\tomcat-embed-core\9.0.26\tomcat-embed-core-9.0.26.jar;C:\Users\mauri\.m2\repository\org\apache\tomcat\embed\tomcat-embed-el\9.0.26\tomcat-embed-el-9.0.26.jar;C:\U
Launcher Type: SUN_STANDARD

[Global flags]
     bool BytecodeVerificationLocal                = false                                     {product} {command line}
     bool BytecodeVerificationRemote               = false                                     {product} {command line}
     intx CICompilerCount                          = 3                                         {product} {ergonomic}
     uint ConcGCThreads                            = 1                                         {product} {ergonomic}
     uint G1ConcRefinementThreads                  = 4                                         {product} {ergonomic}
   size_t G1HeapRegionSize                         = 1048576                                   {product} {ergonomic}
    uintx GCDrainStackTargetSize                   = 64                                        {product} {ergonomic}
   size_t InitialHeapSize                          = 134217728                                 {product} {ergonomic}
     bool ManagementServer                         = true                                      {product} {command line}
   size_t MarkStackSize                            = 4194304                                   {product} {ergonomic}
   size_t MaxHeapSize                              = 2122317824                                {product} {ergonomic}
   size_t MaxNewSize                               = 1272971264                                {product} {ergonomic}
   size_t MinHeapDeltaBytes                        = 1048576                                   {product} {ergonomic}
    uintx NonNMethodCodeHeapSize                   = 6973028                                {pd product} {ergonomic}
    uintx NonProfiledCodeHeapSize                  = 244685212                              {pd product} {ergonomic}
    uintx ProfiledCodeHeapSize                     = 0                                      {pd product} {ergonomic}
    uintx ReservedCodeCacheSize                    = 251658240                              {pd product} {ergonomic}
     bool SegmentedCodeCache                       = true                                      {product} {ergonomic}
     intx TieredStopAtLevel                        = 1                                         {product} {command line}
     bool UseCompressedClassPointers               = true                                 {lp64_product} {ergonomic}
     bool UseCompressedOops                        = true                                 {lp64_product} {ergonomic}
     bool UseG1GC                                  = true                                      {product} {ergonomic}
     bool UseLargePagesIndividualAllocation        = false                                  {pd product} {ergonomic}

Logging:
Log output configuration:
 #0: stdout all=warning uptime,level,tags
 #1: stderr all=off uptime,level,tags

Environment Variables:
JAVA_HOME=C:\Program Files\Java\jdk-12.0.2
PATH=C:/Program Files/Java/jdk-12.0.2/bin/server;C:/Program Files/Java/jdk-12.0.2/bin;C:\xampp\mysql\bin;C:\Python27\;C:\Python27\Scripts;C:\WINDOWS\system32;C:\WINDOWS;C:\WINDOWS\System32\Wbem;C:\WINDOWS\System32\WindowsPowerShell\v1.0\;C:\WINDOWS\System32\OpenSSH\;C:\Program Files\NVIDIA Corporation\NVIDIA NvDLISR;C:\Program Files (x86)\NVIDIA Corporation\PhysX\Common;C:\Users\mauri\Documents\Dev\apache-maven-3.6.0\bin;C:\ProgramData\chocolatey\bin;C:\Program Files\Git\cmd;C:\Program Files\nodejs\;C:\Program Files\Java\jdk-12.0.2\bin;C:\Users\mauri\AppData\Local\Programs\Microsoft VS Code\bin;C:\Users\mauri\AppData\Local\atom\bin;C:\apache-tomcat-9.0.20\bin;C:\apache-maven-3.6.2\bin;C:\Program Files\Java\jdk-12.0.2\bin;C:\Users\mauri\AppData\Roaming\npm;C:\Program Files\heroku\bin;C:\sts-4.3.2.RELEASE;
USERNAME=mauri
OS=Windows_NT
PROCESSOR_IDENTIFIER=Intel64 Family 6 Model 60 Stepping 3, GenuineIntel



---------------  S Y S T E M  ---------------

OS: Windows 10 , 64 bit Build 17763 (10.0.17763.475)

CPU:total 4 (initial active 4) (4 cores per cpu, 1 threads per core) family 6 model 60 stepping 3, cmov, cx8, fxsr, mmx, sse, sse2, sse3, ssse3, sse4.1, sse4.2, popcnt, avx, avx2, aes, clmul, erms, lzcnt, tsc, tscinvbit, bmi1, bmi2, fma

Memory: 4k page, system-wide physical 8092M (1553M free)
TotalPageFile size 19356M (AvailPageFile size 8625M)
current process WorkingSet (physical memory assigned to process): 75M, peak: 75M
current process commit charge ("private bytes"): 211M, peak: 211M

vm_info: Java HotSpot(TM) 64-Bit Server VM (12.0.2+10) for windows-amd64 JRE (12.0.2+10), built on Jul 16 2019 01:56:17 by "mach5one" with MS VC++ 15.5 (VS2017)

END.
