#
# A fatal error has been detected by the Java Runtime Environment:
#
#  EXCEPTION_ACCESS_VIOLATION (0xc0000005) at pc=0x00007ffe079752dd, pid=7844, tid=14324
#
# JRE version: Java(TM) SE Runtime Environment (12.0.2+10) (build 12.0.2+10)
# Java VM: Java HotSpot(TM) 64-Bit Server VM (12.0.2+10, mixed mode, sharing, tiered, compressed oops, g1 gc, windows-amd64)
# Problematic frame:
# V  [jvm.dll+0x6652dd]
#
# No core dump will be written. Minidumps are not enabled by default on client versions of Windows
#
# If you would like to submit a bug report, please visit:
#   http://bugreport.java.com/bugreport/crash.jsp
#

---------------  S U M M A R Y ------------

Command Line: -Dcom.sun.management.jmxremote -Dcom.sun.management.jmxremote.port=62614 -Dcom.sun.management.jmxremote.authenticate=false -Dcom.sun.management.jmxremote.ssl=false -Djava.rmi.server.hostname=localhost -Dspring.jmx.enabled=true -Dspring.application.admin.enabled=true -Xverify:none -XX:TieredStopAtLevel=1 -Dfile.encoding=UTF-8 com.mauriciopd.cursomc.CursomcApplication --spring.output.ansi.enabled=always

Host: Intel(R) Core(TM) i5-4460  CPU @ 3.20GHz, 4 cores, 7G,  Windows 10 , 64 bit Build 17763 (10.0.17763.475)
Time: Mon Oct  7 10:31:42 2019 Hora oficial do Brasil elapsed time: 23 seconds (0d 0h 0m 23s)

---------------  T H R E A D  ---------------

Current thread (0x0000016f42a16000):  JavaThread "DestroyJavaVM" [_thread_in_vm, id=14324, stack(0x0000004763100000,0x0000004763200000)]

Stack: [0x0000004763100000,0x0000004763200000],  sp=0x00000047631ff8d0,  free space=1022k
Native frames: (J=compiled Java code, j=interpreted, Vv=VM code, C=native code)
V  [jvm.dll+0x6652dd]
V  [jvm.dll+0x66588a]
V  [jvm.dll+0x37ffb9]
V  [jvm.dll+0x74c387]
V  [jvm.dll+0x3ef148]
C  [jli.dll+0x5247]
C  [ucrtbase.dll+0x21ffa]
C  [KERNEL32.DLL+0x17974]
C  [ntdll.dll+0x6a271]


siginfo: EXCEPTION_ACCESS_VIOLATION (0xc0000005), reading address 0x000000040000000b


Register to memory mapping:

RIP=0x00007ffe079752dd jvm.dll
RAX=0x0000000000000001 is an unknown value
RBX=0x0000000400000003 is an unknown value
RCX=0x0000016f1ce90000 points into unknown readable memory: 00 00 00 00 00 00 00 00
RDX=0x0000016f1ce90000 points into unknown readable memory: 00 00 00 00 00 00 00 00
RSP=0x00000047631ff8d0 points into unknown readable memory: cc 00 00 00 00 00 00 00
RBP=0x0 is NULL
RSI=0x0000000000000001 is an unknown value
RDI=0x0000016f3ec94810 points into unknown readable memory: 03 00 00 00 04 00 00 00
R8 =0x0000016f1ce112c0 points into unknown readable memory: c0 0c e1 1c 6f 01 00 00
R9 =0x0000016f1ce112c8 points into unknown readable memory: 70 24 d7 40 6f 01 00 00
R10=
[error occurred during error reporting (printing register info), id 0xc0000005, EXCEPTION_ACCESS_VIOLATION (0xc0000005) at pc=0x00007ffe076098df]

Registers:
RAX=0x0000000000000001, RBX=0x0000000400000003, RCX=0x0000016f1ce90000, RDX=0x0000016f1ce90000
RSP=0x00000047631ff8d0, RBP=0x0000000000000000, RSI=0x0000000000000001, RDI=0x0000016f3ec94810
R8 =0x0000016f1ce112c0, R9 =0x0000016f1ce112c8, R10=0x00000000ffffffff, R11=0x00000047631ff7d0
R12=0x0000016f1f1417d8, R13=0x0000016f1cea0620, R14=0x0000016f1f1417c8, R15=0x0000016f1f1417c0
RIP=0x00007ffe079752dd, EFLAGS=0x0000000000010206

Top of Stack: (sp=0x00000047631ff8d0)
0x00000047631ff8d0:   00000000000000cc 00007ffe00000000
0x00000047631ff8e0:   0000016f00000000 0000000000000000
0x00000047631ff8f0:   0000016f42a16000 00007ffe0797588a
0x00000047631ff900:   0000016f1f13d210 00000047631ffab8
0x00000047631ff910:   0000000000000001 0000016f42a16000
0x00000047631ff920:   0000016f3dfc5120 00007ffe0768ffb9
0x00000047631ff930:   0000000000000000 00000047631ffab8
0x00000047631ff940:   0000000000000000 0000016f0000001a
0x00000047631ff950:   0000016f42a16000 00007ffe07a5c387
0x00000047631ff960:   0000016f1f13d210 0000016f42a16000
0x00000047631ff970:   0000000000000001 0000016f42a16000
0x00000047631ff980:   0000016f42a16000 0000016f1f1417c8
0x00000047631ff990:   000000000000000e 0000000000000000
0x00000047631ff9a0:   0000016f42db8b00 0000016f1ceb34a0
0x00000047631ff9b0:   0000016f42a16000 0000016f42db8be0
0x00000047631ff9c0:   0000016f1ceb34a0 0000016f1ceb34b0 

Instructions: (pc=0x00007ffe079752dd)
0x00007ffe079751dd:   ff 33 c0 eb 0a 33 d2 e8 37 f4 ff ff 48 8b c7 48
0x00007ffe079751ed:   8b 5c 24 40 48 8b 6c 24 48 48 8b 74 24 50 48 8b
0x00007ffe079751fd:   7c 24 58 48 83 c4 30 41 5e c3 cc cc cc cc cc cc
0x00007ffe0797520d:   cc cc cc 48 83 ec 28 48 83 3d 04 93 44 00 00 0f
0x00007ffe0797521d:   84 55 01 00 00 48 89 5c 24 30 b9 01 00 00 00 48
0x00007ffe0797522d:   89 6c 24 38 48 89 74 24 40 48 89 7c 24 20 c6 05
0x00007ffe0797523d:   f6 92 44 00 00 e8 59 21 fd ff 48 8b 35 d2 92 44
0x00007ffe0797524d:   00 33 ed 8b dd 48 8b 06 39 18 7e 32 8b fd 0f 1f
0x00007ffe0797525d:   44 00 00 48 8b 40 18 48 8b 0c 07 48 85 c9 74 11
0x00007ffe0797526d:   48 8b 01 ba 01 00 00 00 ff 10 48 8b 35 a2 92 44
0x00007ffe0797527d:   00 48 8b 06 ff c3 48 83 c7 08 3b 18 7c d5 48 8b
0x00007ffe0797528d:   1e 48 85 db 74 29 48 83 7b 08 01 75 1a 48 8b 53
0x00007ffe0797529d:   18 89 2b 48 85 d2 74 0f 39 6b 04 48 8b cb e8 f0
0x00007ffe079752ad:   ee e9 ff 48 89 6b 18 48 8b cb e8 c4 76 a5 ff 48
0x00007ffe079752bd:   8b ce e8 bc 76 a5 ff 48 8b 3d 5d 92 44 00 48 8b
0x00007ffe079752cd:   74 24 40 48 85 ff 74 39 48 8b 1f 48 85 db 74 29
0x00007ffe079752dd:   48 83 7b 08 01 75 1a 48 8b 53 18 89 2b 48 85 d2
0x00007ffe079752ed:   74 0f 39 6b 04 48 8b cb e8 a6 ee e9 ff 48 89 6b
0x00007ffe079752fd:   18 48 8b cb e8 7a 76 a5 ff 48 8b cf e8 72 76 a5
0x00007ffe0797530d:   ff 48 8b 3d 1b 92 44 00 48 85 ff 74 39 48 8b 1f
0x00007ffe0797531d:   48 85 db 74 29 48 83 7b 08 01 75 1a 48 8b 53 18
0x00007ffe0797532d:   89 2b 48 85 d2 74 0f 39 6b 04 48 8b cb e8 61 ee
0x00007ffe0797533d:   e9 ff 48 89 6b 18 48 8b cb e8 35 76 a5 ff 48 8b
0x00007ffe0797534d:   cf e8 2d 76 a5 ff 48 8b 7c 24 20 48 8b 5c 24 30
0x00007ffe0797535d:   48 89 2d bc 91 44 00 48 89 2d bd 91 44 00 48 89
0x00007ffe0797536d:   2d be 91 44 00 48 8b 6c 24 38 48 83 c4 28 c3 cc
0x00007ffe0797537d:   cc cc cc 48 89 5c 24 08 48 89 74 24 10 48 89 7c
0x00007ffe0797538d:   24 18 48 8b 39 45 33 c9 48 8b f2 48 63 07 85 c0
0x00007ffe0797539d:   7e 49 4c 8b 5f 18 48 8b d8 45 8b d1 0f 1f 80 00
0x00007ffe079753ad:   00 00 00 4d 8b 03 4d 85 c0 74 21 4d 8b 40 08 48
0x00007ffe079753bd:   8b c6 4c 2b c6 0f b6 10 42 0f b6 0c 00 2b d1 75
0x00007ffe079753cd:   07 48 ff c0 85 c9 75 ed 85 d2 74 21 41 ff c1 49 


Stack slot to memory mapping:
stack at sp + 0 slots: 0x00000000000000cc is an unknown value
stack at sp + 1 slots: 0x00007ffe00000000 is an unknown value
stack at sp + 2 slots: 0x0000016f00000000 is an unknown value
stack at sp + 3 slots: 0x0 is NULL
stack at sp + 4 slots: 0x0000016f42a16000 points into unknown readable memory: d8 3b c0 07 fe 7f 00 00
stack at sp + 5 slots: 0x00007ffe0797588a jvm.dll
stack at sp + 6 slots: 0x0000016f1f13d210 points into unknown readable memory: 00 00 00 00 00 00 00 00
stack at sp + 7 slots: 0x00000047631ffab8 points into unknown readable memory: 00 00 00 00 00 00 00 00


---------------  P R O C E S S  ---------------

Threads class SMR info:
_java_thread_list=0x0000016f3dfc5120, length=26, elements={
0x0000016f3d546800, 0x0000016f3d548000, 0x0000016f3d567000, 0x0000016f3d56e800,
0x0000016f3d575000, 0x0000016f3d52a800, 0x0000016f3e056000, 0x0000016f3eca3800,
0x0000016f3ec9d000, 0x0000016f3ec94000, 0x0000016f3f0ba800, 0x0000016f3f0dd800,
0x0000016f3f0d7800, 0x0000016f3f0ed800, 0x0000016f40b00800, 0x0000016f40afd800,
0x0000016f40b02000, 0x0000016f42a08800, 0x0000016f42a0f000, 0x0000016f42a17000,
0x0000016f42f46000, 0x0000016f42f44000, 0x0000016f42f43800, 0x0000016f42f4c800,
0x0000016f42f4b800, 0x0000016f42f48000
}

Java Threads: ( => current thread )
  0x0000016f3d546800 JavaThread "Reference Handler" daemon [_thread_blocked, id=5892, stack(0x0000004763800000,0x0000004763900000)]
  0x0000016f3d548000 JavaThread "Finalizer" daemon [_thread_blocked, id=8376, stack(0x0000004763900000,0x0000004763a00000)]
  0x0000016f3d567000 JavaThread "Attach Listener" daemon [_thread_blocked, id=1732, stack(0x0000004763b00000,0x0000004763c00000)]
  0x0000016f3d56e800 JavaThread "C1 CompilerThread0" daemon [_thread_blocked, id=1412, stack(0x0000004763c00000,0x0000004763d00000)]
  0x0000016f3d575000 JavaThread "Sweeper thread" daemon [_thread_blocked, id=6016, stack(0x0000004763d00000,0x0000004763e00000)]
  0x0000016f3d52a800 JavaThread "Common-Cleaner" daemon [_thread_blocked, id=12356, stack(0x0000004763e00000,0x0000004763f00000)]
  0x0000016f3e056000 JavaThread "Service Thread" daemon [_thread_blocked, id=14660, stack(0x0000004763f00000,0x0000004764000000)]
  0x0000016f3eca3800 JavaThread "RMI TCP Accept-0" daemon [_thread_in_native, id=9532, stack(0x0000004764200000,0x0000004764300000)]
  0x0000016f3ec9d000 JavaThread "RMI TCP Accept-62614" daemon [_thread_in_native, id=15124, stack(0x0000004764300000,0x0000004764400000)]
  0x0000016f3ec94000 JavaThread "RMI TCP Accept-0" daemon [_thread_in_native, id=13928, stack(0x0000004764400000,0x0000004764500000)]
  0x0000016f3f0ba800 JavaThread "RMI TCP Connection(1)-127.0.0.1" daemon [_thread_in_native, id=13620, stack(0x0000004764a00000,0x0000004764b00000)]
  0x0000016f3f0dd800 JavaThread "RMI Scheduler(0)" daemon [_thread_blocked, id=14464, stack(0x0000004764b00000,0x0000004764c00000)]
  0x0000016f3f0d7800 JavaThread "RMI TCP Connection(2)-127.0.0.1" daemon [_thread_in_native, id=13196, stack(0x0000004764c00000,0x0000004764d00000)]
  0x0000016f3f0ed800 JavaThread "JMX server connection timeout 23" daemon [_thread_blocked, id=11916, stack(0x0000004764d00000,0x0000004764e00000)]
  0x0000016f40b00800 JavaThread "RMI TCP Connection(3)-127.0.0.1" daemon [_thread_in_native, id=11716, stack(0x0000004764900000,0x0000004764a00000)]
  0x0000016f40afd800 JavaThread "JMX server connection timeout 26" daemon [_thread_blocked, id=5656, stack(0x0000004764e00000,0x0000004764f00000)]
  0x0000016f40b02000 JavaThread "mysql-cj-abandoned-connection-cleanup" daemon [_thread_blocked, id=10516, stack(0x0000004765200000,0x0000004765300000)]
  0x0000016f42a08800 JavaThread "Live Reload Server" daemon [_thread_in_native, id=12760, stack(0x0000004765700000,0x0000004765800000)]
  0x0000016f42a0f000 JavaThread "http-nio-8080-Acceptor" daemon [_thread_blocked, id=10912, stack(0x0000004766500000,0x0000004766600000)]
  0x0000016f42a17000 JavaThread "RMI TCP Connection(4)-127.0.0.1" daemon [_thread_in_native, id=9244, stack(0x0000004764700000,0x0000004764800000)]
  0x0000016f42f46000 JavaThread "RMI TCP Connection(5)-127.0.0.1" daemon [_thread_in_native, id=14260, stack(0x0000004766600000,0x0000004766700000)]
  0x0000016f42f44000 JavaThread "RMI TCP Connection(6)-127.0.0.1" daemon [_thread_in_native, id=8824, stack(0x0000004766800000,0x0000004766900000)]
  0x0000016f42f43800 JavaThread "RMI TCP Connection(7)-127.0.0.1" daemon [_thread_in_native, id=10764, stack(0x0000004764600000,0x0000004764700000)]
  0x0000016f42f4c800 JavaThread "RMI TCP Connection(9)-127.0.0.1" daemon [_thread_in_native, id=4656, stack(0x0000004766900000,0x0000004766a00000)]
  0x0000016f42f4b800 JavaThread "RMI TCP Connection(8)-127.0.0.1" daemon [_thread_in_native, id=6916, stack(0x0000004766a00000,0x0000004766b00000)]
  0x0000016f42f48000 JavaThread "JMX server connection timeout 66" daemon [_thread_blocked, id=1084, stack(0x0000004765500000,0x0000004765600000)]

Other Threads:
  0x0000016f1f17f000 GCTaskThread "GC Thread#0" [stack: 0x0000004763200000,0x0000004763300000] [id=11336]
  0x0000016f3e2ae000 GCTaskThread "GC Thread#1" [stack: 0x0000004764000000,0x0000004764100000] [id=2184]
  0x0000016f3e9aa800 GCTaskThread "GC Thread#2" [stack: 0x0000004764100000,0x0000004764200000] [id=14020]
  0x0000016f3edd8800 GCTaskThread "GC Thread#3" [stack: 0x0000004764800000,0x0000004764900000] [id=14360]
  0x0000016f1f18d800 ConcurrentGCThread "G1 Main Marker" [stack: 0x0000004763300000,0x0000004763400000] [id=14204]
  0x0000016f1f190800 ConcurrentGCThread "G1 Conc#0" [stack: 0x0000004763400000,0x0000004763500000] [id=15236]
  0x0000016f3d3c4800 ConcurrentGCThread "G1 Refine#0" [stack: 0x0000004763500000,0x0000004763600000] [id=32]
  0x0000016f3d3c5000 ConcurrentGCThread "G1 Young RemSet Sampling" [stack: 0x0000004763600000,0x0000004763700000] [id=13540]

=>0x0000016f42a16000 (exited) JavaThread "DestroyJavaVM" [_thread_in_vm, id=14324, stack(0x0000004763100000,0x0000004763200000)]

Threads with active compile tasks:

VM state:at safepoint (shutting down)

VM Mutex/Monitor currently owned by a thread:  ([mutex/lock_event])
[0x0000016f1f13ceb0] Threads_lock - owner thread: 0x0000016f3d542800

Heap address: 0x0000000081800000, size: 2024 MB, Compressed Oops mode: 32-bit
Narrow klass base: 0x0000000800000000, Narrow klass shift: 3
Compressed class space size: 1073741824 Address: 0x0000000801190000

Heap:
 garbage-first heap   total 144384K, used 92052K [0x0000000081800000, 0x0000000100000000)
  region size 1024K, 48 young (49152K), 6 survivors (6144K)
 Metaspace       used 65065K, capacity 66808K, committed 67148K, reserved 1107968K
  class space    used 8806K, capacity 9456K, committed 9548K, reserved 1048576K
Heap Regions: E=young(eden), S=young(survivor), O=old, HS=humongous(starts), HC=humongous(continues), CS=collection set, F=free, A=archive, TAMS=top-at-mark-start (previous, next)
|   0|0x0000000081800000, 0x0000000081900000, 0x0000000081900000|100%|HS|  |TAMS 0x0000000081900000, 0x0000000081800000| Complete 
|   1|0x0000000081900000, 0x0000000081a00000, 0x0000000081a00000|100%| O|  |TAMS 0x0000000081a00000, 0x0000000081900000| Untracked 
|   2|0x0000000081a00000, 0x0000000081b00000, 0x0000000081b00000|100%| O|  |TAMS 0x0000000081b00000, 0x0000000081a00000| Untracked 
|   3|0x0000000081b00000, 0x0000000081c00000, 0x0000000081c00000|100%| O|  |TAMS 0x0000000081c00000, 0x0000000081b00000| Untracked 
|   4|0x0000000081c00000, 0x0000000081d00000, 0x0000000081d00000|100%| O|  |TAMS 0x0000000081d00000, 0x0000000081c00000| Untracked 
|   5|0x0000000081d00000, 0x0000000081e00000, 0x0000000081e00000|100%| O|  |TAMS 0x0000000081e00000, 0x0000000081d00000| Untracked 
|   6|0x0000000081e00000, 0x0000000081f00000, 0x0000000081f00000|100%| O|  |TAMS 0x0000000081f00000, 0x0000000081e00000| Untracked 
|   7|0x0000000081f00000, 0x0000000082000000, 0x0000000082000000|100%| O|  |TAMS 0x0000000082000000, 0x0000000081f00000| Untracked 
|   8|0x0000000082000000, 0x0000000082100000, 0x0000000082100000|100%| O|  |TAMS 0x0000000082100000, 0x0000000082000000| Untracked 
|   9|0x0000000082100000, 0x0000000082200000, 0x0000000082200000|100%| O|  |TAMS 0x0000000082200000, 0x0000000082100000| Untracked 
|  10|0x0000000082200000, 0x0000000082300000, 0x0000000082300000|100%| O|  |TAMS 0x0000000082300000, 0x0000000082200000| Untracked 
|  11|0x0000000082300000, 0x0000000082400000, 0x0000000082400000|100%| O|  |TAMS 0x0000000082400000, 0x0000000082300000| Untracked 
|  12|0x0000000082400000, 0x00000000824ffff8, 0x0000000082500000| 99%| O|  |TAMS 0x00000000824ffff8, 0x0000000082400000| Untracked 
|  13|0x0000000082500000, 0x0000000082600000, 0x0000000082600000|100%| O|  |TAMS 0x0000000082600000, 0x0000000082500000| Untracked 
|  14|0x0000000082600000, 0x0000000082700000, 0x0000000082700000|100%| O|  |TAMS 0x0000000082700000, 0x0000000082600000| Untracked 
|  15|0x0000000082700000, 0x0000000082800000, 0x0000000082800000|100%| O|  |TAMS 0x0000000082800000, 0x0000000082700000| Untracked 
|  16|0x0000000082800000, 0x00000000828f9000, 0x0000000082900000| 97%| O|  |TAMS 0x00000000828f9000, 0x0000000082800000| Untracked 
|  17|0x0000000082900000, 0x0000000082a00000, 0x0000000082a00000|100%| O|  |TAMS 0x0000000082a00000, 0x0000000082900000| Untracked 
|  18|0x0000000082a00000, 0x0000000082b00000, 0x0000000082b00000|100%| O|  |TAMS 0x0000000082b00000, 0x0000000082a00000| Untracked 
|  19|0x0000000082b00000, 0x0000000082c00000, 0x0000000082c00000|100%| O|  |TAMS 0x0000000082c00000, 0x0000000082b00000| Untracked 
|  20|0x0000000082c00000, 0x0000000082d00000, 0x0000000082d00000|100%| O|  |TAMS 0x0000000082d00000, 0x0000000082c00000| Untracked 
|  21|0x0000000082d00000, 0x0000000082e00000, 0x0000000082e00000|100%| O|  |TAMS 0x0000000082e00000, 0x0000000082d00000| Untracked 
|  22|0x0000000082e00000, 0x0000000082f00000, 0x0000000082f00000|100%| O|  |TAMS 0x0000000082f00000, 0x0000000082e00000| Untracked 
|  23|0x0000000082f00000, 0x0000000083000000, 0x0000000083000000|100%| O|  |TAMS 0x0000000083000000, 0x0000000082f00000| Untracked 
|  24|0x0000000083000000, 0x0000000083100000, 0x0000000083100000|100%| O|  |TAMS 0x0000000083100000, 0x0000000083000000| Untracked 
|  25|0x0000000083100000, 0x0000000083200000, 0x0000000083200000|100%| O|  |TAMS 0x0000000083200000, 0x0000000083100000| Untracked 
|  26|0x0000000083200000, 0x0000000083300000, 0x0000000083300000|100%| O|  |TAMS 0x0000000083300000, 0x0000000083200000| Untracked 
|  27|0x0000000083300000, 0x0000000083400000, 0x0000000083400000|100%| O|  |TAMS 0x0000000083318800, 0x0000000083300000| Untracked 
|  28|0x0000000083400000, 0x0000000083500000, 0x0000000083500000|100%|HS|  |TAMS 0x0000000083500000, 0x0000000083400000| Complete 
|  29|0x0000000083500000, 0x0000000083600000, 0x0000000083600000|100%|HC|  |TAMS 0x0000000083600000, 0x0000000083500000| Complete 
|  30|0x0000000083600000, 0x0000000083700000, 0x0000000083700000|100%| O|  |TAMS 0x0000000083600000, 0x0000000083600000| Untracked 
|  31|0x0000000083700000, 0x0000000083800000, 0x0000000083800000|100%| O|  |TAMS 0x0000000083700000, 0x0000000083700000| Untracked 
|  32|0x0000000083800000, 0x0000000083900000, 0x0000000083900000|100%| O|  |TAMS 0x0000000083800000, 0x0000000083800000| Untracked 
|  33|0x0000000083900000, 0x0000000083a00000, 0x0000000083a00000|100%| O|  |TAMS 0x0000000083900000, 0x0000000083900000| Untracked 
|  34|0x0000000083a00000, 0x0000000083b00000, 0x0000000083b00000|100%| O|  |TAMS 0x0000000083a00000, 0x0000000083a00000| Untracked 
|  35|0x0000000083b00000, 0x0000000083c00000, 0x0000000083c00000|100%| O|  |TAMS 0x0000000083b00000, 0x0000000083b00000| Untracked 
|  36|0x0000000083c00000, 0x0000000083d00000, 0x0000000083d00000|100%| O|  |TAMS 0x0000000083c00000, 0x0000000083c00000| Untracked 
|  37|0x0000000083d00000, 0x0000000083e00000, 0x0000000083e00000|100%| O|  |TAMS 0x0000000083d00000, 0x0000000083d00000| Untracked 
|  38|0x0000000083e00000, 0x0000000083f00000, 0x0000000083f00000|100%| O|  |TAMS 0x0000000083e00000, 0x0000000083e00000| Untracked 
|  39|0x0000000083f00000, 0x0000000084000000, 0x0000000084000000|100%| O|  |TAMS 0x0000000083f00000, 0x0000000083f00000| Untracked 
|  40|0x0000000084000000, 0x0000000084100000, 0x0000000084100000|100%| O|  |TAMS 0x0000000084000000, 0x0000000084000000| Untracked 
|  41|0x0000000084100000, 0x0000000084200000, 0x0000000084200000|100%| O|  |TAMS 0x0000000084100000, 0x0000000084100000| Untracked 
|  42|0x0000000084200000, 0x00000000842ec200, 0x0000000084300000| 92%| O|  |TAMS 0x0000000084200000, 0x0000000084200000| Untracked 
|  43|0x0000000084300000, 0x0000000084300000, 0x0000000084400000|  0%| F|  |TAMS 0x0000000084300000, 0x0000000084300000| Untracked 
|  44|0x0000000084400000, 0x0000000084400000, 0x0000000084500000|  0%| F|  |TAMS 0x0000000084400000, 0x0000000084400000| Untracked 
|  45|0x0000000084500000, 0x0000000084500000, 0x0000000084600000|  0%| F|  |TAMS 0x0000000084500000, 0x0000000084500000| Untracked 
|  46|0x0000000084600000, 0x0000000084600000, 0x0000000084700000|  0%| F|  |TAMS 0x0000000084600000, 0x0000000084600000| Untracked 
|  47|0x0000000084700000, 0x0000000084700000, 0x0000000084800000|  0%| F|  |TAMS 0x0000000084700000, 0x0000000084700000| Untracked 
|  48|0x0000000084800000, 0x0000000084800000, 0x0000000084900000|  0%| F|  |TAMS 0x0000000084800000, 0x0000000084800000| Untracked 
|  49|0x0000000084900000, 0x0000000084900000, 0x0000000084a00000|  0%| F|  |TAMS 0x0000000084900000, 0x0000000084900000| Untracked 
|  50|0x0000000084a00000, 0x0000000084a00000, 0x0000000084b00000|  0%| F|  |TAMS 0x0000000084a00000, 0x0000000084a00000| Untracked 
|  51|0x0000000084b00000, 0x0000000084b00000, 0x0000000084c00000|  0%| F|  |TAMS 0x0000000084b00000, 0x0000000084b00000| Untracked 
|  52|0x0000000084c00000, 0x0000000084c00000, 0x0000000084d00000|  0%| F|  |TAMS 0x0000000084c00000, 0x0000000084c00000| Untracked 
|  53|0x0000000084d00000, 0x0000000084d00000, 0x0000000084e00000|  0%| F|  |TAMS 0x0000000084d00000, 0x0000000084d00000| Untracked 
|  54|0x0000000084e00000, 0x0000000084e00000, 0x0000000084f00000|  0%| F|  |TAMS 0x0000000084e00000, 0x0000000084e00000| Untracked 
|  55|0x0000000084f00000, 0x0000000084f00000, 0x0000000085000000|  0%| F|  |TAMS 0x0000000084f00000, 0x0000000084f00000| Untracked 
|  56|0x0000000085000000, 0x0000000085000000, 0x0000000085100000|  0%| F|  |TAMS 0x0000000085000000, 0x0000000085000000| Untracked 
|  57|0x0000000085100000, 0x0000000085100000, 0x0000000085200000|  0%| F|  |TAMS 0x0000000085100000, 0x0000000085100000| Untracked 
|  58|0x0000000085200000, 0x0000000085200000, 0x0000000085300000|  0%| F|  |TAMS 0x0000000085200000, 0x0000000085200000| Untracked 
|  59|0x0000000085300000, 0x0000000085300000, 0x0000000085400000|  0%| F|  |TAMS 0x0000000085300000, 0x0000000085300000| Untracked 
|  60|0x0000000085400000, 0x0000000085400000, 0x0000000085500000|  0%| F|  |TAMS 0x0000000085400000, 0x0000000085400000| Untracked 
|  61|0x0000000085500000, 0x0000000085500000, 0x0000000085600000|  0%| F|  |TAMS 0x0000000085500000, 0x0000000085500000| Untracked 
|  62|0x0000000085600000, 0x0000000085600000, 0x0000000085700000|  0%| F|  |TAMS 0x0000000085600000, 0x0000000085600000| Untracked 
|  63|0x0000000085700000, 0x0000000085700000, 0x0000000085800000|  0%| F|  |TAMS 0x0000000085700000, 0x0000000085700000| Untracked 
|  64|0x0000000085800000, 0x0000000085800000, 0x0000000085900000|  0%| F|  |TAMS 0x0000000085800000, 0x0000000085800000| Untracked 
|  65|0x0000000085900000, 0x0000000085900000, 0x0000000085a00000|  0%| F|  |TAMS 0x0000000085900000, 0x0000000085900000| Untracked 
|  66|0x0000000085a00000, 0x0000000085a00000, 0x0000000085b00000|  0%| F|  |TAMS 0x0000000085a00000, 0x0000000085a00000| Untracked 
|  67|0x0000000085b00000, 0x0000000085b00000, 0x0000000085c00000|  0%| F|  |TAMS 0x0000000085b00000, 0x0000000085b00000| Untracked 
|  68|0x0000000085c00000, 0x0000000085c00000, 0x0000000085d00000|  0%| F|  |TAMS 0x0000000085c00000, 0x0000000085c00000| Untracked 
|  69|0x0000000085d00000, 0x0000000085e00000, 0x0000000085e00000|100%| S|CS|TAMS 0x0000000085d00000, 0x0000000085d00000| Complete 
|  70|0x0000000085e00000, 0x0000000085f00000, 0x0000000085f00000|100%| S|CS|TAMS 0x0000000085e00000, 0x0000000085e00000| Complete 
|  71|0x0000000085f00000, 0x0000000086000000, 0x0000000086000000|100%| S|CS|TAMS 0x0000000085f00000, 0x0000000085f00000| Complete 
|  72|0x0000000086000000, 0x0000000086100000, 0x0000000086100000|100%| S|CS|TAMS 0x0000000086000000, 0x0000000086000000| Complete 
|  73|0x0000000086100000, 0x0000000086200000, 0x0000000086200000|100%| S|CS|TAMS 0x0000000086100000, 0x0000000086100000| Complete 
|  74|0x0000000086200000, 0x0000000086300000, 0x0000000086300000|100%| S|CS|TAMS 0x0000000086200000, 0x0000000086200000| Complete 
|  75|0x0000000086300000, 0x0000000086300000, 0x0000000086400000|  0%| F|  |TAMS 0x0000000086300000, 0x0000000086300000| Untracked 
|  76|0x0000000086400000, 0x0000000086400000, 0x0000000086500000|  0%| F|  |TAMS 0x0000000086400000, 0x0000000086400000| Untracked 
|  77|0x0000000086500000, 0x0000000086500000, 0x0000000086600000|  0%| F|  |TAMS 0x0000000086500000, 0x0000000086500000| Untracked 
|  78|0x0000000086600000, 0x0000000086600000, 0x0000000086700000|  0%| F|  |TAMS 0x0000000086600000, 0x0000000086600000| Untracked 
|  79|0x0000000086700000, 0x0000000086700000, 0x0000000086800000|  0%| F|  |TAMS 0x0000000086700000, 0x0000000086700000| Untracked 
|  80|0x0000000086800000, 0x0000000086800000, 0x0000000086900000|  0%| F|  |TAMS 0x0000000086800000, 0x0000000086800000| Untracked 
|  81|0x0000000086900000, 0x0000000086900000, 0x0000000086a00000|  0%| F|  |TAMS 0x0000000086900000, 0x0000000086900000| Untracked 
|  82|0x0000000086a00000, 0x0000000086a00000, 0x0000000086b00000|  0%| F|  |TAMS 0x0000000086a00000, 0x0000000086a00000| Untracked 
|  83|0x0000000086b00000, 0x0000000086b00000, 0x0000000086c00000|  0%| F|  |TAMS 0x0000000086b00000, 0x0000000086b00000| Untracked 
|  84|0x0000000086c00000, 0x0000000086c00000, 0x0000000086d00000|  0%| F|  |TAMS 0x0000000086c00000, 0x0000000086c00000| Untracked 
|  85|0x0000000086d00000, 0x0000000086d00000, 0x0000000086e00000|  0%| F|  |TAMS 0x0000000086d00000, 0x0000000086d00000| Untracked 
|  86|0x0000000086e00000, 0x0000000086e00000, 0x0000000086f00000|  0%| F|  |TAMS 0x0000000086e00000, 0x0000000086e00000| Untracked 
|  87|0x0000000086f00000, 0x0000000086f00000, 0x0000000087000000|  0%| F|  |TAMS 0x0000000086f00000, 0x0000000086f00000| Untracked 
|  88|0x0000000087000000, 0x0000000087000000, 0x0000000087100000|  0%| F|  |TAMS 0x0000000087000000, 0x0000000087000000| Untracked 
|  89|0x0000000087100000, 0x0000000087100000, 0x0000000087200000|  0%| F|  |TAMS 0x0000000087100000, 0x0000000087100000| Untracked 
|  90|0x0000000087200000, 0x0000000087200000, 0x0000000087300000|  0%| F|  |TAMS 0x0000000087200000, 0x0000000087200000| Untracked 
|  91|0x0000000087300000, 0x0000000087300000, 0x0000000087400000|  0%| F|  |TAMS 0x0000000087300000, 0x0000000087300000| Untracked 
|  92|0x0000000087400000, 0x0000000087400000, 0x0000000087500000|  0%| F|  |TAMS 0x0000000087400000, 0x0000000087400000| Untracked 
|  93|0x0000000087500000, 0x0000000087500000, 0x0000000087600000|  0%| F|  |TAMS 0x0000000087500000, 0x0000000087500000| Untracked 
|  94|0x0000000087600000, 0x0000000087600000, 0x0000000087700000|  0%| F|  |TAMS 0x0000000087600000, 0x0000000087600000| Untracked 
|  95|0x0000000087700000, 0x0000000087700000, 0x0000000087800000|  0%| F|  |TAMS 0x0000000087700000, 0x0000000087700000| Untracked 
|  96|0x0000000087800000, 0x0000000087800000, 0x0000000087900000|  0%| F|  |TAMS 0x0000000087800000, 0x0000000087800000| Untracked 
|  97|0x0000000087900000, 0x0000000087900000, 0x0000000087a00000|  0%| F|  |TAMS 0x0000000087900000, 0x0000000087900000| Untracked 
|  98|0x0000000087a00000, 0x0000000087a00000, 0x0000000087b00000|  0%| F|  |TAMS 0x0000000087a00000, 0x0000000087a00000| Untracked 
|  99|0x0000000087b00000, 0x0000000087bfa2b0, 0x0000000087c00000| 97%| E|  |TAMS 0x0000000087b00000, 0x0000000087b00000| Complete 
| 100|0x0000000087c00000, 0x0000000087d00000, 0x0000000087d00000|100%| E|CS|TAMS 0x0000000087c00000, 0x0000000087c00000| Complete 
| 101|0x0000000087d00000, 0x0000000087e00000, 0x0000000087e00000|100%| E|CS|TAMS 0x0000000087d00000, 0x0000000087d00000| Complete 
| 102|0x0000000087e00000, 0x0000000087f00000, 0x0000000087f00000|100%| E|CS|TAMS 0x0000000087e00000, 0x0000000087e00000| Complete 
| 103|0x0000000087f00000, 0x0000000088000000, 0x0000000088000000|100%| E|CS|TAMS 0x0000000087f00000, 0x0000000087f00000| Complete 
| 104|0x0000000088000000, 0x0000000088100000, 0x0000000088100000|100%| E|CS|TAMS 0x0000000088000000, 0x0000000088000000| Complete 
| 105|0x0000000088100000, 0x0000000088200000, 0x0000000088200000|100%| E|CS|TAMS 0x0000000088100000, 0x0000000088100000| Complete 
| 106|0x0000000088200000, 0x0000000088300000, 0x0000000088300000|100%| E|CS|TAMS 0x0000000088200000, 0x0000000088200000| Complete 
| 107|0x0000000088300000, 0x0000000088400000, 0x0000000088400000|100%| E|CS|TAMS 0x0000000088300000, 0x0000000088300000| Complete 
| 108|0x0000000088400000, 0x0000000088500000, 0x0000000088500000|100%| E|CS|TAMS 0x0000000088400000, 0x0000000088400000| Complete 
| 109|0x0000000088500000, 0x0000000088600000, 0x0000000088600000|100%| E|CS|TAMS 0x0000000088500000, 0x0000000088500000| Complete 
| 110|0x0000000088600000, 0x0000000088700000, 0x0000000088700000|100%| E|CS|TAMS 0x0000000088600000, 0x0000000088600000| Complete 
| 111|0x0000000088700000, 0x0000000088800000, 0x0000000088800000|100%| E|CS|TAMS 0x0000000088700000, 0x0000000088700000| Complete 
| 112|0x0000000088800000, 0x0000000088900000, 0x0000000088900000|100%| E|CS|TAMS 0x0000000088800000, 0x0000000088800000| Complete 
| 113|0x0000000088900000, 0x0000000088a00000, 0x0000000088a00000|100%| E|CS|TAMS 0x0000000088900000, 0x0000000088900000| Complete 
| 114|0x0000000088a00000, 0x0000000088b00000, 0x0000000088b00000|100%| E|CS|TAMS 0x0000000088a00000, 0x0000000088a00000| Complete 
| 115|0x0000000088b00000, 0x0000000088c00000, 0x0000000088c00000|100%| E|CS|TAMS 0x0000000088b00000, 0x0000000088b00000| Complete 
| 116|0x0000000088c00000, 0x0000000088d00000, 0x0000000088d00000|100%| E|CS|TAMS 0x0000000088c00000, 0x0000000088c00000| Complete 
| 117|0x0000000088d00000, 0x0000000088e00000, 0x0000000088e00000|100%| E|CS|TAMS 0x0000000088d00000, 0x0000000088d00000| Complete 
| 118|0x0000000088e00000, 0x0000000088f00000, 0x0000000088f00000|100%| E|CS|TAMS 0x0000000088e00000, 0x0000000088e00000| Complete 
| 119|0x0000000088f00000, 0x0000000089000000, 0x0000000089000000|100%| E|CS|TAMS 0x0000000088f00000, 0x0000000088f00000| Complete 
| 120|0x0000000089000000, 0x0000000089100000, 0x0000000089100000|100%| E|CS|TAMS 0x0000000089000000, 0x0000000089000000| Complete 
| 121|0x0000000089100000, 0x0000000089200000, 0x0000000089200000|100%| E|CS|TAMS 0x0000000089100000, 0x0000000089100000| Complete 
| 122|0x0000000089200000, 0x0000000089300000, 0x0000000089300000|100%| E|CS|TAMS 0x0000000089200000, 0x0000000089200000| Complete 
| 123|0x0000000089300000, 0x0000000089400000, 0x0000000089400000|100%| E|CS|TAMS 0x0000000089300000, 0x0000000089300000| Complete 
| 124|0x0000000089400000, 0x0000000089500000, 0x0000000089500000|100%| E|CS|TAMS 0x0000000089400000, 0x0000000089400000| Complete 
| 125|0x0000000089500000, 0x0000000089600000, 0x0000000089600000|100%| E|CS|TAMS 0x0000000089500000, 0x0000000089500000| Complete 
| 126|0x0000000089600000, 0x0000000089700000, 0x0000000089700000|100%| E|CS|TAMS 0x0000000089600000, 0x0000000089600000| Complete 
| 127|0x0000000089700000, 0x0000000089800000, 0x0000000089800000|100%| E|CS|TAMS 0x0000000089700000, 0x0000000089700000| Complete 
| 128|0x0000000089800000, 0x0000000089900000, 0x0000000089900000|100%| E|CS|TAMS 0x0000000089800000, 0x0000000089800000| Complete 
| 129|0x0000000089900000, 0x0000000089a00000, 0x0000000089a00000|100%| E|CS|TAMS 0x0000000089900000, 0x0000000089900000| Complete 
| 130|0x0000000089a00000, 0x0000000089b00000, 0x0000000089b00000|100%| E|CS|TAMS 0x0000000089a00000, 0x0000000089a00000| Complete 
| 131|0x0000000089b00000, 0x0000000089c00000, 0x0000000089c00000|100%| E|CS|TAMS 0x0000000089b00000, 0x0000000089b00000| Complete 
| 132|0x0000000089c00000, 0x0000000089d00000, 0x0000000089d00000|100%| E|CS|TAMS 0x0000000089c00000, 0x0000000089c00000| Complete 
| 133|0x0000000089d00000, 0x0000000089e00000, 0x0000000089e00000|100%| E|CS|TAMS 0x0000000089d00000, 0x0000000089d00000| Complete 
| 134|0x0000000089e00000, 0x0000000089f00000, 0x0000000089f00000|100%| E|CS|TAMS 0x0000000089e00000, 0x0000000089e00000| Complete 
| 135|0x0000000089f00000, 0x000000008a000000, 0x000000008a000000|100%| E|CS|TAMS 0x0000000089f00000, 0x0000000089f00000| Complete 
| 136|0x000000008a000000, 0x000000008a100000, 0x000000008a100000|100%| E|CS|TAMS 0x000000008a000000, 0x000000008a000000| Complete 
| 137|0x000000008a100000, 0x000000008a200000, 0x000000008a200000|100%| E|CS|TAMS 0x000000008a100000, 0x000000008a100000| Complete 
| 138|0x000000008a200000, 0x000000008a300000, 0x000000008a300000|100%| E|CS|TAMS 0x000000008a200000, 0x000000008a200000| Complete 
| 139|0x000000008a300000, 0x000000008a400000, 0x000000008a400000|100%| E|CS|TAMS 0x000000008a300000, 0x000000008a300000| Complete 
| 153|0x000000008b100000, 0x000000008b200000, 0x000000008b200000|100%| E|CS|TAMS 0x000000008b100000, 0x000000008b100000| Complete 

Card table byte_map: [0x0000016f36930000,0x0000016f36d30000] _byte_map_base: 0x0000016f36524000

Marking Bits (Prev, Next): (CMBitMap*) 0x0000016f1f180d88, (CMBitMap*) 0x0000016f1f180d48
 Prev Bits: [0x0000016f390d0000, 0x0000016f3b070000)
 Next Bits: [0x0000016f37130000, 0x0000016f390d0000)

Polling page: 0x0000016f1ce70000

Metaspace:

Usage:
  Non-class:     56.01 MB capacity,    54.94 MB ( 98%) used,   886.80 KB (  2%) free+waste,   206.13 KB ( <1%) overhead. 
      Class:      9.23 MB capacity,     8.60 MB ( 93%) used,   550.28 KB (  6%) free+waste,    99.00 KB (  1%) overhead. 
       Both:     65.24 MB capacity,    63.54 MB ( 97%) used,     1.40 MB (  2%) free+waste,   305.13 KB ( <1%) overhead. 

Virtual space:
  Non-class space:       58.00 MB reserved,      56.25 MB ( 97%) committed 
      Class space:        1.00 GB reserved,       9.32 MB ( <1%) committed 
             Both:        1.06 GB reserved,      65.57 MB (  6%) committed 

Chunk freelists:
   Non-Class:  0 bytes
       Class:  0 bytes
        Both:  0 bytes

CodeHeap 'non-profiled nmethods': size=238912Kb used=13012Kb max_used=13012Kb free=225899Kb
 bounds [0x0000016f27be0000, 0x0000016f288a0000, 0x0000016f36530000]
CodeHeap 'non-nmethods': size=6848Kb used=1279Kb max_used=1279Kb free=5568Kb
 bounds [0x0000016f27530000, 0x0000016f277a0000, 0x0000016f27be0000]
 total_blobs=8091 nmethods=7388 adapters=571
 compilation: enabled
              stopped_count=0, restarted_count=0
 full_count=0

Compilation events (10 events):
Event: 23.069 Thread 0x0000016f3d56e800 7425       1       java.util.concurrent.FutureTask::finishCompletion (71 bytes)
Event: 23.069 Thread 0x0000016f3d56e800 nmethod 7425 0x0000016f28893790 code [0x0000016f28893980, 0x0000016f28893ce0]
Event: 23.069 Thread 0x0000016f3d56e800 7424       1       org.apache.catalina.LifecycleEvent::getType (5 bytes)
Event: 23.069 Thread 0x0000016f3d56e800 nmethod 7424 0x0000016f28893e90 code [0x0000016f28894040, 0x0000016f28894178]
Event: 23.070 Thread 0x0000016f3d56e800 7426       1       javax.management.ObjectName::hashCode (8 bytes)
Event: 23.070 Thread 0x0000016f3d56e800 nmethod 7426 0x0000016f28894210 code [0x0000016f288943c0, 0x0000016f28894530]
Event: 23.072 Thread 0x0000016f3d56e800 7427       1       java.util.Collections$3::hasMoreElements (10 bytes)
Event: 23.073 Thread 0x0000016f3d56e800 nmethod 7427 0x0000016f28894610 code [0x0000016f288947c0, 0x0000016f28894930]
Event: 23.073 Thread 0x0000016f3d56e800 7428   !   1       java.util.logging.LogManager$LoggerContext::findLogger (113 bytes)
Event: 23.073 Thread 0x0000016f3d56e800 nmethod 7428 0x0000016f28894990 code [0x0000016f28894bc0, 0x0000016f288952b0]

GC Heap History (10 events):
Event: 4.698 GC heap before
{Heap before GC invocations=17 (full 0):
 garbage-first heap   total 119808K, used 88641K [0x0000000081800000, 0x0000000100000000)
  region size 1024K, 56 young (57344K), 5 survivors (5120K)
 Metaspace       used 46600K, capacity 47883K, committed 48204K, reserved 1091584K
  class space    used 6374K, capacity 6854K, committed 6988K, reserved 1048576K
}
Event: 4.704 GC heap after
{Heap after GC invocations=18 (full 0):
 garbage-first heap   total 119808K, used 38366K [0x0000000081800000, 0x0000000100000000)
  region size 1024K, 6 young (6144K), 6 survivors (6144K)
 Metaspace       used 46600K, capacity 47883K, committed 48204K, reserved 1091584K
  class space    used 6374K, capacity 6854K, committed 6988K, reserved 1048576K
}
Event: 5.147 GC heap before
{Heap before GC invocations=18 (full 0):
 garbage-first heap   total 119808K, used 91614K [0x0000000081800000, 0x0000000100000000)
  region size 1024K, 58 young (59392K), 6 survivors (6144K)
 Metaspace       used 49986K, capacity 51465K, committed 51532K, reserved 1093632K
  class space    used 6858K, capacity 7433K, committed 7500K, reserved 1048576K
}
Event: 5.154 GC heap after
{Heap after GC invocations=19 (full 0):
 garbage-first heap   total 119808K, used 41203K [0x0000000081800000, 0x0000000100000000)
  region size 1024K, 6 young (6144K), 6 survivors (6144K)
 Metaspace       used 49986K, capacity 51465K, committed 51532K, reserved 1093632K
  class space    used 6858K, capacity 7433K, committed 7500K, reserved 1048576K
}
Event: 5.685 GC heap before
{Heap before GC invocations=19 (full 0):
 garbage-first heap   total 119808K, used 93427K [0x0000000081800000, 0x0000000100000000)
  region size 1024K, 57 young (58368K), 6 survivors (6144K)
 Metaspace       used 54903K, capacity 56467K, committed 56780K, reserved 1097728K
  class space    used 7429K, capacity 8005K, committed 8140K, reserved 1048576K
}
Event: 5.692 GC heap after
{Heap after GC invocations=20 (full 0):
 garbage-first heap   total 144384K, used 44181K [0x0000000081800000, 0x0000000100000000)
  region size 1024K, 6 young (6144K), 6 survivors (6144K)
 Metaspace       used 54903K, capacity 56467K, committed 56780K, reserved 1097728K
  class space    used 7429K, capacity 8005K, committed 8140K, reserved 1048576K
}
Event: 6.349 GC heap before
{Heap before GC invocations=20 (full 0):
 garbage-first heap   total 144384K, used 105621K [0x0000000081800000, 0x0000000100000000)
  region size 1024K, 66 young (67584K), 6 survivors (6144K)
 Metaspace       used 58963K, capacity 60570K, committed 60620K, reserved 1101824K
  class space    used 8040K, capacity 8641K, committed 8652K, reserved 1048576K
}
Event: 6.356 GC heap after
{Heap after GC invocations=21 (full 0):
 garbage-first heap   total 144384K, used 47075K [0x0000000081800000, 0x0000000100000000)
  region size 1024K, 6 young (6144K), 6 survivors (6144K)
 Metaspace       used 58963K, capacity 60570K, committed 60620K, reserved 1101824K
  class space    used 8040K, capacity 8641K, committed 8652K, reserved 1048576K
}
Event: 7.276 GC heap before
{Heap before GC invocations=21 (full 0):
 garbage-first heap   total 144384K, used 108515K [0x0000000081800000, 0x0000000100000000)
  region size 1024K, 66 young (67584K), 6 survivors (6144K)
 Metaspace       used 61616K, capacity 63366K, committed 63692K, reserved 1103872K
  class space    used 8392K, capacity 9059K, committed 9164K, reserved 1048576K
}
Event: 7.284 GC heap after
{Heap after GC invocations=22 (full 0):
 garbage-first heap   total 144384K, used 50068K [0x0000000081800000, 0x0000000100000000)
  region size 1024K, 6 young (6144K), 6 survivors (6144K)
 Metaspace       used 61616K, capacity 63366K, committed 63692K, reserved 1103872K
  class space    used 8392K, capacity 9059K, committed 9164K, reserved 1048576K
}

Deoptimization events (0 events):
No events

Classes redefined (0 events):
No events

Internal exceptions (10 events):
Event: 17.439 Thread 0x0000016f42f4b800 Exception <a 'java/lang/ClassNotFoundException'{0x0000000087fc9e58}: org/springframework/context/support/LiveBeansView> (0x0000000087fc9e58) thrown at [t:/workspace/open/src/hotspot/share/classfile/systemDictionary.cpp, line 235]
Event: 17.439 Thread 0x0000016f42f4b800 Exception <a 'java/lang/ClassNotFoundException'{0x0000000087fca200}: org/springframework/boot/actuate/endpoint/jmx/EndpointMBean> (0x0000000087fca200) thrown at [t:/workspace/open/src/hotspot/share/classfile/systemDictionary.cpp, line 235]
Event: 17.439 Thread 0x0000016f42f4b800 Exception <a 'java/lang/ClassNotFoundException'{0x0000000087fca5a8}: org/springframework/boot/actuate/endpoint/jmx/DataEndpointMBean> (0x0000000087fca5a8) thrown at [t:/workspace/open/src/hotspot/share/classfile/systemDictionary.cpp, line 235]
Event: 17.439 Thread 0x0000016f42f4b800 Exception <a 'java/lang/ClassNotFoundException'{0x0000000087fca948}: org/springframework/context/support/LiveBeansView> (0x0000000087fca948) thrown at [t:/workspace/open/src/hotspot/share/classfile/systemDictionary.cpp, line 235]
Event: 17.439 Thread 0x0000016f42f4b800 Exception <a 'java/lang/ClassNotFoundException'{0x0000000087fcad08}: org/springframework/boot/actuate/endpoint/jmx/EndpointMBean> (0x0000000087fcad08) thrown at [t:/workspace/open/src/hotspot/share/classfile/systemDictionary.cpp, line 235]
Event: 17.439 Thread 0x0000016f42f4b800 Exception <a 'java/lang/ClassNotFoundException'{0x0000000087fcb0c8}: org/springframework/boot/actuate/endpoint/jmx/DataEndpointMBean> (0x0000000087fcb0c8) thrown at [t:/workspace/open/src/hotspot/share/classfile/systemDictionary.cpp, line 235]
Event: 17.439 Thread 0x0000016f42f4b800 Exception <a 'java/lang/ClassNotFoundException'{0x0000000087fcb480}: org/springframework/context/support/LiveBeansView> (0x0000000087fcb480) thrown at [t:/workspace/open/src/hotspot/share/classfile/systemDictionary.cpp, line 235]
Event: 22.808 Thread 0x0000016f42a0a800 Exception <a 'java/lang/InterruptedException'{0x0000000087ec6170}: sleep interrupted> (0x0000000087ec6170) thrown at [t:/workspace/open/src/hotspot/share/prims/jvm.cpp, line 2998]
Event: 22.810 Thread 0x0000016f42a0a000 Exception <a 'java/lang/InterruptedException'{0x0000000087d1a210}: sleep interrupted> (0x0000000087d1a210) thrown at [t:/workspace/open/src/hotspot/share/prims/jvm.cpp, line 2998]
Event: 23.071 Thread 0x0000016f40aff800 Exception <a 'java/lang/InterruptedException'{0x0000000087b80900}: sleep interrupted> (0x0000000087b80900) thrown at [t:/workspace/open/src/hotspot/share/prims/jvm.cpp, line 2998]

Events (10 events):
Event: 23.072 Executing VM operation: RevokeBias
Event: 23.072 Executing VM operation: RevokeBias done
Event: 23.072 Thread 0x0000016f40b01800 Thread exited: 0x0000016f40b01800
Event: 23.072 Executing VM operation: RevokeBias
Event: 23.072 Executing VM operation: RevokeBias done
Event: 23.072 Thread 0x0000016f40aff000 Thread exited: 0x0000016f40aff000
Event: 23.072 Thread 0x0000016f42f47800 Thread added: 0x0000016f42f47800
Event: 23.073 Thread 0x0000016f42f47800 Thread exited: 0x0000016f42f47800
Event: 23.073 Thread 0x0000016f3d563800 Thread exited: 0x0000016f3d563800
Event: 23.073 Thread 0x0000016f42a16000 Thread exited: 0x0000016f42a16000


Dynamic libraries:
0x00007ff727cc0000 - 0x00007ff727ccf000 	C:\Program Files\Java\jdk-12.0.2\bin\javaw.exe
0x00007ffe5c2c0000 - 0x00007ffe5c4ad000 	C:\WINDOWS\SYSTEM32\ntdll.dll
0x00007ffe597e0000 - 0x00007ffe59893000 	C:\WINDOWS\System32\KERNEL32.DLL
0x00007ffe59000000 - 0x00007ffe59293000 	C:\WINDOWS\System32\KERNELBASE.dll
0x00007ffe58c80000 - 0x00007ffe58d7a000 	C:\WINDOWS\System32\ucrtbase.dll
0x00007ffe40870000 - 0x00007ffe40888000 	C:\Program Files\Java\jdk-12.0.2\bin\jli.dll
0x00007ffe59ac0000 - 0x00007ffe59b63000 	C:\WINDOWS\System32\ADVAPI32.dll
0x00007ffe413f0000 - 0x00007ffe41406000 	C:\Program Files\Java\jdk-12.0.2\bin\VCRUNTIME140.dll
0x00007ffe599c0000 - 0x00007ffe59a5e000 	C:\WINDOWS\System32\msvcrt.dll
0x00007ffe59920000 - 0x00007ffe599be000 	C:\WINDOWS\System32\sechost.dll
0x00007ffe596b0000 - 0x00007ffe597d2000 	C:\WINDOWS\System32\RPCRT4.dll
0x00007ffe5a1b0000 - 0x00007ffe5a347000 	C:\WINDOWS\System32\USER32.dll
0x00007ffe4c5e0000 - 0x00007ffe4c859000 	C:\WINDOWS\WinSxS\amd64_microsoft.windows.common-controls_6595b64144ccf1df_6.0.17763.737_none_05b6437c071e554b\COMCTL32.dll
0x00007ffe58400000 - 0x00007ffe58420000 	C:\WINDOWS\System32\win32u.dll
0x00007ffe5a370000 - 0x00007ffe5a399000 	C:\WINDOWS\System32\GDI32.dll
0x00007ffe59b70000 - 0x00007ffe59e9c000 	C:\WINDOWS\System32\combase.dll
0x00007ffe59340000 - 0x00007ffe594d9000 	C:\WINDOWS\System32\gdi32full.dll
0x00007ffe592a0000 - 0x00007ffe59340000 	C:\WINDOWS\System32\msvcp_win.dll
0x00007ffe58380000 - 0x00007ffe583fe000 	C:\WINDOWS\System32\bcryptPrimitives.dll
0x00007ffe53a40000 - 0x00007ffe53a4a000 	C:\WINDOWS\SYSTEM32\VERSION.dll
0x00007ffe5a180000 - 0x00007ffe5a1ae000 	C:\WINDOWS\System32\IMM32.DLL
0x00007ffe24d10000 - 0x00007ffe24dba000 	C:\Program Files\Java\jdk-12.0.2\bin\msvcp140.dll
0x00007ffe07310000 - 0x00007ffe07e87000 	C:\Program Files\Java\jdk-12.0.2\bin\server\jvm.dll
0x00007ffe5c150000 - 0x00007ffe5c158000 	C:\WINDOWS\System32\PSAPI.DLL
0x00007ffe46cb0000 - 0x00007ffe46cb9000 	C:\WINDOWS\SYSTEM32\WSOCK32.dll
0x00007ffe5b8a0000 - 0x00007ffe5b90d000 	C:\WINDOWS\System32\WS2_32.dll
0x00007ffe55060000 - 0x00007ffe55084000 	C:\WINDOWS\SYSTEM32\WINMM.dll
0x00007ffe55000000 - 0x00007ffe5502d000 	C:\WINDOWS\SYSTEM32\WINMMBASE.dll
0x00007ffe58d80000 - 0x00007ffe58dca000 	C:\WINDOWS\System32\cfgmgr32.dll
0x00007ffe582b0000 - 0x00007ffe582c1000 	C:\WINDOWS\System32\kernel.appcore.dll
0x00007ffe4dfe0000 - 0x00007ffe4dff1000 	C:\Program Files\Java\jdk-12.0.2\bin\verify.dll
0x00007ffe45e00000 - 0x00007ffe45fed000 	C:\WINDOWS\SYSTEM32\DBGHELP.DLL
0x00007ffe46ce0000 - 0x00007ffe46d0a000 	C:\WINDOWS\SYSTEM32\dbgcore.DLL
0x00007ffe4dd10000 - 0x00007ffe4dd36000 	C:\Program Files\Java\jdk-12.0.2\bin\java.dll
0x00007ffe4dcf0000 - 0x00007ffe4dd07000 	C:\Program Files\Java\jdk-12.0.2\bin\zip.dll
0x00007ffe55d80000 - 0x00007ffe55d8a000 	C:\Program Files\Java\jdk-12.0.2\bin\jimage.dll
0x00007ffe5a3a0000 - 0x00007ffe5b892000 	C:\WINDOWS\System32\SHELL32.dll
0x00007ffe5c160000 - 0x00007ffe5c208000 	C:\WINDOWS\System32\shcore.dll
0x00007ffe58530000 - 0x00007ffe58c7a000 	C:\WINDOWS\System32\windows.storage.dll
0x00007ffe58350000 - 0x00007ffe58374000 	C:\WINDOWS\System32\profapi.dll
0x00007ffe582d0000 - 0x00007ffe5832d000 	C:\WINDOWS\System32\powrprof.dll
0x00007ffe5a050000 - 0x00007ffe5a0a2000 	C:\WINDOWS\System32\shlwapi.dll
0x00007ffe58e00000 - 0x00007ffe58e17000 	C:\WINDOWS\System32\cryptsp.dll
0x00007ffe4cfb0000 - 0x00007ffe4cfc9000 	C:\Program Files\Java\jdk-12.0.2\bin\net.dll
0x00007ffe4bef0000 - 0x00007ffe4c0c7000 	C:\WINDOWS\SYSTEM32\urlmon.dll
0x00007ffe52ae0000 - 0x00007ffe52bd2000 	C:\WINDOWS\SYSTEM32\WINHTTP.dll
0x00007ffe4a630000 - 0x00007ffe4a8d8000 	C:\WINDOWS\SYSTEM32\iertutil.dll
0x00007ffe57c50000 - 0x00007ffe57c5c000 	C:\WINDOWS\SYSTEM32\CRYPTBASE.DLL
0x00007ffe57ad0000 - 0x00007ffe57b37000 	C:\WINDOWS\system32\mswsock.dll
0x00007ffe4cf90000 - 0x00007ffe4cfa3000 	C:\Program Files\Java\jdk-12.0.2\bin\nio.dll
0x00007ffe4c8c0000 - 0x00007ffe4c8c9000 	C:\Program Files\Java\jdk-12.0.2\bin\management.dll
0x00007ffe48630000 - 0x00007ffe4863c000 	C:\Program Files\Java\jdk-12.0.2\bin\management_ext.dll
0x00007ffe439f0000 - 0x00007ffe43a06000 	C:\WINDOWS\system32\napinsp.dll
0x00007ffe414b0000 - 0x00007ffe414ca000 	C:\WINDOWS\system32\pnrpnsp.dll
0x00007ffe54b10000 - 0x00007ffe54b2b000 	C:\WINDOWS\system32\NLAapi.dll
0x00007ffe57800000 - 0x00007ffe5783d000 	C:\WINDOWS\SYSTEM32\IPHLPAPI.DLL
0x00007ffe57840000 - 0x00007ffe57906000 	C:\WINDOWS\SYSTEM32\DNSAPI.dll
0x00007ffe5bcc0000 - 0x00007ffe5bcc8000 	C:\WINDOWS\System32\NSI.dll
0x00007ffe4e190000 - 0x00007ffe4e19e000 	C:\WINDOWS\System32\winrnr.dll
0x00007ffe36900000 - 0x00007ffe36915000 	C:\WINDOWS\system32\wshbth.dll
0x0000000057a40000 - 0x0000000057a66000 	C:\Program Files\Bonjour\mdnsNSP.dll
0x00007ffe4db50000 - 0x00007ffe4db5a000 	C:\Windows\System32\rasadhlp.dll
0x00007ffe4e970000 - 0x00007ffe4e9e9000 	C:\WINDOWS\System32\fwpuclnt.dll
0x00007ffe58dd0000 - 0x00007ffe58df6000 	C:\WINDOWS\System32\bcrypt.dll
0x00007ffe57660000 - 0x00007ffe57693000 	C:\WINDOWS\system32\rsaenh.dll
0x00007ffe581e0000 - 0x00007ffe58208000 	C:\WINDOWS\SYSTEM32\USERENV.dll
0x00007ffe4f360000 - 0x00007ffe4f376000 	C:\WINDOWS\SYSTEM32\dhcpcsvc6.DLL
0x00007ffe4f080000 - 0x00007ffe4f09c000 	C:\WINDOWS\SYSTEM32\dhcpcsvc.DLL
0x0000000180000000 - 0x0000000180281000 	C:\apache-tomcat-9.0.20\bin\tcnative-1.dll
0x00007ffe58e20000 - 0x00007ffe58ffb000 	C:\WINDOWS\System32\CRYPT32.dll
0x00007ffe58330000 - 0x00007ffe58342000 	C:\WINDOWS\System32\MSASN1.dll
0x00007ffe413e0000 - 0x00007ffe413ee000 	C:\Program Files\Java\jdk-12.0.2\bin\sunmscapi.dll
0x00007ffe57d50000 - 0x00007ffe57d76000 	C:\WINDOWS\SYSTEM32\ncrypt.dll
0x00007ffe57d10000 - 0x00007ffe57d4c000 	C:\WINDOWS\SYSTEM32\NTASN1.dll
0x00007ffe407b0000 - 0x00007ffe407d7000 	C:\Program Files\Java\jdk-12.0.2\bin\sunec.dll

dbghelp: loaded successfully - version: 4.0.5 - missing functions: none
symbol engine: initialized successfully - sym options: 0x614 - pdb path: .;C:\Program Files\Java\jdk-12.0.2\bin;C:\WINDOWS\SYSTEM32;C:\WINDOWS\WinSxS\amd64_microsoft.windows.common-controls_6595b64144ccf1df_6.0.17763.737_none_05b6437c071e554b;C:\Program Files\Java\jdk-12.0.2\bin\server;C:\Program Files\Bonjour;C:\apache-tomcat-9.0.20\bin

VM Arguments:
jvm_args: -Dcom.sun.management.jmxremote -Dcom.sun.management.jmxremote.port=62614 -Dcom.sun.management.jmxremote.authenticate=false -Dcom.sun.management.jmxremote.ssl=false -Djava.rmi.server.hostname=localhost -Dspring.jmx.enabled=true -Dspring.application.admin.enabled=true -Xverify:none -XX:TieredStopAtLevel=1 -Dfile.encoding=UTF-8 
java_command: com.mauriciopd.cursomc.CursomcApplication --spring.output.ansi.enabled=always
java_class_path (initial): C:\Users\mauri\Documents\ws\cursomc\target\classes;C:\Users\mauri\.m2\repository\org\springframework\boot\spring-boot-starter-web\2.1.9.RELEASE\spring-boot-starter-web-2.1.9.RELEASE.jar;C:\Users\mauri\.m2\repository\org\springframework\boot\spring-boot-starter\2.1.9.RELEASE\spring-boot-starter-2.1.9.RELEASE.jar;C:\Users\mauri\.m2\repository\org\springframework\boot\spring-boot-starter-logging\2.1.9.RELEASE\spring-boot-starter-logging-2.1.9.RELEASE.jar;C:\Users\mauri\.m2\repository\ch\qos\logback\logback-classic\1.2.3\logback-classic-1.2.3.jar;C:\Users\mauri\.m2\repository\ch\qos\logback\logback-core\1.2.3\logback-core-1.2.3.jar;C:\Users\mauri\.m2\repository\org\apache\logging\log4j\log4j-to-slf4j\2.11.2\log4j-to-slf4j-2.11.2.jar;C:\Users\mauri\.m2\repository\org\apache\logging\log4j\log4j-api\2.11.2\log4j-api-2.11.2.jar;C:\Users\mauri\.m2\repository\org\slf4j\jul-to-slf4j\1.7.28\jul-to-slf4j-1.7.28.jar;C:\Users\mauri\.m2\repository\javax\annotation\javax.annotation-api\1.3.2\javax.annotation-api-1.3.2.jar;C:\Users\mauri\.m2\repository\org\yaml\snakeyaml\1.23\snakeyaml-1.23.jar;C:\Users\mauri\.m2\repository\org\springframework\boot\spring-boot-starter-json\2.1.9.RELEASE\spring-boot-starter-json-2.1.9.RELEASE.jar;C:\Users\mauri\.m2\repository\com\fasterxml\jackson\datatype\jackson-datatype-jdk8\2.9.9\jackson-datatype-jdk8-2.9.9.jar;C:\Users\mauri\.m2\repository\com\fasterxml\jackson\datatype\jackson-datatype-jsr310\2.9.9\jackson-datatype-jsr310-2.9.9.jar;C:\Users\mauri\.m2\repository\com\fasterxml\jackson\module\jackson-module-parameter-names\2.9.9\jackson-module-parameter-names-2.9.9.jar;C:\Users\mauri\.m2\repository\org\springframework\boot\spring-boot-starter-tomcat\2.1.9.RELEASE\spring-boot-starter-tomcat-2.1.9.RELEASE.jar;C:\Users\mauri\.m2\repository\org\apache\tomcat\embed\tomcat-embed-core\9.0.26\tomcat-embed-core-9.0.26.jar;C:\Users\mauri\.m2\repository\org\apache\tomcat\embed\tomcat-embed-el\9.0.26\tomcat-embed-el-9.0.26.jar;C:\U
Launcher Type: SUN_STANDARD

[Global flags]
     bool BytecodeVerificationLocal                = false                                     {product} {command line}
     bool BytecodeVerificationRemote               = false                                     {product} {command line}
     intx CICompilerCount                          = 3                                         {product} {ergonomic}
     uint ConcGCThreads                            = 1                                         {product} {ergonomic}
     uint G1ConcRefinementThreads                  = 4                                         {product} {ergonomic}
   size_t G1HeapRegionSize                         = 1048576                                   {product} {ergonomic}
    uintx GCDrainStackTargetSize                   = 64                                        {product} {ergonomic}
   size_t InitialHeapSize                          = 134217728                                 {product} {ergonomic}
     bool ManagementServer                         = true                                      {product} {command line}
   size_t MarkStackSize                            = 4194304                                   {product} {ergonomic}
   size_t MaxHeapSize                              = 2122317824                                {product} {ergonomic}
   size_t MaxNewSize                               = 1272971264                                {product} {ergonomic}
   size_t MinHeapDeltaBytes                        = 1048576                                   {product} {ergonomic}
    uintx NonNMethodCodeHeapSize                   = 6973028                                {pd product} {ergonomic}
    uintx NonProfiledCodeHeapSize                  = 244685212                              {pd product} {ergonomic}
    uintx ProfiledCodeHeapSize                     = 0                                      {pd product} {ergonomic}
    uintx ReservedCodeCacheSize                    = 251658240                              {pd product} {ergonomic}
     bool SegmentedCodeCache                       = true                                      {product} {ergonomic}
     intx TieredStopAtLevel                        = 1                                         {product} {command line}
     bool UseCompressedClassPointers               = true                                 {lp64_product} {ergonomic}
     bool UseCompressedOops                        = true                                 {lp64_product} {ergonomic}
     bool UseG1GC                                  = true                                      {product} {ergonomic}
     bool UseLargePagesIndividualAllocation        = false                                  {pd product} {ergonomic}

Logging:
Log output configuration:
 #0: stdout all=warning uptime,level,tags
 #1: stderr all=off uptime,level,tags

Environment Variables:
JAVA_HOME=C:\Program Files\Java\jdk-12.0.2
PATH=C:/Program Files/Java/jdk-12.0.2/bin/server;C:/Program Files/Java/jdk-12.0.2/bin;C:\xampp\mysql\bin;C:\Python27\;C:\Python27\Scripts;C:\WINDOWS\system32;C:\WINDOWS;C:\WINDOWS\System32\Wbem;C:\WINDOWS\System32\WindowsPowerShell\v1.0\;C:\WINDOWS\System32\OpenSSH\;C:\Program Files\NVIDIA Corporation\NVIDIA NvDLISR;C:\Program Files (x86)\NVIDIA Corporation\PhysX\Common;C:\Users\mauri\Documents\Dev\apache-maven-3.6.0\bin;C:\ProgramData\chocolatey\bin;C:\Program Files\Git\cmd;C:\Program Files\nodejs\;C:\Program Files\Java\jdk-12.0.2\bin;C:\Users\mauri\AppData\Local\Programs\Microsoft VS Code\bin;C:\Users\mauri\AppData\Local\atom\bin;C:\apache-tomcat-9.0.20\bin;C:\apache-maven-3.6.2\bin;C:\Program Files\Java\jdk-12.0.2\bin;C:\Users\mauri\AppData\Roaming\npm;C:\Program Files\heroku\bin;C:\sts-4.3.2.RELEASE;
USERNAME=mauri
OS=Windows_NT
PROCESSOR_IDENTIFIER=Intel64 Family 6 Model 60 Stepping 3, GenuineIntel



---------------  S Y S T E M  ---------------

OS: Windows 10 , 64 bit Build 17763 (10.0.17763.475)

CPU:total 4 (initial active 4) (4 cores per cpu, 1 threads per core) family 6 model 60 stepping 3, cmov, cx8, fxsr, mmx, sse, sse2, sse3, ssse3, sse4.1, sse4.2, popcnt, avx, avx2, aes, clmul, erms, lzcnt, tsc, tscinvbit, bmi1, bmi2, fma

Memory: 4k page, system-wide physical 8092M (2046M free)
TotalPageFile size 19356M (AvailPageFile size 10723M)
current process WorkingSet (physical memory assigned to process): 295M, peak: 296M
current process commit charge ("private bytes"): 337M, peak: 338M

vm_info: Java HotSpot(TM) 64-Bit Server VM (12.0.2+10) for windows-amd64 JRE (12.0.2+10), built on Jul 16 2019 01:56:17 by "mach5one" with MS VC++ 15.5 (VS2017)

END.
