#
# A fatal error has been detected by the Java Runtime Environment:
#
#  EXCEPTION_ACCESS_VIOLATION (0xc0000005) at pc=0x00007ffcb3c655f5, pid=13956, tid=1000
#
# JRE version: Java(TM) SE Runtime Environment (12.0.2+10) (build 12.0.2+10)
# Java VM: Java HotSpot(TM) 64-Bit Server VM (12.0.2+10, mixed mode, sharing, tiered, compressed oops, g1 gc, windows-amd64)
# Problematic frame:
# V  [jvm.dll+0x6655f5]
#
# No core dump will be written. Minidumps are not enabled by default on client versions of Windows
#
# If you would like to submit a bug report, please visit:
#   http://bugreport.java.com/bugreport/crash.jsp
#

---------------  S U M M A R Y ------------

Command Line: -Dcom.sun.management.jmxremote -Dcom.sun.management.jmxremote.port=59835 -Dcom.sun.management.jmxremote.authenticate=false -Dcom.sun.management.jmxremote.ssl=false -Djava.rmi.server.hostname=localhost -Dspring.jmx.enabled=true -Dspring.application.admin.enabled=true -Xverify:none -XX:TieredStopAtLevel=1 -Dfile.encoding=UTF-8 com.mauriciopd.cursomc.CursomcApplication --spring.output.ansi.enabled=always

Host: Intel(R) Core(TM) i5-4460  CPU @ 3.20GHz, 4 cores, 7G,  Windows 10 , 64 bit Build 17763 (10.0.17763.475)
Time: Sun Oct 13 12:55:14 2019 Hora oficial do Brasil elapsed time: 0 seconds (0d 0h 0m 0s)

---------------  T H R E A D  ---------------

Current thread (0x000001563035d800):  WatcherThread [stack: 0x0000003255700000,0x0000003255800000] [id=1000]

Stack: [0x0000003255700000,0x0000003255800000],  sp=0x00000032557ff190,  free space=1020k
Native frames: (J=compiled Java code, j=interpreted, Vv=VM code, C=native code)
V  [jvm.dll+0x6655f5]
V  [jvm.dll+0x6cd56f]
V  [jvm.dll+0x71ccdd]
V  [jvm.dll+0x751449]
V  [jvm.dll+0x74a2c8]
V  [jvm.dll+0x639b16]
C  [ucrtbase.dll+0x21ffa]
C  [KERNEL32.DLL+0x17974]
C  [ntdll.dll+0x6a271]


siginfo: EXCEPTION_ACCESS_VIOLATION (0xc0000005), reading address 0x0000000400000003


Register to memory mapping:

RIP=0x00007ffcb3c655f5 jvm.dll
RAX=0x0000000400000003 is an unknown value
RBX=0x00000156302be010 points into unknown readable memory: 50 61 ee b3 fc 7f 00 00
RCX=0x0000015630301e00 points into unknown readable memory: 03 00 00 00 04 00 00 00
RDX=0x0000000000000033 is an unknown value
RSP=0x00000032557ff190 points into unknown readable memory: e0 f2 72 10 56 01 00 00
RBP=0x0000000000000002 is an unknown value
RSI=0x0000015630301fb0 points into unknown readable memory: 50 dd 33 30 56 01 00 00
RDI=0x0 is NULL
R8 =0x0000000000000031 is an unknown value
R9 =0x0000015618b20b80 is at begin+0 in a stub
StubRoutines::atomic_cmpxchg_long [0x0000015618b20b80, 0x0000015618b20b89[ (9 bytes)
R10=0x0000000000000001 is an unknown value
R11=0x00000116b7f0d0ef is an unknown value
R12=0x0 is NULL
R13=0x000001563035d800 points into unknown readable memory: 90 3a ef b3 fc 7f 00 00
R14=0x0000000000000002 is an unknown value
R15=0x0000015630358990 points into unknown readable memory: 00 00 00 00 00 00 00 00


Registers:
RAX=0x0000000400000003, RBX=0x00000156302be010, RCX=0x0000015630301e00, RDX=0x0000000000000033
RSP=0x00000032557ff190, RBP=0x0000000000000002, RSI=0x0000015630301fb0, RDI=0x0000000000000000
R8 =0x0000000000000031, R9 =0x0000015618b20b80, R10=0x0000000000000001, R11=0x00000116b7f0d0ef
R12=0x0000000000000000, R13=0x000001563035d800, R14=0x0000000000000002, R15=0x0000015630358990
RIP=0x00007ffcb3c655f5, EFLAGS=0x0000000000010206

Top of Stack: (sp=0x00000032557ff190)
0x00000032557ff190:   000001561072f2e0 000001561072f2e0
0x00000032557ff1a0:   0000000000000001 00007ffcb3c0e2e0
0x00000032557ff1b0:   0000000000000000 00007ffcb3ccd56f
0x00000032557ff1c0:   000001563035d800 000001563035d800
0x00000032557ff1d0:   0000f8a8f0726964 00007ffcb3c0ed19
0x00000032557ff1e0:   00007ffcb40c1b28 00007ffcb3d1ccdd
0x00000032557ff1f0:   0000000000000001 000001561072f2e0
0x00000032557ff200:   000001561072f2e0 431bde82d7b634db
0x00000032557ff210:   0000015630358990 0000f8a8f0726964
0x00000032557ff220:   000001561072f2e0 00007ffcb3d51449
0x00000032557ff230:   0000000000000001 0000000000000002
0x00000032557ff240:   0000000000000001 0000000000000002
0x00000032557ff250:   00000032557ff2f0 0000000000000000
0x00000032557ff260:   00007ffd04b80000 00007ffcb39d05fe
0x00000032557ff270:   0000000000000000 00007ffd04b80000
0x00000032557ff280:   0000000000000000 0000003253e4d000 

Instructions: (pc=0x00007ffcb3c655f5)
0x00007ffcb3c654f5:   2b 00 75 f7 48 83 c3 02 33 d2 48 03 cb e8 09 6c
0x00007ffcb3c65505:   03 00 4c 8b cf 48 8d 15 a3 2a 22 00 4c 8b c5 48
0x00007ffcb3c65515:   8b c8 48 8b d8 e8 21 c5 b2 ff 48 8b c3 48 8b 4c
0x00007ffcb3c65525:   24 48 48 33 cc e8 d1 a4 15 00 48 8b 9c 24 88 00
0x00007ffcb3c65535:   00 00 48 83 c4 50 5f 5e 5d c3 cc 48 89 5c 24 18
0x00007ffcb3c65545:   57 48 83 ec 50 48 8b 05 af 16 3e 00 48 33 c4 48
0x00007ffcb3c65555:   89 44 24 48 48 8b f9 4c 8d 05 b9 2d 1f 00 44 8b
0x00007ffcb3c65565:   ca 48 8d 4c 24 20 ba 28 00 00 00 e8 fb ac dc ff
0x00007ffcb3c65575:   48 83 c8 ff 48 8b c8 0f 1f 40 00 48 ff c1 80 3c
0x00007ffcb3c65585:   0f 00 75 f7 48 8d 54 24 20 66 90 48 ff c0 80 3c
0x00007ffcb3c65595:   02 00 75 f7 48 83 c0 02 33 d2 48 03 c8 e8 69 6b
0x00007ffcb3c655a5:   03 00 4c 8d 4c 24 20 4c 8b c7 48 8d 15 fe 29 22
0x00007ffcb3c655b5:   00 48 8b c8 48 8b d8 e8 7f c4 b2 ff 48 8b c3 48
0x00007ffcb3c655c5:   8b 4c 24 48 48 33 cc e8 2f a4 15 00 48 8b 5c 24
0x00007ffcb3c655d5:   70 48 83 c4 50 5f c3 cc cc cc cc 40 53 48 83 ec
0x00007ffcb3c655e5:   20 48 8b d9 48 8b 49 38 48 85 c9 74 0c 48 8b 01
0x00007ffcb3c655f5:   ff 10 48 8b 4b 28 48 89 01 48 83 c4 20 5b c3 cc
0x00007ffcb3c65605:   cc cc cc cc cc cc cc cc cc cc cc 48 89 5c 24 08
0x00007ffcb3c65615:   57 48 83 ec 20 48 8b 1d 27 4c 44 00 48 8b cb e8
0x00007ffcb3c65625:   97 91 fa ff 48 8b 0d f8 8e 44 00 48 85 c9 75 04
0x00007ffcb3c65635:   33 ff eb 08 e8 32 f1 ff ff 48 8b f8 48 8b cb e8
0x00007ffcb3c65645:   f7 95 fa ff 48 8b 5c 24 30 48 8b c7 48 83 c4 20
0x00007ffcb3c65655:   5f c3 cc cc cc cc cc cc cc cc cc 40 53 48 83 ec
0x00007ffcb3c65665:   20 4c 63 41 30 48 8d 05 ba ff 1e 00 48 85 d2 48
0x00007ffcb3c65675:   8b d9 48 8b 49 28 48 0f 44 d0 ff 15 8b d1 15 00
0x00007ffcb3c65685:   48 63 53 30 48 8b 43 28 c6 44 02 ff 00 48 83 c4
0x00007ffcb3c65695:   20 5b c3 cc cc cc cc cc cc cc cc 48 89 4c 24 08
0x00007ffcb3c656a5:   48 89 54 24 10 4c 89 44 24 18 4c 89 4c 24 20 48
0x00007ffcb3c656b5:   83 ec 28 4c 8b c1 4c 8d 4c 24 38 48 8d 0d 19 8f
0x00007ffcb3c656c5:   44 00 ba 02 00 00 00 e8 6f e3 ed ff 48 83 c4 28
0x00007ffcb3c656d5:   c3 cc cc cc cc cc cc cc cc cc cc 40 56 48 83 ec
0x00007ffcb3c656e5:   20 80 3d 65 e6 3a 00 00 48 8b f1 75 08 33 c0 48 


Stack slot to memory mapping:
stack at sp + 0 slots: 0x000001561072f2e0 points into unknown readable memory: 01 00 00 00 00 00 00 00
stack at sp + 1 slots: 0x000001561072f2e0 points into unknown readable memory: 01 00 00 00 00 00 00 00
stack at sp + 2 slots: 0x0000000000000001 is an unknown value
stack at sp + 3 slots: 0x00007ffcb3c0e2e0 jvm.dll
stack at sp + 4 slots: 0x0 is NULL
stack at sp + 5 slots: 0x00007ffcb3ccd56f jvm.dll
stack at sp + 6 slots: 0x000001563035d800 points into unknown readable memory: 90 3a ef b3 fc 7f 00 00
stack at sp + 7 slots: 0x000001563035d800 points into unknown readable memory: 90 3a ef b3 fc 7f 00 00


---------------  P R O C E S S  ---------------

Threads class SMR info:
_java_thread_list=0x000001563033d960, length=12, elements={
0x0000015610731800, 0x000001562eb38800, 0x000001562eb3a800, 0x000001562eb57000,
0x000001562eb59000, 0x000001562eb5d800, 0x000001562eb66800, 0x000001562f612800,
0x000001562f649000, 0x00000156302ba000, 0x000001563031f800, 0x0000015630317000
}

Java Threads: ( => current thread )
  0x0000015610731800 JavaThread "main" [_thread_in_Java, id=6324, stack(0x0000003254300000,0x0000003254400000)]
  0x000001562eb38800 JavaThread "Reference Handler" daemon [_thread_blocked, id=13144, stack(0x0000003254a00000,0x0000003254b00000)]
  0x000001562eb3a800 JavaThread "Finalizer" daemon [_thread_blocked, id=16128, stack(0x0000003254b00000,0x0000003254c00000)]
  0x000001562eb57000 JavaThread "Signal Dispatcher" daemon [_thread_blocked, id=9512, stack(0x0000003254c00000,0x0000003254d00000)]
  0x000001562eb59000 JavaThread "Attach Listener" daemon [_thread_blocked, id=10384, stack(0x0000003254d00000,0x0000003254e00000)]
  0x000001562eb5d800 JavaThread "C1 CompilerThread0" daemon [_thread_in_native, id=3892, stack(0x0000003254e00000,0x0000003254f00000)]
  0x000001562eb66800 JavaThread "Sweeper thread" daemon [_thread_blocked, id=7620, stack(0x0000003254f00000,0x0000003255000000)]
  0x000001562f612800 JavaThread "Common-Cleaner" daemon [_thread_blocked, id=8140, stack(0x0000003255000000,0x0000003255100000)]
  0x000001562f649000 JavaThread "Service Thread" daemon [_thread_blocked, id=10372, stack(0x0000003255100000,0x0000003255200000)]
  0x00000156302ba000 JavaThread "RMI TCP Accept-0" daemon [_thread_in_native, id=6828, stack(0x0000003255400000,0x0000003255500000)]
  0x000001563031f800 JavaThread "RMI TCP Accept-59835" daemon [_thread_in_native, id=14184, stack(0x0000003255500000,0x0000003255600000)]
  0x0000015630317000 JavaThread "RMI TCP Accept-0" daemon [_thread_in_native, id=9856, stack(0x0000003255600000,0x0000003255700000)]

Other Threads:
  0x000001562eb33800 VMThread "VM Thread" [stack: 0x0000003254900000,0x0000003254a00000] [id=10836]
=>0x000001563035d800 WatcherThread [stack: 0x0000003255700000,0x0000003255800000] [id=1000]
  0x0000015610771000 GCTaskThread "GC Thread#0" [stack: 0x0000003254400000,0x0000003254500000] [id=8364]
  0x000001562f899800 GCTaskThread "GC Thread#1" [stack: 0x0000003255200000,0x0000003255300000] [id=7660]
  0x000001562ff8c800 GCTaskThread "GC Thread#2" [stack: 0x0000003255300000,0x0000003255400000] [id=14256]
  0x000001561077f800 ConcurrentGCThread "G1 Main Marker" [stack: 0x0000003254500000,0x0000003254600000] [id=1156]
  0x0000015610781000 ConcurrentGCThread "G1 Conc#0" [stack: 0x0000003254600000,0x0000003254700000] [id=12376]
  0x000001562e9b4800 ConcurrentGCThread "G1 Refine#0" [stack: 0x0000003254700000,0x0000003254800000] [id=2648]
  0x000001562e9b6000 ConcurrentGCThread "G1 Young RemSet Sampling" [stack: 0x0000003254800000,0x0000003254900000] [id=15288]

Threads with active compile tasks:

VM state:not at safepoint (normal execution)

VM Mutex/Monitor currently owned by a thread:  ([mutex/lock_event])
[0x000001561072f2e0] PeriodicTask_lock - owner thread: 0x000001563035d800

Heap address: 0x0000000081800000, size: 2024 MB, Compressed Oops mode: 32-bit
Narrow klass base: 0x0000000800000000, Narrow klass shift: 3
Compressed class space size: 1073741824 Address: 0x0000000801190000

Heap:
 garbage-first heap   total 131072K, used 24802K [0x0000000081800000, 0x0000000100000000)
  region size 1024K, 11 young (11264K), 2 survivors (2048K)
 Metaspace       used 5704K, capacity 6216K, committed 6528K, reserved 1056768K
  class space    used 709K, capacity 829K, committed 896K, reserved 1048576K
Heap Regions: E=young(eden), S=young(survivor), O=old, HS=humongous(starts), HC=humongous(continues), CS=collection set, F=free, A=archive, TAMS=top-at-mark-start (previous, next)
|   0|0x0000000081800000, 0x0000000081900000, 0x0000000081900000|100%|HS|  |TAMS 0x0000000081800000, 0x0000000081800000| Complete 
|   1|0x0000000081900000, 0x0000000081a00000, 0x0000000081a00000|100%| O|  |TAMS 0x0000000081900000, 0x0000000081900000| Untracked 
|   2|0x0000000081a00000, 0x0000000081b00000, 0x0000000081b00000|100%| O|  |TAMS 0x0000000081a00000, 0x0000000081a00000| Untracked 
|   3|0x0000000081b00000, 0x0000000081c00000, 0x0000000081c00000|100%| O|  |TAMS 0x0000000081b00000, 0x0000000081b00000| Untracked 
|   4|0x0000000081c00000, 0x0000000081d00000, 0x0000000081d00000|100%| O|  |TAMS 0x0000000081c00000, 0x0000000081c00000| Untracked 
|   5|0x0000000081d00000, 0x0000000081e00000, 0x0000000081e00000|100%| O|  |TAMS 0x0000000081d00000, 0x0000000081d00000| Untracked 
|   6|0x0000000081e00000, 0x0000000081f00000, 0x0000000081f00000|100%| O|  |TAMS 0x0000000081e00000, 0x0000000081e00000| Untracked 
|   7|0x0000000081f00000, 0x0000000082000000, 0x0000000082000000|100%| O|  |TAMS 0x0000000081f00000, 0x0000000081f00000| Untracked 
|   8|0x0000000082000000, 0x0000000082100000, 0x0000000082100000|100%| O|  |TAMS 0x0000000082000000, 0x0000000082000000| Untracked 
|   9|0x0000000082100000, 0x0000000082200000, 0x0000000082200000|100%| O|  |TAMS 0x0000000082100000, 0x0000000082100000| Untracked 
|  10|0x0000000082200000, 0x0000000082300000, 0x0000000082300000|100%| O|  |TAMS 0x0000000082200000, 0x0000000082200000| Untracked 
|  11|0x0000000082300000, 0x0000000082400000, 0x0000000082400000|100%| O|  |TAMS 0x0000000082300000, 0x0000000082300000| Untracked 
|  12|0x0000000082400000, 0x0000000082500000, 0x0000000082500000|100%| O|  |TAMS 0x0000000082400000, 0x0000000082400000| Untracked 
|  13|0x0000000082500000, 0x0000000082600000, 0x0000000082600000|100%| O|  |TAMS 0x0000000082500000, 0x0000000082500000| Untracked 
|  14|0x0000000082600000, 0x0000000082638a00, 0x0000000082700000| 22%| O|  |TAMS 0x0000000082600000, 0x0000000082600000| Untracked 
|  15|0x0000000082700000, 0x0000000082700000, 0x0000000082800000|  0%| F|  |TAMS 0x0000000082700000, 0x0000000082700000| Untracked 
|  16|0x0000000082800000, 0x0000000082800000, 0x0000000082900000|  0%| F|  |TAMS 0x0000000082800000, 0x0000000082800000| Untracked 
|  17|0x0000000082900000, 0x0000000082900000, 0x0000000082a00000|  0%| F|  |TAMS 0x0000000082900000, 0x0000000082900000| Untracked 
|  18|0x0000000082a00000, 0x0000000082a00000, 0x0000000082b00000|  0%| F|  |TAMS 0x0000000082a00000, 0x0000000082a00000| Untracked 
|  19|0x0000000082b00000, 0x0000000082b00000, 0x0000000082c00000|  0%| F|  |TAMS 0x0000000082b00000, 0x0000000082b00000| Untracked 
|  20|0x0000000082c00000, 0x0000000082c00000, 0x0000000082d00000|  0%| F|  |TAMS 0x0000000082c00000, 0x0000000082c00000| Untracked 
|  21|0x0000000082d00000, 0x0000000082d00000, 0x0000000082e00000|  0%| F|  |TAMS 0x0000000082d00000, 0x0000000082d00000| Untracked 
|  22|0x0000000082e00000, 0x0000000082e00000, 0x0000000082f00000|  0%| F|  |TAMS 0x0000000082e00000, 0x0000000082e00000| Untracked 
|  23|0x0000000082f00000, 0x0000000082f00000, 0x0000000083000000|  0%| F|  |TAMS 0x0000000082f00000, 0x0000000082f00000| Untracked 
|  24|0x0000000083000000, 0x0000000083000000, 0x0000000083100000|  0%| F|  |TAMS 0x0000000083000000, 0x0000000083000000| Untracked 
|  25|0x0000000083100000, 0x0000000083100000, 0x0000000083200000|  0%| F|  |TAMS 0x0000000083100000, 0x0000000083100000| Untracked 
|  26|0x0000000083200000, 0x0000000083200000, 0x0000000083300000|  0%| F|  |TAMS 0x0000000083200000, 0x0000000083200000| Untracked 
|  27|0x0000000083300000, 0x0000000083300000, 0x0000000083400000|  0%| F|  |TAMS 0x0000000083300000, 0x0000000083300000| Untracked 
|  28|0x0000000083400000, 0x0000000083400000, 0x0000000083500000|  0%| F|  |TAMS 0x0000000083400000, 0x0000000083400000| Untracked 
|  29|0x0000000083500000, 0x0000000083500000, 0x0000000083600000|  0%| F|  |TAMS 0x0000000083500000, 0x0000000083500000| Untracked 
|  30|0x0000000083600000, 0x0000000083600000, 0x0000000083700000|  0%| F|  |TAMS 0x0000000083600000, 0x0000000083600000| Untracked 
|  31|0x0000000083700000, 0x0000000083700000, 0x0000000083800000|  0%| F|  |TAMS 0x0000000083700000, 0x0000000083700000| Untracked 
|  32|0x0000000083800000, 0x0000000083800000, 0x0000000083900000|  0%| F|  |TAMS 0x0000000083800000, 0x0000000083800000| Untracked 
|  33|0x0000000083900000, 0x0000000083900000, 0x0000000083a00000|  0%| F|  |TAMS 0x0000000083900000, 0x0000000083900000| Untracked 
|  34|0x0000000083a00000, 0x0000000083a00000, 0x0000000083b00000|  0%| F|  |TAMS 0x0000000083a00000, 0x0000000083a00000| Untracked 
|  35|0x0000000083b00000, 0x0000000083b00000, 0x0000000083c00000|  0%| F|  |TAMS 0x0000000083b00000, 0x0000000083b00000| Untracked 
|  36|0x0000000083c00000, 0x0000000083c00000, 0x0000000083d00000|  0%| F|  |TAMS 0x0000000083c00000, 0x0000000083c00000| Untracked 
|  37|0x0000000083d00000, 0x0000000083d00000, 0x0000000083e00000|  0%| F|  |TAMS 0x0000000083d00000, 0x0000000083d00000| Untracked 
|  38|0x0000000083e00000, 0x0000000083e00000, 0x0000000083f00000|  0%| F|  |TAMS 0x0000000083e00000, 0x0000000083e00000| Untracked 
|  39|0x0000000083f00000, 0x0000000083f00000, 0x0000000084000000|  0%| F|  |TAMS 0x0000000083f00000, 0x0000000083f00000| Untracked 
|  40|0x0000000084000000, 0x0000000084000000, 0x0000000084100000|  0%| F|  |TAMS 0x0000000084000000, 0x0000000084000000| Untracked 
|  41|0x0000000084100000, 0x0000000084100000, 0x0000000084200000|  0%| F|  |TAMS 0x0000000084100000, 0x0000000084100000| Untracked 
|  42|0x0000000084200000, 0x0000000084200000, 0x0000000084300000|  0%| F|  |TAMS 0x0000000084200000, 0x0000000084200000| Untracked 
|  43|0x0000000084300000, 0x0000000084300000, 0x0000000084400000|  0%| F|  |TAMS 0x0000000084300000, 0x0000000084300000| Untracked 
|  44|0x0000000084400000, 0x0000000084400000, 0x0000000084500000|  0%| F|  |TAMS 0x0000000084400000, 0x0000000084400000| Untracked 
|  45|0x0000000084500000, 0x0000000084500000, 0x0000000084600000|  0%| F|  |TAMS 0x0000000084500000, 0x0000000084500000| Untracked 
|  46|0x0000000084600000, 0x0000000084600000, 0x0000000084700000|  0%| F|  |TAMS 0x0000000084600000, 0x0000000084600000| Untracked 
|  47|0x0000000084700000, 0x0000000084700000, 0x0000000084800000|  0%| F|  |TAMS 0x0000000084700000, 0x0000000084700000| Untracked 
|  48|0x0000000084800000, 0x0000000084800000, 0x0000000084900000|  0%| F|  |TAMS 0x0000000084800000, 0x0000000084800000| Untracked 
|  49|0x0000000084900000, 0x0000000084900000, 0x0000000084a00000|  0%| F|  |TAMS 0x0000000084900000, 0x0000000084900000| Untracked 
|  50|0x0000000084a00000, 0x0000000084a00000, 0x0000000084b00000|  0%| F|  |TAMS 0x0000000084a00000, 0x0000000084a00000| Untracked 
|  51|0x0000000084b00000, 0x0000000084b00000, 0x0000000084c00000|  0%| F|  |TAMS 0x0000000084b00000, 0x0000000084b00000| Untracked 
|  52|0x0000000084c00000, 0x0000000084c00000, 0x0000000084d00000|  0%| F|  |TAMS 0x0000000084c00000, 0x0000000084c00000| Untracked 
|  53|0x0000000084d00000, 0x0000000084d00000, 0x0000000084e00000|  0%| F|  |TAMS 0x0000000084d00000, 0x0000000084d00000| Untracked 
|  54|0x0000000084e00000, 0x0000000084e00000, 0x0000000084f00000|  0%| F|  |TAMS 0x0000000084e00000, 0x0000000084e00000| Untracked 
|  55|0x0000000084f00000, 0x0000000084f00000, 0x0000000085000000|  0%| F|  |TAMS 0x0000000084f00000, 0x0000000084f00000| Untracked 
|  56|0x0000000085000000, 0x0000000085000000, 0x0000000085100000|  0%| F|  |TAMS 0x0000000085000000, 0x0000000085000000| Untracked 
|  57|0x0000000085100000, 0x0000000085100000, 0x0000000085200000|  0%| F|  |TAMS 0x0000000085100000, 0x0000000085100000| Untracked 
|  58|0x0000000085200000, 0x0000000085200000, 0x0000000085300000|  0%| F|  |TAMS 0x0000000085200000, 0x0000000085200000| Untracked 
|  59|0x0000000085300000, 0x0000000085300000, 0x0000000085400000|  0%| F|  |TAMS 0x0000000085300000, 0x0000000085300000| Untracked 
|  60|0x0000000085400000, 0x0000000085400000, 0x0000000085500000|  0%| F|  |TAMS 0x0000000085400000, 0x0000000085400000| Untracked 
|  61|0x0000000085500000, 0x0000000085500000, 0x0000000085600000|  0%| F|  |TAMS 0x0000000085500000, 0x0000000085500000| Untracked 
|  62|0x0000000085600000, 0x0000000085600000, 0x0000000085700000|  0%| F|  |TAMS 0x0000000085600000, 0x0000000085600000| Untracked 
|  63|0x0000000085700000, 0x0000000085700000, 0x0000000085800000|  0%| F|  |TAMS 0x0000000085700000, 0x0000000085700000| Untracked 
|  64|0x0000000085800000, 0x0000000085800000, 0x0000000085900000|  0%| F|  |TAMS 0x0000000085800000, 0x0000000085800000| Untracked 
|  65|0x0000000085900000, 0x0000000085900000, 0x0000000085a00000|  0%| F|  |TAMS 0x0000000085900000, 0x0000000085900000| Untracked 
|  66|0x0000000085a00000, 0x0000000085a00000, 0x0000000085b00000|  0%| F|  |TAMS 0x0000000085a00000, 0x0000000085a00000| Untracked 
|  67|0x0000000085b00000, 0x0000000085b00000, 0x0000000085c00000|  0%| F|  |TAMS 0x0000000085b00000, 0x0000000085b00000| Untracked 
|  68|0x0000000085c00000, 0x0000000085c00000, 0x0000000085d00000|  0%| F|  |TAMS 0x0000000085c00000, 0x0000000085c00000| Untracked 
|  69|0x0000000085d00000, 0x0000000085d00000, 0x0000000085e00000|  0%| F|  |TAMS 0x0000000085d00000, 0x0000000085d00000| Untracked 
|  70|0x0000000085e00000, 0x0000000085e00000, 0x0000000085f00000|  0%| F|  |TAMS 0x0000000085e00000, 0x0000000085e00000| Untracked 
|  71|0x0000000085f00000, 0x0000000085f00000, 0x0000000086000000|  0%| F|  |TAMS 0x0000000085f00000, 0x0000000085f00000| Untracked 
|  72|0x0000000086000000, 0x0000000086000000, 0x0000000086100000|  0%| F|  |TAMS 0x0000000086000000, 0x0000000086000000| Untracked 
|  73|0x0000000086100000, 0x0000000086100000, 0x0000000086200000|  0%| F|  |TAMS 0x0000000086100000, 0x0000000086100000| Untracked 
|  74|0x0000000086200000, 0x0000000086200000, 0x0000000086300000|  0%| F|  |TAMS 0x0000000086200000, 0x0000000086200000| Untracked 
|  75|0x0000000086300000, 0x0000000086300000, 0x0000000086400000|  0%| F|  |TAMS 0x0000000086300000, 0x0000000086300000| Untracked 
|  76|0x0000000086400000, 0x0000000086400000, 0x0000000086500000|  0%| F|  |TAMS 0x0000000086400000, 0x0000000086400000| Untracked 
|  77|0x0000000086500000, 0x0000000086500000, 0x0000000086600000|  0%| F|  |TAMS 0x0000000086500000, 0x0000000086500000| Untracked 
|  78|0x0000000086600000, 0x0000000086600000, 0x0000000086700000|  0%| F|  |TAMS 0x0000000086600000, 0x0000000086600000| Untracked 
|  79|0x0000000086700000, 0x0000000086700000, 0x0000000086800000|  0%| F|  |TAMS 0x0000000086700000, 0x0000000086700000| Untracked 
|  80|0x0000000086800000, 0x0000000086800000, 0x0000000086900000|  0%| F|  |TAMS 0x0000000086800000, 0x0000000086800000| Untracked 
|  81|0x0000000086900000, 0x0000000086900000, 0x0000000086a00000|  0%| F|  |TAMS 0x0000000086900000, 0x0000000086900000| Untracked 
|  82|0x0000000086a00000, 0x0000000086a00000, 0x0000000086b00000|  0%| F|  |TAMS 0x0000000086a00000, 0x0000000086a00000| Untracked 
|  83|0x0000000086b00000, 0x0000000086b00000, 0x0000000086c00000|  0%| F|  |TAMS 0x0000000086b00000, 0x0000000086b00000| Untracked 
|  84|0x0000000086c00000, 0x0000000086c00000, 0x0000000086d00000|  0%| F|  |TAMS 0x0000000086c00000, 0x0000000086c00000| Untracked 
|  85|0x0000000086d00000, 0x0000000086d00000, 0x0000000086e00000|  0%| F|  |TAMS 0x0000000086d00000, 0x0000000086d00000| Untracked 
|  86|0x0000000086e00000, 0x0000000086e00000, 0x0000000086f00000|  0%| F|  |TAMS 0x0000000086e00000, 0x0000000086e00000| Untracked 
|  87|0x0000000086f00000, 0x0000000086f00000, 0x0000000087000000|  0%| F|  |TAMS 0x0000000086f00000, 0x0000000086f00000| Untracked 
|  88|0x0000000087000000, 0x0000000087000000, 0x0000000087100000|  0%| F|  |TAMS 0x0000000087000000, 0x0000000087000000| Untracked 
|  89|0x0000000087100000, 0x0000000087100000, 0x0000000087200000|  0%| F|  |TAMS 0x0000000087100000, 0x0000000087100000| Untracked 
|  90|0x0000000087200000, 0x0000000087200000, 0x0000000087300000|  0%| F|  |TAMS 0x0000000087200000, 0x0000000087200000| Untracked 
|  91|0x0000000087300000, 0x0000000087300000, 0x0000000087400000|  0%| F|  |TAMS 0x0000000087300000, 0x0000000087300000| Untracked 
|  92|0x0000000087400000, 0x0000000087400000, 0x0000000087500000|  0%| F|  |TAMS 0x0000000087400000, 0x0000000087400000| Untracked 
|  93|0x0000000087500000, 0x0000000087500000, 0x0000000087600000|  0%| F|  |TAMS 0x0000000087500000, 0x0000000087500000| Untracked 
|  94|0x0000000087600000, 0x0000000087600000, 0x0000000087700000|  0%| F|  |TAMS 0x0000000087600000, 0x0000000087600000| Untracked 
|  95|0x0000000087700000, 0x0000000087700000, 0x0000000087800000|  0%| F|  |TAMS 0x0000000087700000, 0x0000000087700000| Untracked 
|  96|0x0000000087800000, 0x0000000087800000, 0x0000000087900000|  0%| F|  |TAMS 0x0000000087800000, 0x0000000087800000| Untracked 
|  97|0x0000000087900000, 0x0000000087900000, 0x0000000087a00000|  0%| F|  |TAMS 0x0000000087900000, 0x0000000087900000| Untracked 
|  98|0x0000000087a00000, 0x0000000087a00000, 0x0000000087b00000|  0%| F|  |TAMS 0x0000000087a00000, 0x0000000087a00000| Untracked 
|  99|0x0000000087b00000, 0x0000000087b00000, 0x0000000087c00000|  0%| F|  |TAMS 0x0000000087b00000, 0x0000000087b00000| Untracked 
| 100|0x0000000087c00000, 0x0000000087c00000, 0x0000000087d00000|  0%| F|  |TAMS 0x0000000087c00000, 0x0000000087c00000| Untracked 
| 101|0x0000000087d00000, 0x0000000087d00000, 0x0000000087e00000|  0%| F|  |TAMS 0x0000000087d00000, 0x0000000087d00000| Untracked 
| 102|0x0000000087e00000, 0x0000000087e00000, 0x0000000087f00000|  0%| F|  |TAMS 0x0000000087e00000, 0x0000000087e00000| Untracked 
| 103|0x0000000087f00000, 0x0000000087f00000, 0x0000000088000000|  0%| F|  |TAMS 0x0000000087f00000, 0x0000000087f00000| Untracked 
| 104|0x0000000088000000, 0x0000000088000000, 0x0000000088100000|  0%| F|  |TAMS 0x0000000088000000, 0x0000000088000000| Untracked 
| 105|0x0000000088100000, 0x0000000088100000, 0x0000000088200000|  0%| F|  |TAMS 0x0000000088100000, 0x0000000088100000| Untracked 
| 106|0x0000000088200000, 0x0000000088200000, 0x0000000088300000|  0%| F|  |TAMS 0x0000000088200000, 0x0000000088200000| Untracked 
| 107|0x0000000088300000, 0x0000000088300000, 0x0000000088400000|  0%| F|  |TAMS 0x0000000088300000, 0x0000000088300000| Untracked 
| 108|0x0000000088400000, 0x0000000088400000, 0x0000000088500000|  0%| F|  |TAMS 0x0000000088400000, 0x0000000088400000| Untracked 
| 109|0x0000000088500000, 0x0000000088500000, 0x0000000088600000|  0%| F|  |TAMS 0x0000000088500000, 0x0000000088500000| Untracked 
| 110|0x0000000088600000, 0x0000000088600000, 0x0000000088700000|  0%| F|  |TAMS 0x0000000088600000, 0x0000000088600000| Untracked 
| 111|0x0000000088700000, 0x0000000088700000, 0x0000000088800000|  0%| F|  |TAMS 0x0000000088700000, 0x0000000088700000| Untracked 
| 112|0x0000000088800000, 0x0000000088800000, 0x0000000088900000|  0%| F|  |TAMS 0x0000000088800000, 0x0000000088800000| Untracked 
| 113|0x0000000088900000, 0x0000000088900000, 0x0000000088a00000|  0%| F|  |TAMS 0x0000000088900000, 0x0000000088900000| Untracked 
| 114|0x0000000088a00000, 0x0000000088a00000, 0x0000000088b00000|  0%| F|  |TAMS 0x0000000088a00000, 0x0000000088a00000| Untracked 
| 115|0x0000000088b00000, 0x0000000088b00000, 0x0000000088c00000|  0%| F|  |TAMS 0x0000000088b00000, 0x0000000088b00000| Untracked 
| 116|0x0000000088c00000, 0x0000000088c00000, 0x0000000088d00000|  0%| F|  |TAMS 0x0000000088c00000, 0x0000000088c00000| Untracked 
| 117|0x0000000088d00000, 0x0000000088d9bc60, 0x0000000088e00000| 60%| E|  |TAMS 0x0000000088d00000, 0x0000000088d00000| Complete 
| 118|0x0000000088e00000, 0x0000000088f00000, 0x0000000088f00000|100%| E|CS|TAMS 0x0000000088e00000, 0x0000000088e00000| Complete 
| 119|0x0000000088f00000, 0x0000000089000000, 0x0000000089000000|100%| S|CS|TAMS 0x0000000088f00000, 0x0000000088f00000| Complete 
| 120|0x0000000089000000, 0x0000000089100000, 0x0000000089100000|100%| S|CS|TAMS 0x0000000089000000, 0x0000000089000000| Complete 
| 121|0x0000000089100000, 0x0000000089200000, 0x0000000089200000|100%| E|CS|TAMS 0x0000000089100000, 0x0000000089100000| Complete 
| 122|0x0000000089200000, 0x0000000089300000, 0x0000000089300000|100%| E|CS|TAMS 0x0000000089200000, 0x0000000089200000| Complete 
| 123|0x0000000089300000, 0x0000000089400000, 0x0000000089400000|100%| E|CS|TAMS 0x0000000089300000, 0x0000000089300000| Complete 
| 124|0x0000000089400000, 0x0000000089500000, 0x0000000089500000|100%| E|CS|TAMS 0x0000000089400000, 0x0000000089400000| Complete 
| 125|0x0000000089500000, 0x0000000089600000, 0x0000000089600000|100%| E|CS|TAMS 0x0000000089500000, 0x0000000089500000| Complete 
| 126|0x0000000089600000, 0x0000000089700000, 0x0000000089700000|100%| E|CS|TAMS 0x0000000089600000, 0x0000000089600000| Complete 
| 127|0x0000000089700000, 0x0000000089800000, 0x0000000089800000|100%| E|CS|TAMS 0x0000000089700000, 0x0000000089700000| Complete 

Card table byte_map: [0x0000015627f20000,0x0000015628320000] _byte_map_base: 0x0000015627b14000

Marking Bits (Prev, Next): (CMBitMap*) 0x00000156107730c8, (CMBitMap*) 0x0000015610773108
 Prev Bits: [0x0000015628720000, 0x000001562a6c0000)
 Next Bits: [0x000001562a6c0000, 0x000001562c660000)

Polling page: 0x000001560e5a0000

Metaspace:

Usage:
  Non-class:      5.26 MB capacity,     4.89 MB ( 93%) used,   357.24 KB (  7%) free+waste,    20.38 KB ( <1%) overhead. 
      Class:    829.00 KB capacity,   713.60 KB ( 86%) used,   103.59 KB ( 12%) free+waste,    11.81 KB (  1%) overhead. 
       Both:      6.07 MB capacity,     5.59 MB ( 92%) used,   460.83 KB (  7%) free+waste,    32.19 KB ( <1%) overhead. 

Virtual space:
  Non-class space:        8.00 MB reserved,       5.50 MB ( 69%) committed 
      Class space:        1.00 GB reserved,     896.00 KB ( <1%) committed 
             Both:        1.01 GB reserved,       6.38 MB ( <1%) committed 

Chunk freelists:
   Non-Class:  6.63 KB
       Class:  384 bytes
        Both:  7.00 KB

CodeHeap 'non-profiled nmethods': size=238912Kb used=1854Kb max_used=1854Kb free=237057Kb
 bounds [0x00000156191d0000, 0x0000015619440000, 0x0000015627b20000]
CodeHeap 'non-nmethods': size=6848Kb used=1134Kb max_used=1134Kb free=5713Kb
 bounds [0x0000015618b20000, 0x0000015618d90000, 0x00000156191d0000]
 total_blobs=1673 nmethods=1215 adapters=368
 compilation: enabled
              stopped_count=0, restarted_count=0
 full_count=0

Compilation events (10 events):
Event: 0.818 Thread 0x000001562eb5d800 nmethod 1086 0x000001561935bb90 code [0x000001561935bd60, 0x000001561935bf50]
Event: 0.818 Thread 0x000001562eb5d800 1087       1       sun.util.locale.BaseLocale$Key::<init> (106 bytes)
Event: 0.819 Thread 0x000001562eb5d800 nmethod 1087 0x000001561935c010 code [0x000001561935c200, 0x000001561935c700]
Event: 0.819 Thread 0x000001562eb5d800 1089       1       sun.util.locale.BaseLocale$Key::normalize (67 bytes)
Event: 0.819 Thread 0x000001562eb5d800 nmethod 1089 0x000001561935c810 code [0x000001561935c9e0, 0x000001561935cbb0]
Event: 0.819 Thread 0x000001562eb5d800 1092       1       sun.util.locale.StringTokenIterator::next (74 bytes)
Event: 0.819 Thread 0x000001562eb5d800 nmethod 1092 0x000001561935cc90 code [0x000001561935ce60, 0x000001561935d0e0]
Event: 0.819 Thread 0x000001562eb5d800 1093       1       sun.util.locale.StringTokenIterator::hasNext (20 bytes)
Event: 0.819 Thread 0x000001562eb5d800 nmethod 1093 0x000001561935d210 code [0x000001561935d3c0, 0x000001561935d538]
Event: 0.819 Thread 0x000001562eb5d800 1113       1       sun.util.locale.LocaleUtils::toUpperString (95 bytes)

GC Heap History (4 events):
Event: 0.331 GC heap before
{Heap before GC invocations=0 (full 0):
 garbage-first heap   total 131072K, used 14336K [0x0000000081800000, 0x0000000100000000)
  region size 1024K, 14 young (14336K), 0 survivors (0K)
 Metaspace       used 507K, capacity 4518K, committed 4864K, reserved 1056768K
  class space    used 46K, capacity 399K, committed 512K, reserved 1048576K
}
Event: 0.336 GC heap after
{Heap after GC invocations=1 (full 0):
 garbage-first heap   total 131072K, used 12317K [0x0000000081800000, 0x0000000100000000)
  region size 1024K, 2 young (2048K), 2 survivors (2048K)
 Metaspace       used 507K, capacity 4518K, committed 4864K, reserved 1056768K
  class space    used 46K, capacity 399K, committed 512K, reserved 1048576K
}
Event: 0.744 GC heap before
{Heap before GC invocations=1 (full 0):
 garbage-first heap   total 131072K, used 19485K [0x0000000081800000, 0x0000000100000000)
  region size 1024K, 9 young (9216K), 2 survivors (2048K)
 Metaspace       used 4094K, capacity 4963K, committed 5248K, reserved 1056768K
  class space    used 520K, capacity 599K, committed 640K, reserved 1048576K
}
Event: 0.747 GC heap after
{Heap after GC invocations=2 (full 0):
 garbage-first heap   total 131072K, used 16610K [0x0000000081800000, 0x0000000100000000)
  region size 1024K, 2 young (2048K), 2 survivors (2048K)
 Metaspace       used 4094K, capacity 4963K, committed 5248K, reserved 1056768K
  class space    used 520K, capacity 599K, committed 640K, reserved 1048576K
}

Deoptimization events (0 events):
No events

Classes redefined (0 events):
No events

Internal exceptions (10 events):
Event: 0.378 Thread 0x0000015610731800 Exception <a 'java/lang/NoSuchMethodError'{0x0000000089486fe8}: java.lang.invoke.DirectMethodHandle$Holder.invokeStaticInit(Ljava/lang/Object;Ljava/lang/Object;Ljava/lang/Object;)Ljava/lang/Object;> (0x0000000089486fe8) thrown at [t:/workspace/open/src/ho
Event: 0.381 Thread 0x0000015610731800 Exception <a 'java/lang/NoSuchMethodError'{0x00000000894a0390}: java.lang.invoke.DirectMethodHandle$Holder.invokeInterface(Ljava/lang/Object;Ljava/lang/Object;)I> (0x00000000894a0390) thrown at [t:/workspace/open/src/hotspot/share/interpreter/linkResolver
Event: 0.381 Thread 0x0000015610731800 Exception <a 'java/lang/IncompatibleClassChangeError'{0x00000000894a2e98}: Found class java.lang.Object, but interface was expected> (0x00000000894a2e98) thrown at [t:/workspace/open/src/hotspot/share/interpreter/linkResolver.cpp, line 843]
Event: 0.477 Thread 0x0000015610731800 Exception <a 'java/lang/NoSuchMethodError'{0x00000000892c38c8}: java.lang.invoke.DirectMethodHandle$Holder.invokeSpecialIFC(Ljava/lang/Object;Ljava/lang/Object;Ljava/lang/Object;)I> (0x00000000892c38c8) thrown at [t:/workspace/open/src/hotspot/share/inter
Event: 0.493 Thread 0x0000015610731800 Exception <a 'java/lang/NoSuchMethodError'{0x00000000891276d8}: java.lang.invoke.DirectMethodHandle$Holder.invokeStaticInit(Ljava/lang/Object;IIII)Ljava/lang/Object;> (0x00000000891276d8) thrown at [t:/workspace/open/src/hotspot/share/interpreter/linkReso
Event: 0.718 Thread 0x0000015610731800 Exception <a 'java/lang/NoSuchMethodError'{0x0000000089175120}: java.lang.invoke.DirectMethodHandle$Holder.invokeStaticInit(Ljava/lang/Object;Ljava/lang/Object;IIII)Ljava/lang/Object;> (0x0000000089175120) thrown at [t:/workspace/open/src/hotspot/share/in
Event: 0.725 Thread 0x0000015610731800 Exception <a 'java/lang/ClassNotFoundException'{0x0000000089190648}: javax/management/remote/rmi/RMIServerImpl_Skel> (0x0000000089190648) thrown at [t:/workspace/open/src/hotspot/share/classfile/systemDictionary.cpp, line 235]
Event: 0.756 Thread 0x0000015610731800 Exception <a 'java/lang/ClassNotFoundException'{0x0000000089739470}: jdk/internal/agent/resources/spi/agentProvider> (0x0000000089739470) thrown at [t:/workspace/open/src/hotspot/share/classfile/systemDictionary.cpp, line 235]
Event: 0.793 Thread 0x0000015610731800 Exception <a 'java/lang/ClassNotFoundException'{0x00000000895ac710}: javax/smartcardio/CardPermission> (0x00000000895ac710) thrown at [t:/workspace/open/src/hotspot/share/classfile/systemDictionary.cpp, line 235]
Event: 0.795 Thread 0x0000015610731800 Exception <a 'java/io/FileNotFoundException'{0x00000000895babe8}> (0x00000000895babe8) thrown at [t:/workspace/open/src/hotspot/share/prims/jni.cpp, line 615]

Events (10 events):
Event: 0.806 loading class ch/qos/logback/core/util/CachingDateFormatter
Event: 0.806 loading class ch/qos/logback/core/util/CachingDateFormatter done
Event: 0.810 loading class sun/util/calendar/ZoneInfoFile$Checksum
Event: 0.810 loading class java/util/zip/CRC32
Event: 0.810 loading class java/util/zip/Checksum
Event: 0.810 loading class java/util/zip/Checksum done
Event: 0.810 loading class java/util/zip/CRC32 done
Event: 0.810 loading class sun/util/calendar/ZoneInfoFile$Checksum done
Event: 0.810 loading class java/util/zip/Checksum$1
Event: 0.810 loading class java/util/zip/Checksum$1 done


Dynamic libraries:
0x00007ff6bd740000 - 0x00007ff6bd74f000 	C:\Program Files\Java\jdk-12.0.2\bin\javaw.exe
0x00007ffd04b80000 - 0x00007ffd04d6d000 	C:\WINDOWS\SYSTEM32\ntdll.dll
0x00007ffd04590000 - 0x00007ffd04643000 	C:\WINDOWS\System32\KERNEL32.DLL
0x00007ffd010a0000 - 0x00007ffd01333000 	C:\WINDOWS\System32\KERNELBASE.dll
0x00007ffd00eb0000 - 0x00007ffd00faa000 	C:\WINDOWS\System32\ucrtbase.dll
0x00007ffcd9460000 - 0x00007ffcd9478000 	C:\Program Files\Java\jdk-12.0.2\bin\jli.dll
0x00007ffd04990000 - 0x00007ffd04a33000 	C:\WINDOWS\System32\ADVAPI32.dll
0x00007ffd02480000 - 0x00007ffd0251e000 	C:\WINDOWS\System32\msvcrt.dll
0x00007ffd03f30000 - 0x00007ffd03fce000 	C:\WINDOWS\System32\sechost.dll
0x00007ffd01da0000 - 0x00007ffd01ec2000 	C:\WINDOWS\System32\RPCRT4.dll
0x00007ffd040c0000 - 0x00007ffd04257000 	C:\WINDOWS\System32\USER32.dll
0x00007ffd01cb0000 - 0x00007ffd01cd0000 	C:\WINDOWS\System32\win32u.dll
0x00007ffd046d0000 - 0x00007ffd046f9000 	C:\WINDOWS\System32\GDI32.dll
0x00007ffd01b10000 - 0x00007ffd01ca9000 	C:\WINDOWS\System32\gdi32full.dll
0x00007ffd01000000 - 0x00007ffd010a0000 	C:\WINDOWS\System32\msvcp_win.dll
0x00007ffcd8500000 - 0x00007ffcd8516000 	C:\Program Files\Java\jdk-12.0.2\bin\VCRUNTIME140.dll
0x00007ffcf2180000 - 0x00007ffcf23f9000 	C:\WINDOWS\WinSxS\amd64_microsoft.windows.common-controls_6595b64144ccf1df_6.0.17763.802_none_05b1445c0722d2cc\COMCTL32.dll
0x00007ffd04260000 - 0x00007ffd0458c000 	C:\WINDOWS\System32\combase.dll
0x00007ffd01340000 - 0x00007ffd013be000 	C:\WINDOWS\System32\bcryptPrimitives.dll
0x00007ffcfcf60000 - 0x00007ffcfcf6a000 	C:\WINDOWS\SYSTEM32\VERSION.dll
0x00007ffd02380000 - 0x00007ffd023ae000 	C:\WINDOWS\System32\IMM32.DLL
0x00007ffccf8b0000 - 0x00007ffccf95a000 	C:\Program Files\Java\jdk-12.0.2\bin\msvcp140.dll
0x00007ffcb3600000 - 0x00007ffcb4177000 	C:\Program Files\Java\jdk-12.0.2\bin\server\jvm.dll
0x00007ffd046c0000 - 0x00007ffd046c8000 	C:\WINDOWS\System32\PSAPI.DLL
0x00007ffcf2480000 - 0x00007ffcf2489000 	C:\WINDOWS\SYSTEM32\WSOCK32.dll
0x00007ffcf65d0000 - 0x00007ffcf65f4000 	C:\WINDOWS\SYSTEM32\WINMM.dll
0x00007ffd03fd0000 - 0x00007ffd0403d000 	C:\WINDOWS\System32\WS2_32.dll
0x00007ffcf4df0000 - 0x00007ffcf4e1d000 	C:\WINDOWS\SYSTEM32\WINMMBASE.dll
0x00007ffd00fb0000 - 0x00007ffd00ffa000 	C:\WINDOWS\System32\cfgmgr32.dll
0x00007ffd00c20000 - 0x00007ffd00c31000 	C:\WINDOWS\System32\kernel.appcore.dll
0x00007ffcd5f70000 - 0x00007ffcd5f81000 	C:\Program Files\Java\jdk-12.0.2\bin\verify.dll
0x00007ffcfa7d0000 - 0x00007ffcfa9bd000 	C:\WINDOWS\SYSTEM32\DBGHELP.DLL
0x00007ffcfaa40000 - 0x00007ffcfaa6a000 	C:\WINDOWS\SYSTEM32\dbgcore.DLL
0x00007ffcd1180000 - 0x00007ffcd11a6000 	C:\Program Files\Java\jdk-12.0.2\bin\java.dll
0x00007ffcd5e10000 - 0x00007ffcd5e27000 	C:\Program Files\Java\jdk-12.0.2\bin\zip.dll
0x00007ffcfa200000 - 0x00007ffcfa20a000 	C:\Program Files\Java\jdk-12.0.2\bin\jimage.dll
0x00007ffd026f0000 - 0x00007ffd03be4000 	C:\WINDOWS\System32\SHELL32.dll
0x00007ffd04aa0000 - 0x00007ffd04b48000 	C:\WINDOWS\System32\shcore.dll
0x00007ffd013c0000 - 0x00007ffd01b0d000 	C:\WINDOWS\System32\windows.storage.dll
0x00007ffd00bf0000 - 0x00007ffd00c14000 	C:\WINDOWS\System32\profapi.dll
0x00007ffd00b70000 - 0x00007ffd00bcd000 	C:\WINDOWS\System32\powrprof.dll
0x00007ffd02690000 - 0x00007ffd026e2000 	C:\WINDOWS\System32\shlwapi.dll
0x00007ffd01d80000 - 0x00007ffd01d97000 	C:\WINDOWS\System32\cryptsp.dll
0x00007ffcd5dd0000 - 0x00007ffcd5de9000 	C:\Program Files\Java\jdk-12.0.2\bin\net.dll
0x00007ffcf8f60000 - 0x00007ffcf9137000 	C:\WINDOWS\SYSTEM32\urlmon.dll
0x00007ffcfd2c0000 - 0x00007ffcfd3b2000 	C:\WINDOWS\SYSTEM32\WINHTTP.dll
0x00007ffcf3d50000 - 0x00007ffcf3ff8000 	C:\WINDOWS\SYSTEM32\iertutil.dll
0x00007ffd00510000 - 0x00007ffd0051c000 	C:\WINDOWS\SYSTEM32\CRYPTBASE.DLL
0x00007ffd00390000 - 0x00007ffd003f7000 	C:\WINDOWS\system32\mswsock.dll
0x00007ffcd0d30000 - 0x00007ffcd0d43000 	C:\Program Files\Java\jdk-12.0.2\bin\nio.dll
0x00007ffce8280000 - 0x00007ffce8289000 	C:\Program Files\Java\jdk-12.0.2\bin\management.dll
0x00007ffce51b0000 - 0x00007ffce51bc000 	C:\Program Files\Java\jdk-12.0.2\bin\management_ext.dll
0x00007ffcd57e0000 - 0x00007ffcd57f6000 	C:\WINDOWS\system32\napinsp.dll
0x00007ffcd57c0000 - 0x00007ffcd57da000 	C:\WINDOWS\system32\pnrpnsp.dll
0x00007ffcfca10000 - 0x00007ffcfca2b000 	C:\WINDOWS\system32\NLAapi.dll
0x00007ffd000c0000 - 0x00007ffd000fd000 	C:\WINDOWS\SYSTEM32\IPHLPAPI.DLL
0x00007ffd00100000 - 0x00007ffd001c6000 	C:\WINDOWS\SYSTEM32\DNSAPI.dll
0x00007ffd046b0000 - 0x00007ffd046b8000 	C:\WINDOWS\System32\NSI.dll
0x00007ffcd57b0000 - 0x00007ffcd57be000 	C:\WINDOWS\System32\winrnr.dll
0x00007ffcd5f90000 - 0x00007ffcd5fa5000 	C:\WINDOWS\system32\wshbth.dll
0x000000005b420000 - 0x000000005b446000 	C:\Program Files\Bonjour\mdnsNSP.dll
0x00007ffcfa530000 - 0x00007ffcfa53a000 	C:\Windows\System32\rasadhlp.dll
0x00007ffcfb780000 - 0x00007ffcfb7f9000 	C:\WINDOWS\System32\fwpuclnt.dll
0x00007ffd00e80000 - 0x00007ffd00ea6000 	C:\WINDOWS\System32\bcrypt.dll
0x00007ffcfff20000 - 0x00007ffcfff53000 	C:\WINDOWS\system32\rsaenh.dll
0x00007ffd00a70000 - 0x00007ffd00a98000 	C:\WINDOWS\SYSTEM32\USERENV.dll
0x00007ffcfc440000 - 0x00007ffcfc456000 	C:\WINDOWS\SYSTEM32\dhcpcsvc6.DLL
0x00007ffcfc150000 - 0x00007ffcfc16c000 	C:\WINDOWS\SYSTEM32\dhcpcsvc.DLL

dbghelp: loaded successfully - version: 4.0.5 - missing functions: none
symbol engine: initialized successfully - sym options: 0x614 - pdb path: .;C:\Program Files\Java\jdk-12.0.2\bin;C:\WINDOWS\SYSTEM32;C:\WINDOWS\WinSxS\amd64_microsoft.windows.common-controls_6595b64144ccf1df_6.0.17763.802_none_05b1445c0722d2cc;C:\Program Files\Java\jdk-12.0.2\bin\server;C:\Program Files\Bonjour

VM Arguments:
jvm_args: -Dcom.sun.management.jmxremote -Dcom.sun.management.jmxremote.port=59835 -Dcom.sun.management.jmxremote.authenticate=false -Dcom.sun.management.jmxremote.ssl=false -Djava.rmi.server.hostname=localhost -Dspring.jmx.enabled=true -Dspring.application.admin.enabled=true -Xverify:none -XX:TieredStopAtLevel=1 -Dfile.encoding=UTF-8 
java_command: com.mauriciopd.cursomc.CursomcApplication --spring.output.ansi.enabled=always
java_class_path (initial): C:\Users\mauri\Documents\ws-ferramentas\spring-boot-ionic-backend\target\classes;C:\Users\mauri\.m2\repository\org\springframework\boot\spring-boot-starter-web\2.1.9.RELEASE\spring-boot-starter-web-2.1.9.RELEASE.jar;C:\Users\mauri\.m2\repository\org\springframework\boot\spring-boot-starter\2.1.9.RELEASE\spring-boot-starter-2.1.9.RELEASE.jar;C:\Users\mauri\.m2\repository\org\springframework\boot\spring-boot-starter-logging\2.1.9.RELEASE\spring-boot-starter-logging-2.1.9.RELEASE.jar;C:\Users\mauri\.m2\repository\ch\qos\logback\logback-classic\1.2.3\logback-classic-1.2.3.jar;C:\Users\mauri\.m2\repository\ch\qos\logback\logback-core\1.2.3\logback-core-1.2.3.jar;C:\Users\mauri\.m2\repository\org\apache\logging\log4j\log4j-to-slf4j\2.11.2\log4j-to-slf4j-2.11.2.jar;C:\Users\mauri\.m2\repository\org\apache\logging\log4j\log4j-api\2.11.2\log4j-api-2.11.2.jar;C:\Users\mauri\.m2\repository\org\slf4j\jul-to-slf4j\1.7.28\jul-to-slf4j-1.7.28.jar;C:\Users\mauri\.m2\repository\javax\annotation\javax.annotation-api\1.3.2\javax.annotation-api-1.3.2.jar;C:\Users\mauri\.m2\repository\org\yaml\snakeyaml\1.23\snakeyaml-1.23.jar;C:\Users\mauri\.m2\repository\org\springframework\boot\spring-boot-starter-json\2.1.9.RELEASE\spring-boot-starter-json-2.1.9.RELEASE.jar;C:\Users\mauri\.m2\repository\com\fasterxml\jackson\datatype\jackson-datatype-jdk8\2.9.9\jackson-datatype-jdk8-2.9.9.jar;C:\Users\mauri\.m2\repository\com\fasterxml\jackson\datatype\jackson-datatype-jsr310\2.9.9\jackson-datatype-jsr310-2.9.9.jar;C:\Users\mauri\.m2\repository\com\fasterxml\jackson\module\jackson-module-parameter-names\2.9.9\jackson-module-parameter-names-2.9.9.jar;C:\Users\mauri\.m2\repository\org\springframework\boot\spring-boot-starter-tomcat\2.1.9.RELEASE\spring-boot-starter-tomcat-2.1.9.RELEASE.jar;C:\Users\mauri\.m2\repository\org\apache\tomcat\embed\tomcat-embed-core\9.0.26\tomcat-embed-core-9.0.26.jar;C:\Users\mauri\.m2\repository\org\apache\tomcat\embed\tomcat-embed-el\9.0.26\t
Launcher Type: SUN_STANDARD

[Global flags]
     bool BytecodeVerificationLocal                = false                                     {product} {command line}
     bool BytecodeVerificationRemote               = false                                     {product} {command line}
     intx CICompilerCount                          = 3                                         {product} {ergonomic}
     uint ConcGCThreads                            = 1                                         {product} {ergonomic}
     uint G1ConcRefinementThreads                  = 4                                         {product} {ergonomic}
   size_t G1HeapRegionSize                         = 1048576                                   {product} {ergonomic}
    uintx GCDrainStackTargetSize                   = 64                                        {product} {ergonomic}
   size_t InitialHeapSize                          = 134217728                                 {product} {ergonomic}
     bool ManagementServer                         = true                                      {product} {command line}
   size_t MarkStackSize                            = 4194304                                   {product} {ergonomic}
   size_t MaxHeapSize                              = 2122317824                                {product} {ergonomic}
   size_t MaxNewSize                               = 1272971264                                {product} {ergonomic}
   size_t MinHeapDeltaBytes                        = 1048576                                   {product} {ergonomic}
    uintx NonNMethodCodeHeapSize                   = 6973028                                {pd product} {ergonomic}
    uintx NonProfiledCodeHeapSize                  = 244685212                              {pd product} {ergonomic}
    uintx ProfiledCodeHeapSize                     = 0                                      {pd product} {ergonomic}
    uintx ReservedCodeCacheSize                    = 251658240                              {pd product} {ergonomic}
     bool SegmentedCodeCache                       = true                                      {product} {ergonomic}
     intx TieredStopAtLevel                        = 1                                         {product} {command line}
     bool UseCompressedClassPointers               = true                                 {lp64_product} {ergonomic}
     bool UseCompressedOops                        = true                                 {lp64_product} {ergonomic}
     bool UseG1GC                                  = true                                      {product} {ergonomic}
     bool UseLargePagesIndividualAllocation        = false                                  {pd product} {ergonomic}

Logging:
Log output configuration:
 #0: stdout all=warning uptime,level,tags
 #1: stderr all=off uptime,level,tags

Environment Variables:
JAVA_HOME=C:\Program Files\Java\jdk1.8.0_221
PATH=C:/Program Files/Java/jre1.8.0_221/bin/server;C:/Program Files/Java/jre1.8.0_221/bin;C:/Program Files/Java/jre1.8.0_221/lib/amd64;C:\Program Files (x86)\Common Files\Oracle\Java\javapath;C:\xampp\mysql\bin;C:\Python27\;C:\Python27\Scripts;C:\WINDOWS\system32;C:\WINDOWS;C:\WINDOWS\System32\Wbem;C:\WINDOWS\System32\WindowsPowerShell\v1.0\;C:\WINDOWS\System32\OpenSSH\;C:\Program Files\NVIDIA Corporation\NVIDIA NvDLISR;C:\Program Files (x86)\NVIDIA Corporation\PhysX\Common;C:\Users\mauri\Documents\Dev\apache-maven-3.6.0\bin;C:\ProgramData\chocolatey\bin;C:\Program Files\Git\cmd;C:\Program Files\nodejs\;C:\Program Files\Java\jdk1.8.0_221\bin;C:\Users\mauri\AppData\Local\Programs\Microsoft VS Code\bin;C:\Users\mauri\AppData\Local\atom\bin;C:\apache-tomcat-9.0.20\bin;C:\apache-maven-3.6.2\bin;C:\Program Files\Java\jdk1.8.0_221\bin;C:\Users\mauri\AppData\Roaming\npm;C:\Program Files\heroku\bin;C:\Android\sdk\tools;C:\Android\sdk\tools\bin;C:\Android\sdk\platform-tools;C:\Android\sdk\build-tools\28.0.3;C:\Gradle\gradle-5.6.2\bin;C:\Program Files\MongoDB\Server\4.2\bin;;C:\sts-4.3.2.RELEASE;
USERNAME=mauri
OS=Windows_NT
PROCESSOR_IDENTIFIER=Intel64 Family 6 Model 60 Stepping 3, GenuineIntel



---------------  S Y S T E M  ---------------

OS: Windows 10 , 64 bit Build 17763 (10.0.17763.475)

CPU:total 4 (initial active 4) (4 cores per cpu, 1 threads per core) family 6 model 60 stepping 3, cmov, cx8, fxsr, mmx, sse, sse2, sse3, ssse3, sse4.1, sse4.2, popcnt, avx, avx2, aes, clmul, erms, lzcnt, tsc, tscinvbit, bmi1, bmi2, fma

Memory: 4k page, system-wide physical 8092M (1858M free)
TotalPageFile size 19356M (AvailPageFile size 9328M)
current process WorkingSet (physical memory assigned to process): 79M, peak: 79M
current process commit charge ("private bytes"): 215M, peak: 215M

vm_info: Java HotSpot(TM) 64-Bit Server VM (12.0.2+10) for windows-amd64 JRE (12.0.2+10), built on Jul 16 2019 01:56:17 by "mach5one" with MS VC++ 15.5 (VS2017)

END.
