#
# A fatal error has been detected by the Java Runtime Environment:
#
#  EXCEPTION_ACCESS_VIOLATION (0xc0000005) at pc=0x00007ffe079dd556, pid=3552, tid=3712
#
# JRE version: Java(TM) SE Runtime Environment (12.0.2+10) (build 12.0.2+10)
# Java VM: Java HotSpot(TM) 64-Bit Server VM (12.0.2+10, mixed mode, sharing, tiered, compressed oops, g1 gc, windows-amd64)
# Problematic frame:
# V  [jvm.dll+0x6cd556]
#
# No core dump will be written. Minidumps are not enabled by default on client versions of Windows
#
# If you would like to submit a bug report, please visit:
#   http://bugreport.java.com/bugreport/crash.jsp
#

---------------  S U M M A R Y ------------

Command Line: -Dcom.sun.management.jmxremote -Dcom.sun.management.jmxremote.port=49214 -Dcom.sun.management.jmxremote.authenticate=false -Dcom.sun.management.jmxremote.ssl=false -Djava.rmi.server.hostname=localhost -Dspring.jmx.enabled=true -Dspring.application.admin.enabled=true -Xverify:none -XX:TieredStopAtLevel=1 -Dfile.encoding=UTF-8 com.mauriciopd.cursomc.CursomcApplication --spring.output.ansi.enabled=always

Host: Intel(R) Core(TM) i5-4460  CPU @ 3.20GHz, 4 cores, 7G,  Windows 10 , 64 bit Build 17763 (10.0.17763.475)
Time: Mon Oct  7 11:49:30 2019 Hora oficial do Brasil elapsed time: 0 seconds (0d 0h 0m 0s)

---------------  T H R E A D  ---------------

Current thread (0x000001b8d4495000):  WatcherThread [stack: 0x000000313d100000,0x000000313d200000] [id=3712]

Stack: [0x000000313d100000,0x000000313d200000],  sp=0x000000313d1ffa10,  free space=1022k
Native frames: (J=compiled Java code, j=interpreted, Vv=VM code, C=native code)
V  [jvm.dll+0x6cd556]
V  [jvm.dll+0x71ccdd]
V  [jvm.dll+0x751449]
V  [jvm.dll+0x74a2c8]
V  [jvm.dll+0x639b16]
C  [ucrtbase.dll+0x21ffa]
C  [KERNEL32.DLL+0x17974]
C  [ntdll.dll+0x6a271]


siginfo: EXCEPTION_ACCESS_VIOLATION (0xc0000005), reading address 0x0000000c0000000b


Register to memory mapping:

RIP=0x00007ffe079dd556 jvm.dll
RAX=0x0000000c0000000b is an unknown value
RBX=0x0 is NULL
RCX=0x000001b8d44706a0 points into unknown readable memory: 78 f2 bf 07 fe 7f 00 00
RDX=0x0000000000000032 is an unknown value
RSP=0x000000313d1ffa10 points into unknown readable memory: 00 50 49 d4 b8 01 00 00
RBP=0x0000000000000002 is an unknown value
RSI=0x000001b8d43d2120 points into unknown readable memory: 0b 00 00 00 0c 00 00 00
RDI=0x0000000000000001 is an unknown value
R8 =0x0 is NULL
R9 =0x000001b8bcca0b80 is at begin+0 in a stub
StubRoutines::atomic_cmpxchg_long [0x000001b8bcca0b80, 0x000001b8bcca0b89[ (9 bytes)
R10=0x0000000000000001 is an unknown value
R11=0x000000aadc59ec50 is an unknown value
R12=0x0 is NULL
R13=0x000001b8d4495000 points into unknown readable memory: 90 3a c0 07 fe 7f 00 00
R14=0x0000000000000032 is an unknown value
R15=0x000001b8d4490aa0 points into unknown readable memory: 00 00 00 00 00 00 00 00


Registers:
RAX=0x0000000c0000000b, RBX=0x0000000000000000, RCX=0x000001b8d44706a0, RDX=0x0000000000000032
RSP=0x000000313d1ffa10, RBP=0x0000000000000002, RSI=0x000001b8d43d2120, RDI=0x0000000000000001
R8 =0x0000000000000000, R9 =0x000001b8bcca0b80, R10=0x0000000000000001, R11=0x000000aadc59ec50
R12=0x0000000000000000, R13=0x000001b8d4495000, R14=0x0000000000000032, R15=0x000001b8d4490aa0
RIP=0x00007ffe079dd556, EFLAGS=0x0000000000010246

Top of Stack: (sp=0x000000313d1ffa10)
0x000000313d1ffa10:   000001b8d4495000 000001b8d4495000
0x000000313d1ffa20:   000085c87c30783c 00007ffe0791ed19
0x000000313d1ffa30:   00007ffe07dd1b28 00007ffe07a2ccdd
0x000000313d1ffa40:   000001b8b48af0d0 000001b8b48af0d0
0x000000313d1ffa50:   000001b8b48af0d0 431bde82d7b634db
0x000000313d1ffa60:   000001b8d4490aa0 000085c87c30783c
0x000000313d1ffa70:   000001b8b48af0d0 00007ffe07a61449
0x000000313d1ffa80:   0000000000000001 0000000000000032
0x000000313d1ffa90:   0000000000000032 0000000000000002
0x000000313d1ffaa0:   0000000000000000 0000000000000000
0x000000313d1ffab0:   0000000000000000 00007ffe076e05fe
0x000000313d1ffac0:   0000000000000000 0000000000000000
0x000000313d1ffad0:   0000000000000000 0000000000000000
0x000000313d1ffae0:   000001b8d4495000 0000000000000000
0x000000313d1ffaf0:   0000000000100000 000000313d1ffd40
0x000000313d1ffb00:   000000313d100000 00007ffe07a5a2c8 

Instructions: (pc=0x00007ffe079dd556)
0x00007ffe079dd456:   cc cc cc cc cc cc cc cc cc cc 48 83 ec 28 80 3d
0x00007ffe079dd466:   e7 68 34 00 00 74 6c 48 83 3d 53 24 3e 00 00 75
0x00007ffe079dd476:   62 48 89 5c 24 20 e8 2f fb ff ff e8 8a 81 f9 ff
0x00007ffe079dd486:   45 33 c0 48 89 05 40 24 3e 00 41 8d 50 07 8d 4a
0x00007ffe079dd496:   09 e8 64 f5 9e ff 48 8b d8 48 85 c0 74 1b 48 63
0x00007ffe079dd4a6:   15 15 6a 34 00 48 8b c8 e8 7d f5 04 00 48 8d 05
0x00007ffe079dd4b6:   be 1d 22 00 48 89 03 eb 02 33 db 48 8b cb 48 89
0x00007ffe079dd4c6:   1d fd 23 3e 00 48 8b 5c 24 20 48 83 c4 28 e9 d7
0x00007ffe079dd4d6:   f6 04 00 48 83 c4 28 c3 cc cc 48 89 5c 24 10 56
0x00007ffe079dd4e6:   48 83 ec 20 48 8b 01 33 db 48 8b f1 39 18 7e 2a
0x00007ffe079dd4f6:   48 89 7c 24 30 8b fb 0f 1f 00 48 8b 40 18 48 8b
0x00007ffe079dd506:   0c 07 48 8b 01 ff 50 08 48 8b 06 48 8d 7f 08 ff
0x00007ffe079dd516:   c3 3b 18 7c e5 48 8b 7c 24 30 48 8b 5c 24 38 48
0x00007ffe079dd526:   83 c4 20 5e c3 cc cc cc cc cc e9 bb 74 f6 ff cc
0x00007ffe079dd536:   cc cc cc cc cc cc cc cc cc cc 48 89 5c 24 10 56
0x00007ffe079dd546:   48 83 ec 20 48 8b 35 7f 23 3e 00 33 db 48 8b 06
0x00007ffe079dd556:   39 18 7e 27 48 89 7c 24 30 8b fb 48 8b 40 18 48
0x00007ffe079dd566:   8b 0c 07 48 8b 01 ff 50 08 48 8b 06 48 8d 7f 08
0x00007ffe079dd576:   ff c3 3b 18 7c e5 48 8b 7c 24 30 48 8b 5c 24 38
0x00007ffe079dd586:   48 83 c4 20 5e c3 cc cc cc cc 48 89 11 48 8b c1
0x00007ffe079dd596:   4c 89 41 08 c3 cc cc cc cc cc 40 53 48 81 ec b0
0x00007ffe079dd5a6:   00 00 00 48 8b d9 48 8d 4c 24 20 e8 0a 02 00 00
0x00007ffe079dd5b6:   48 8d 54 24 20 48 8b cb e8 dd 0d 00 00 48 81 c4
0x00007ffe079dd5c6:   b0 00 00 00 5b c3 cc cc cc cc 48 83 ec 28 e8 47
0x00007ffe079dd5d6:   5b ad ff 48 83 c4 28 e9 fe 0f 00 00 cc cc cc cc
0x00007ffe079dd5e6:   cc cc cc cc cc cc cc cc cc cc 40 53 48 83 ec 20
0x00007ffe079dd5f6:   0f b6 d9 e8 b2 00 00 00 0f b6 cb 48 83 c4 20 5b
0x00007ffe079dd606:   e9 f5 10 00 00 cc cc cc cc cc 40 53 48 83 ec 20
0x00007ffe079dd616:   48 8b d9 e8 22 1f 00 00 48 8b d3 48 8b c8 4c 8b
0x00007ffe079dd626:   00 41 ff 90 a0 00 00 00 48 8b cb 48 83 c4 20 5b
0x00007ffe079dd636:   e9 75 e5 f6 ff cc cc cc cc cc 48 83 ec 28 e8 f7
0x00007ffe079dd646:   1e 00 00 48 8b c8 48 8b 10 48 83 c4 28 48 ff a2 


Stack slot to memory mapping:
stack at sp + 0 slots: 0x000001b8d4495000 points into unknown readable memory: 90 3a c0 07 fe 7f 00 00
stack at sp + 1 slots: 0x000001b8d4495000 points into unknown readable memory: 90 3a c0 07 fe 7f 00 00
stack at sp + 2 slots: 